        {
            "@xmlns": "http://schemas.microsoft.com/win/2004/08/events/event", 
            "System": {
                "Provider": {
                    "@Name": "Microsoft-Windows-Sysmon", 
                    "@Guid": "{5770385F-C22A-43E0-BF4C-06F5698FFBD9}"
                }, 
                "EventID": "3", 
                "Version": "5", 
                "Level": "4", 
                "Task": "3", 
                "Opcode": "0", 
                "Keywords": "0x8000000000000000", 
                "TimeCreated": {
                    "@SystemTime": "2022-02-13T14:25:46.125000000Z"
                }, 
                "EventRecordID": "9233", 
                "Correlation": null, 
                "Execution": {
                    "@ProcessID": "1244", 
                    "@ThreadID": "1876"
                }, 
                "Channel": "Microsoft-Windows-Sysmon/Operational", 
                "Computer": "SiaaSYwJttfyyWN", 
                "Security": {
                    "@UserID": "S-1-5-18"
                }
            }, 
            "EventData": {
                "Data": [
                    {
                        "@Name": "RuleName"
                    }, 
                    {
                        "@Name": "UtcTime", 
                        "#text": "2020-06-16 02:42:20.806"
                    }, 
                    {
                        "@Name": "ProcessGuid", 
                        "#text": "{7EA2F8B5-2E38-5EE8-0000-0010EAE50000}"
                    }, 
                    {
                        "@Name": "ProcessId", 
                        "#text": "364"
                    }, 
                    {
                        "@Name": "Image", 
                        "#text": "C:\\Windows\\System32\\svchost.exe"
                    }, 
                    {
                        "@Name": "User", 
                        "#text": "NT AUTHORITY\\NETWORK SERVICE"
                    }, 
                    {
                        "@Name": "Protocol", 
                        "#text": "udp"
                    }, 
                    {
                        "@Name": "Initiated", 
                        "#text": "false"
                    }, 
                    {
                        "@Name": "SourceIsIpv6", 
                        "#text": "false"
                    }, 
                    {
                        "@Name": "SourceIp", 
                        "#text": "224.0.0.252"
                    }, 
                    {
                        "@Name": "SourceHostname"
                    }, 
                    {
                        "@Name": "SourcePort", 
                        "#text": "5355"
                    }, 
                    {
                        "@Name": "SourcePortName", 
                        "#text": "llmnr"
                    }, 
                    {
                        "@Name": "DestinationIsIpv6", 
                        "#text": "false"
                    }, 
                    {
                        "@Name": "DestinationIp", 
                        "#text": "192.168.168.214"
                    }, 
                    {
                        "@Name": "DestinationHostname", 
                        "#text": "LeMOpmcD"
                    }, 
                    {
                        "@Name": "DestinationPort", 
                        "#text": "61186"
                    }, 
                    {
                        "@Name": "DestinationPortName"
                    }
                ]
            }
        }, 
        {
            "@xmlns": "http://schemas.microsoft.com/win/2004/08/events/event", 
            "System": {
                "Provider": {
                    "@Name": "Microsoft-Windows-Sysmon", 
                    "@Guid": "{5770385F-C22A-43E0-BF4C-06F5698FFBD9}"
                }, 
                "EventID": "3", 
                "Version": "5", 
                "Level": "4", 
                "Task": "3", 
                "Opcode": "0", 
                "Keywords": "0x8000000000000000", 
                "TimeCreated": {
                    "@SystemTime": "2022-02-13T14:25:46.125000000Z"
                }, 
                "EventRecordID": "9232", 
                "Correlation": null, 
                "Execution": {
                    "@ProcessID": "1244", 
                    "@ThreadID": "1876"
                }, 
                "Channel": "Microsoft-Windows-Sysmon/Operational", 
                "Computer": "SiaaSYwJttfyyWN", 
                "Security": {
                    "@UserID": "S-1-5-18"
                }
            }, 
            "EventData": {
                "Data": [
                    {
                        "@Name": "RuleName"
                    }, 
                    {
                        "@Name": "UtcTime", 
                        "#text": "2020-06-16 02:42:20.806"
                    }, 
                    {
                        "@Name": "ProcessGuid", 
                        "#text": "{7EA2F8B5-2E38-5EE8-0000-0010EAE50000}"
                    }, 
                    {
                        "@Name": "ProcessId", 
                        "#text": "364"
                    }, 
                    {
                        "@Name": "Image", 
                        "#text": "C:\\Windows\\System32\\svchost.exe"
                    }, 
                    {
                        "@Name": "User", 
                        "#text": "NT AUTHORITY\\NETWORK SERVICE"
                    }, 
                    {
                        "@Name": "Protocol", 
                        "#text": "udp"
                    }, 
                    {
                        "@Name": "Initiated", 
                        "#text": "false"
                    }, 
                    {
                        "@Name": "SourceIsIpv6", 
                        "#text": "true"
                    }, 
                    {
                        "@Name": "SourceIp", 
                        "#text": "fe80:0:0:0:4d79:dfb2:f0b3:c1f7"
                    }, 
                    {
                        "@Name": "SourceHostname", 
                        "#text": "LeMOpmcD"
                    }, 
                    {
                        "@Name": "SourcePort", 
                        "#text": "64678"
                    }, 
                    {
                        "@Name": "SourcePortName"
                    }, 
                    {
                        "@Name": "DestinationIsIpv6", 
                        "#text": "true"
                    }, 
                    {
                        "@Name": "DestinationIp", 
                        "#text": "fe80:0:0:0:31f2:75ed:9c8a:d299"
                    }, 
                    {
                        "@Name": "DestinationHostname", 
                        "#text": "SiaaSYwJttfyyWN"
                    }, 
                    {
                        "@Name": "DestinationPort", 
                        "#text": "5355"
                    }, 
                    {
                        "@Name": "DestinationPortName", 
                        "#text": "llmnr"
                    }
                ]
            }
        }, 
        {
            "@xmlns": "http://schemas.microsoft.com/win/2004/08/events/event", 
            "System": {
                "Provider": {
                    "@Name": "Microsoft-Windows-Sysmon", 
                    "@Guid": "{5770385F-C22A-43E0-BF4C-06F5698FFBD9}"
                }, 
                "EventID": "3", 
                "Version": "5", 
                "Level": "4", 
                "Task": "3", 
                "Opcode": "0", 
                "Keywords": "0x8000000000000000", 
                "TimeCreated": {
                    "@SystemTime": "2022-02-13T14:25:46.125000000Z"
                }, 
                "EventRecordID": "9231", 
                "Correlation": null, 
                "Execution": {
                    "@ProcessID": "1244", 
                    "@ThreadID": "1876"
                }, 
                "Channel": "Microsoft-Windows-Sysmon/Operational", 
                "Computer": "SiaaSYwJttfyyWN", 
                "Security": {
                    "@UserID": "S-1-5-18"
                }
            }, 
            "EventData": {
                "Data": [
                    {
                        "@Name": "RuleName"
                    }, 
                    {
                        "@Name": "UtcTime", 
                        "#text": "2020-06-16 02:42:20.805"
                    }, 
                    {
                        "@Name": "ProcessGuid", 
                        "#text": "{7EA2F8B5-2E38-5EE8-0000-0010EAE50000}"
                    }, 
                    {
                        "@Name": "ProcessId", 
                        "#text": "364"
                    }, 
                    {
                        "@Name": "Image", 
                        "#text": "C:\\Windows\\System32\\svchost.exe"
                    }, 
                    {
                        "@Name": "User", 
                        "#text": "NT AUTHORITY\\NETWORK SERVICE"
                    }, 
                    {
                        "@Name": "Protocol", 
                        "#text": "udp"
                    }, 
                    {
                        "@Name": "Initiated", 
                        "#text": "false"
                    }, 
                    {
                        "@Name": "SourceIsIpv6", 
                        "#text": "true"
                    }, 
                    {
                        "@Name": "SourceIp", 
                        "#text": "ff02:0:0:0:0:0:1:3"
                    }, 
                    {
                        "@Name": "SourceHostname"
                    }, 
                    {
                        "@Name": "SourcePort", 
                        "#text": "5355"
                    }, 
                    {
                        "@Name": "SourcePortName", 
                        "#text": "llmnr"
                    }, 
                    {
                        "@Name": "DestinationIsIpv6", 
                        "#text": "true"
                    }, 
                    {
                        "@Name": "DestinationIp", 
                        "#text": "fe80:0:0:0:4d79:dfb2:f0b3:c1f7"
                    }, 
                    {
                        "@Name": "DestinationHostname", 
                        "#text": "LeMOpmcD"
                    }, 
                    {
                        "@Name": "DestinationPort", 
                        "#text": "64678"
                    }, 
                    {
                        "@Name": "DestinationPortName"
                    }
                ]
            }
        }, 
        {
            "@xmlns": "http://schemas.microsoft.com/win/2004/08/events/event", 
            "System": {
                "Provider": {
                    "@Name": "Microsoft-Windows-Sysmon", 
                    "@Guid": "{5770385F-C22A-43E0-BF4C-06F5698FFBD9}"
                }, 
                "EventID": "3", 
                "Version": "5", 
                "Level": "4", 
                "Task": "3", 
                "Opcode": "0", 
                "Keywords": "0x8000000000000000", 
                "TimeCreated": {
                    "@SystemTime": "2020-06-16T02:42:20.582031200Z"
                }, 
                "EventRecordID": "9230", 
                "Correlation": null, 
                "Execution": {
                    "@ProcessID": "1244", 
                    "@ThreadID": "1876"
                }, 
                "Channel": "Microsoft-Windows-Sysmon/Operational", 
                "Computer": "SiaaSYwJttfyyWN", 
                "Security": {
                    "@UserID": "S-1-5-18"
                }
            }, 
            "EventData": {
                "Data": [
                    {
                        "@Name": "RuleName"
                    }, 
                    {
                        "@Name": "UtcTime", 
                        "#text": "2020-06-16 02:42:20.773"
                    }, 
                    {
                        "@Name": "ProcessGuid", 
                        "#text": "{7EA2F8B5-2E35-5EE8-0000-0010EB030000}"
                    }, 
                    {
                        "@Name": "ProcessId", 
                        "#text": "4"
                    }, 
                    {
                        "@Name": "Image", 
                        "#text": "System"
                    }, 
                    {
                        "@Name": "User", 
                        "#text": "NT AUTHORITY\\SYSTEM"
                    }, 
                    {
                        "@Name": "Protocol", 
                        "#text": "udp"
                    }, 
                    {
                        "@Name": "Initiated", 
                        "#text": "false"
                    }, 
                    {
                        "@Name": "SourceIsIpv6", 
                        "#text": "false"
                    }, 
                    {
                        "@Name": "SourceIp", 
                        "#text": "192.168.168.255"
                    }, 
                    {
                        "@Name": "SourceHostname"
                    }, 
                    {
                        "@Name": "SourcePort", 
                        "#text": "137"
                    }, 
                    {
                        "@Name": "SourcePortName", 
                        "#text": "netbios-ns"
                    }, 
                    {
                        "@Name": "DestinationIsIpv6", 
                        "#text": "false"
                    }, 
                    {
                        "@Name": "DestinationIp", 
                        "#text": "192.168.168.205"
                    }, 
                    {
                        "@Name": "DestinationHostname", 
                        "#text": "tABbnLZuwGPsErx"
                    }, 
                    {
                        "@Name": "DestinationPort", 
                        "#text": "137"
                    }, 
                    {
                        "@Name": "DestinationPortName", 
                        "#text": "netbios-ns"
                    }
                ]
            }
        }, 
        {
            "@xmlns": "http://schemas.microsoft.com/win/2004/08/events/event", 
            "System": {
                "Provider": {
                    "@Name": "Microsoft-Windows-Sysmon", 
                    "@Guid": "{5770385F-C22A-43E0-BF4C-06F5698FFBD9}"
                }, 
                "EventID": "3", 
                "Version": "5", 
                "Level": "4", 
                "Task": "3", 
                "Opcode": "0", 
                "Keywords": "0x8000000000000000", 
                "TimeCreated": {
                    "@SystemTime": "2020-06-16T02:42:20.582031200Z"
                }, 
                "EventRecordID": "9229", 
                "Correlation": null, 
                "Execution": {
                    "@ProcessID": "1244", 
                    "@ThreadID": "1876"
                }, 
                "Channel": "Microsoft-Windows-Sysmon/Operational", 
                "Computer": "SiaaSYwJttfyyWN", 
                "Security": {
                    "@UserID": "S-1-5-18"
                }
            }, 
            "EventData": {
                "Data": [
                    {
                        "@Name": "RuleName"
                    }, 
                    {
                        "@Name": "UtcTime", 
                        "#text": "2020-06-16 02:42:20.710"
                    }, 
                    {
                        "@Name": "ProcessGuid", 
                        "#text": "{7EA2F8B5-2E3A-5EE8-0000-0010F1660200}"
                    }, 
                    {
                        "@Name": "ProcessId", 
                        "#text": "1436"
                    }, 
                    {
                        "@Name": "Image", 
                        "#text": "C:\\Python27\\pythonw.exe"
                    }, 
                    {
                        "@Name": "User", 
                        "#text": "SIAASYWJTTFYYWN\\Administrator"
                    }, 
                    {
                        "@Name": "Protocol", 
                        "#text": "tcp"
                    }, 
                    {
                        "@Name": "Initiated", 
                        "#text": "false"
                    }, 
                    {
                        "@Name": "SourceIsIpv6", 
                        "#text": "false"
                    }, 
                    {
                        "@Name": "SourceIp", 
                        "#text": "192.168.168.219"
                    }, 
                    {
                        "@Name": "SourceHostname", 
                        "#text": "SiaaSYwJttfyyWN"
                    }, 
                    {
                        "@Name": "SourcePort", 
                        "#text": "8000"
                    }, 
                    {
                        "@Name": "SourcePortName"
                    }, 
                    {
                        "@Name": "DestinationIsIpv6", 
                        "#text": "false"
                    }, 
                    {
                        "@Name": "DestinationIp", 
                        "#text": "192.168.168.1"
                    }, 
                    {
                        "@Name": "DestinationHostname"
                    }, 
                    {
                        "@Name": "DestinationPort", 
                        "#text": "59470"
                    }, 
                    {
                        "@Name": "DestinationPortName"
                    }
                ]
            }
        }, 
        {
            "@xmlns": "http://schemas.microsoft.com/win/2004/08/events/event", 
            "System": {
                "Provider": {
                    "@Name": "Microsoft-Windows-Sysmon", 
                    "@Guid": "{5770385F-C22A-43E0-BF4C-06F5698FFBD9}"
                }, 
                "EventID": "3", 
                "Version": "5", 
                "Level": "4", 
                "Task": "3", 
                "Opcode": "0", 
                "Keywords": "0x8000000000000000", 
                "TimeCreated": {
                    "@SystemTime": "2020-06-16T02:42:20.582031200Z"
                }, 
                "EventRecordID": "9228", 
                "Correlation": null, 
                "Execution": {
                    "@ProcessID": "1244", 
                    "@ThreadID": "1876"
                }, 
                "Channel": "Microsoft-Windows-Sysmon/Operational", 
                "Computer": "SiaaSYwJttfyyWN", 
                "Security": {
                    "@UserID": "S-1-5-18"
                }
            }, 
            "EventData": {
                "Data": [
                    {
                        "@Name": "RuleName"
                    }, 
                    {
                        "@Name": "UtcTime", 
                        "#text": "2020-06-16 02:42:20.687"
                    }, 
                    {
                        "@Name": "ProcessGuid", 
                        "#text": "{7EA2F8B5-2E3A-5EE8-0000-0010F1660200}"
                    }, 
                    {
                        "@Name": "ProcessId", 
                        "#text": "1436"
                    }, 
                    {
                        "@Name": "Image", 
                        "#text": "C:\\Python27\\pythonw.exe"
                    }, 
                    {
                        "@Name": "User", 
                        "#text": "SIAASYWJTTFYYWN\\Administrator"
                    }, 
                    {
                        "@Name": "Protocol", 
                        "#text": "tcp"
                    }, 
                    {
                        "@Name": "Initiated", 
                        "#text": "false"
                    }, 
                    {
                        "@Name": "SourceIsIpv6", 
                        "#text": "false"
                    }, 
                    {
                        "@Name": "SourceIp", 
                        "#text": "192.168.168.219"
                    }, 
                    {
                        "@Name": "SourceHostname", 
                        "#text": "SiaaSYwJttfyyWN"
                    }, 
                    {
                        "@Name": "SourcePort", 
                        "#text": "8000"
                    }, 
                    {
                        "@Name": "SourcePortName"
                    }, 
                    {
                        "@Name": "DestinationIsIpv6", 
                        "#text": "false"
                    }, 
                    {
                        "@Name": "DestinationIp", 
                        "#text": "192.168.168.1"
                    }, 
                    {
                        "@Name": "DestinationHostname"
                    }, 
                    {
                        "@Name": "DestinationPort", 
                        "#text": "59468"
                    }, 
                    {
                        "@Name": "DestinationPortName"
                    }
                ]
            }
        }, 
        {
            "@xmlns": "http://schemas.microsoft.com/win/2004/08/events/event", 
            "System": {
                "Provider": {
                    "@Name": "Microsoft-Windows-Sysmon", 
                    "@Guid": "{5770385F-C22A-43E0-BF4C-06F5698FFBD9}"
                }, 
                "EventID": "3", 
                "Version": "5", 
                "Level": "4", 
                "Task": "3", 
                "Opcode": "0", 
                "Keywords": "0x8000000000000000", 
                "TimeCreated": {
                    "@SystemTime": "2020-06-16T02:42:20.582031200Z"
                }, 
                "EventRecordID": "9227", 
                "Correlation": null, 
                "Execution": {
                    "@ProcessID": "1244", 
                    "@ThreadID": "1876"
                }, 
                "Channel": "Microsoft-Windows-Sysmon/Operational", 
                "Computer": "SiaaSYwJttfyyWN", 
                "Security": {
                    "@UserID": "S-1-5-18"
                }
            }, 
            "EventData": {
                "Data": [
                    {
                        "@Name": "RuleName"
                    }, 
                    {
                        "@Name": "UtcTime", 
                        "#text": "2020-06-16 02:42:20.621"
                    }, 
                    {
                        "@Name": "ProcessGuid", 
                        "#text": "{7EA2F8B5-2E3A-5EE8-0000-0010F1660200}"
                    }, 
                    {
                        "@Name": "ProcessId", 
                        "#text": "1436"
                    }, 
                    {
                        "@Name": "Image", 
                        "#text": "C:\\Python27\\pythonw.exe"
                    }, 
                    {
                        "@Name": "User", 
                        "#text": "SIAASYWJTTFYYWN\\Administrator"
                    }, 
                    {
                        "@Name": "Protocol", 
                        "#text": "tcp"
                    }, 
                    {
                        "@Name": "Initiated", 
                        "#text": "false"
                    }, 
                    {
                        "@Name": "SourceIsIpv6", 
                        "#text": "false"
                    }, 
                    {
                        "@Name": "SourceIp", 
                        "#text": "192.168.168.219"
                    }, 
                    {
                        "@Name": "SourceHostname", 
                        "#text": "SiaaSYwJttfyyWN"
                    }, 
                    {
                        "@Name": "SourcePort", 
                        "#text": "8000"
                    }, 
                    {
                        "@Name": "SourcePortName"
                    }, 
                    {
                        "@Name": "DestinationIsIpv6", 
                        "#text": "false"
                    }, 
                    {
                        "@Name": "DestinationIp", 
                        "#text": "192.168.168.1"
                    }, 
                    {
                        "@Name": "DestinationHostname"
                    }, 
                    {
                        "@Name": "DestinationPort", 
                        "#text": "59466"
                    }, 
                    {
                        "@Name": "DestinationPortName"
                    }
                ]
            }
        }, 
        {
            "@xmlns": "http://schemas.microsoft.com/win/2004/08/events/event", 
            "System": {
                "Provider": {
                    "@Name": "Microsoft-Windows-Sysmon", 
                    "@Guid": "{5770385F-C22A-43E0-BF4C-06F5698FFBD9}"
                }, 
                "EventID": "3", 
                "Version": "5", 
                "Level": "4", 
                "Task": "3", 
                "Opcode": "0", 
                "Keywords": "0x8000000000000000", 
                "TimeCreated": {
                    "@SystemTime": "2020-06-16T02:42:20.582031200Z"
                }, 
                "EventRecordID": "9226", 
                "Correlation": null, 
                "Execution": {
                    "@ProcessID": "1244", 
                    "@ThreadID": "1876"
                }, 
                "Channel": "Microsoft-Windows-Sysmon/Operational", 
                "Computer": "SiaaSYwJttfyyWN", 
                "Security": {
                    "@UserID": "S-1-5-18"
                }
            }, 
            "EventData": {
                "Data": [
                    {
                        "@Name": "RuleName"
                    }, 
                    {
                        "@Name": "UtcTime", 
                        "#text": "2020-06-16 02:42:20.614"
                    }, 
                    {
                        "@Name": "ProcessGuid", 
                        "#text": "{7EA2F8B5-2E3A-5EE8-0000-0010F1660200}"
                    }, 
                    {
                        "@Name": "ProcessId", 
                        "#text": "1436"
                    }, 
                    {
                        "@Name": "Image", 
                        "#text": "C:\\Python27\\pythonw.exe"
                    }, 
                    {
                        "@Name": "User", 
                        "#text": "SIAASYWJTTFYYWN\\Administrator"
                    }, 
                    {
                        "@Name": "Protocol", 
                        "#text": "tcp"
                    }, 
                    {
                        "@Name": "Initiated", 
                        "#text": "false"
                    }, 
                    {
                        "@Name": "SourceIsIpv6", 
                        "#text": "false"
                    }, 
                    {
                        "@Name": "SourceIp", 
                        "#text": "192.168.168.219"
                    }, 
                    {
                        "@Name": "SourceHostname", 
                        "#text": "SiaaSYwJttfyyWN"
                    }, 
                    {
                        "@Name": "SourcePort", 
                        "#text": "8000"
                    }, 
                    {
                        "@Name": "SourcePortName"
                    }, 
                    {
                        "@Name": "DestinationIsIpv6", 
                        "#text": "false"
                    }, 
                    {
                        "@Name": "DestinationIp", 
                        "#text": "192.168.168.1"
                    }, 
                    {
                        "@Name": "DestinationHostname"
                    }, 
                    {
                        "@Name": "DestinationPort", 
                        "#text": "59464"
                    }, 
                    {
                        "@Name": "DestinationPortName"
                    }
                ]
            }
        }, 
        {
            "@xmlns": "http://schemas.microsoft.com/win/2004/08/events/event", 
            "System": {
                "Provider": {
                    "@Name": "Microsoft-Windows-Sysmon", 
                    "@Guid": "{5770385F-C22A-43E0-BF4C-06F5698FFBD9}"
                }, 
                "EventID": "3", 
                "Version": "5", 
                "Level": "4", 
                "Task": "3", 
                "Opcode": "0", 
                "Keywords": "0x8000000000000000", 
                "TimeCreated": {
                    "@SystemTime": "2020-06-16T02:42:20.582031200Z"
                }, 
                "EventRecordID": "9225", 
                "Correlation": null, 
                "Execution": {
                    "@ProcessID": "1244", 
                    "@ThreadID": "1876"
                }, 
                "Channel": "Microsoft-Windows-Sysmon/Operational", 
                "Computer": "SiaaSYwJttfyyWN", 
                "Security": {
                    "@UserID": "S-1-5-18"
                }
            }, 
            "EventData": {
                "Data": [
                    {
                        "@Name": "RuleName"
                    }, 
                    {
                        "@Name": "UtcTime", 
                        "#text": "2020-06-16 02:42:20.602"
                    }, 
                    {
                        "@Name": "ProcessGuid", 
                        "#text": "{7EA2F8B5-2E3A-5EE8-0000-0010F1660200}"
                    }, 
                    {
                        "@Name": "ProcessId", 
                        "#text": "1436"
                    }, 
                    {
                        "@Name": "Image", 
                        "#text": "C:\\Python27\\pythonw.exe"
                    }, 
                    {
                        "@Name": "User", 
                        "#text": "SIAASYWJTTFYYWN\\Administrator"
                    }, 
                    {
                        "@Name": "Protocol", 
                        "#text": "tcp"
                    }, 
                    {
                        "@Name": "Initiated", 
                        "#text": "false"
                    }, 
                    {
                        "@Name": "SourceIsIpv6", 
                        "#text": "false"
                    }, 
                    {
                        "@Name": "SourceIp", 
                        "#text": "192.168.168.219"
                    }, 
                    {
                        "@Name": "SourceHostname", 
                        "#text": "SiaaSYwJttfyyWN"
                    }, 
                    {
                        "@Name": "SourcePort", 
                        "#text": "8000"
                    }, 
                    {
                        "@Name": "SourcePortName"
                    }, 
                    {
                        "@Name": "DestinationIsIpv6", 
                        "#text": "false"
                    }, 
                    {
                        "@Name": "DestinationIp", 
                        "#text": "192.168.168.1"
                    }, 
                    {
                        "@Name": "DestinationHostname"
                    }, 
                    {
                        "@Name": "DestinationPort", 
                        "#text": "59462"
                    }, 
                    {
                        "@Name": "DestinationPortName"
                    }
                ]
            }
        }, 
        {
            "@xmlns": "http://schemas.microsoft.com/win/2004/08/events/event", 
            "System": {
                "Provider": {
                    "@Name": "Microsoft-Windows-Sysmon", 
                    "@Guid": "{5770385F-C22A-43E0-BF4C-06F5698FFBD9}"
                }, 
                "EventID": "3", 
                "Version": "5", 
                "Level": "4", 
                "Task": "3", 
                "Opcode": "0", 
                "Keywords": "0x8000000000000000", 
                "TimeCreated": {
                    "@SystemTime": "2020-06-16T02:42:20.582031200Z"
                }, 
                "EventRecordID": "9224", 
                "Correlation": null, 
                "Execution": {
                    "@ProcessID": "1244", 
                    "@ThreadID": "1876"
                }, 
                "Channel": "Microsoft-Windows-Sysmon/Operational", 
                "Computer": "SiaaSYwJttfyyWN", 
                "Security": {
                    "@UserID": "S-1-5-18"
                }
            }, 
            "EventData": {
                "Data": [
                    {
                        "@Name": "RuleName"
                    }, 
                    {
                        "@Name": "UtcTime", 
                        "#text": "2020-06-16 02:42:20.594"
                    }, 
                    {
                        "@Name": "ProcessGuid", 
                        "#text": "{7EA2F8B5-2E3A-5EE8-0000-0010F1660200}"
                    }, 
                    {
                        "@Name": "ProcessId", 
                        "#text": "1436"
                    }, 
                    {
                        "@Name": "Image", 
                        "#text": "C:\\Python27\\pythonw.exe"
                    }, 
                    {
                        "@Name": "User", 
                        "#text": "SIAASYWJTTFYYWN\\Administrator"
                    }, 
                    {
                        "@Name": "Protocol", 
                        "#text": "tcp"
                    }, 
                    {
                        "@Name": "Initiated", 
                        "#text": "false"
                    }, 
                    {
                        "@Name": "SourceIsIpv6", 
                        "#text": "false"
                    }, 
                    {
                        "@Name": "SourceIp", 
                        "#text": "192.168.168.219"
                    }, 
                    {
                        "@Name": "SourceHostname", 
                        "#text": "SiaaSYwJttfyyWN"
                    }, 
                    {
                        "@Name": "SourcePort", 
                        "#text": "8000"
                    }, 
                    {
                        "@Name": "SourcePortName"
                    }, 
                    {
                        "@Name": "DestinationIsIpv6", 
                        "#text": "false"
                    }, 
                    {
                        "@Name": "DestinationIp", 
                        "#text": "192.168.168.1"
                    }, 
                    {
                        "@Name": "DestinationHostname"
                    }, 
                    {
                        "@Name": "DestinationPort", 
                        "#text": "59460"
                    }, 
                    {
                        "@Name": "DestinationPortName"
                    }
                ]
            }
        }, 
        {
            "@xmlns": "http://schemas.microsoft.com/win/2004/08/events/event", 
            "System": {
                "Provider": {
                    "@Name": "Microsoft-Windows-Sysmon", 
                    "@Guid": "{5770385F-C22A-43E0-BF4C-06F5698FFBD9}"
                }, 
                "EventID": "3", 
                "Version": "5", 
                "Level": "4", 
                "Task": "3", 
                "Opcode": "0", 
                "Keywords": "0x8000000000000000", 
                "TimeCreated": {
                    "@SystemTime": "2020-06-16T02:42:20.332031200Z"
                }, 
                "EventRecordID": "9223", 
                "Correlation": null, 
                "Execution": {
                    "@ProcessID": "1244", 
                    "@ThreadID": "1876"
                }, 
                "Channel": "Microsoft-Windows-Sysmon/Operational", 
                "Computer": "SiaaSYwJttfyyWN", 
                "Security": {
                    "@UserID": "S-1-5-18"
                }
            }, 
            "EventData": {
                "Data": [
                    {
                        "@Name": "RuleName"
                    }, 
                    {
                        "@Name": "UtcTime", 
                        "#text": "2020-06-16 02:42:20.440"
                    }, 
                    {
                        "@Name": "ProcessGuid", 
                        "#text": "{7EA2F8B5-2E35-5EE8-0000-0010EB030000}"
                    }, 
                    {
                        "@Name": "ProcessId", 
                        "#text": "4"
                    }, 
                    {
                        "@Name": "Image", 
                        "#text": "System"
                    }, 
                    {
                        "@Name": "User", 
                        "#text": "NT AUTHORITY\\SYSTEM"
                    }, 
                    {
                        "@Name": "Protocol", 
                        "#text": "udp"
                    }, 
                    {
                        "@Name": "Initiated", 
                        "#text": "false"
                    }, 
                    {
                        "@Name": "SourceIsIpv6", 
                        "#text": "false"
                    }, 
                    {
                        "@Name": "SourceIp", 
                        "#text": "192.168.168.255"
                    }, 
                    {
                        "@Name": "SourceHostname"
                    }, 
                    {
                        "@Name": "SourcePort", 
                        "#text": "137"
                    }, 
                    {
                        "@Name": "SourcePortName", 
                        "#text": "netbios-ns"
                    }, 
                    {
                        "@Name": "DestinationIsIpv6", 
                        "#text": "false"
                    }, 
                    {
                        "@Name": "DestinationIp", 
                        "#text": "192.168.168.213"
                    }, 
                    {
                        "@Name": "DestinationHostname", 
                        "#text": "uXqkOyhCcB"
                    }, 
                    {
                        "@Name": "DestinationPort", 
                        "#text": "137"
                    }, 
                    {
                        "@Name": "DestinationPortName", 
                        "#text": "netbios-ns"
                    }
                ]
            }
        }, 
        {
            "@xmlns": "http://schemas.microsoft.com/win/2004/08/events/event", 
            "System": {
                "Provider": {
                    "@Name": "Microsoft-Windows-Sysmon", 
                    "@Guid": "{5770385F-C22A-43E0-BF4C-06F5698FFBD9}"
                }, 
                "EventID": "3", 
                "Version": "5", 
                "Level": "4", 
                "Task": "3", 
                "Opcode": "0", 
                "Keywords": "0x8000000000000000", 
                "TimeCreated": {
                    "@SystemTime": "2020-06-16T02:42:20.082031200Z"
                }, 
                "EventRecordID": "9222", 
                "Correlation": null, 
                "Execution": {
                    "@ProcessID": "1244", 
                    "@ThreadID": "1876"
                }, 
                "Channel": "Microsoft-Windows-Sysmon/Operational", 
                "Computer": "SiaaSYwJttfyyWN", 
                "Security": {
                    "@UserID": "S-1-5-18"
                }
            }, 
            "EventData": {
                "Data": [
                    {
                        "@Name": "RuleName"
                    }, 
                    {
                        "@Name": "UtcTime", 
                        "#text": "2020-06-16 02:42:20.111"
                    }, 
                    {
                        "@Name": "ProcessGuid", 
                        "#text": "{7EA2F8B5-2E38-5EE8-0000-0010EAE50000}"
                    }, 
                    {
                        "@Name": "ProcessId", 
                        "#text": "364"
                    }, 
                    {
                        "@Name": "Image", 
                        "#text": "C:\\Windows\\System32\\svchost.exe"
                    }, 
                    {
                        "@Name": "User", 
                        "#text": "NT AUTHORITY\\NETWORK SERVICE"
                    }, 
                    {
                        "@Name": "Protocol", 
                        "#text": "udp"
                    }, 
                    {
                        "@Name": "Initiated", 
                        "#text": "false"
                    }, 
                    {
                        "@Name": "SourceIsIpv6", 
                        "#text": "true"
                    }, 
                    {
                        "@Name": "SourceIp", 
                        "#text": "ff02:0:0:0:0:0:1:3"
                    }, 
                    {
                        "@Name": "SourceHostname"
                    }, 
                    {
                        "@Name": "SourcePort", 
                        "#text": "5355"
                    }, 
                    {
                        "@Name": "SourcePortName", 
                        "#text": "llmnr"
                    }, 
                    {
                        "@Name": "DestinationIsIpv6", 
                        "#text": "true"
                    }, 
                    {
                        "@Name": "DestinationIp", 
                        "#text": "fe80:0:0:0:31f2:75ed:9c8a:d299"
                    }, 
                    {
                        "@Name": "DestinationHostname", 
                        "#text": "SiaaSYwJttfyyWN"
                    }, 
                    {
                        "@Name": "DestinationPort", 
                        "#text": "57758"
                    }, 
                    {
                        "@Name": "DestinationPortName"
                    }
                ]
            }
        }, 
        {
            "@xmlns": "http://schemas.microsoft.com/win/2004/08/events/event", 
            "System": {
                "Provider": {
                    "@Name": "Microsoft-Windows-Sysmon", 
                    "@Guid": "{5770385F-C22A-43E0-BF4C-06F5698FFBD9}"
                }, 
                "EventID": "3", 
                "Version": "5", 
                "Level": "4", 
                "Task": "3", 
                "Opcode": "0", 
                "Keywords": "0x8000000000000000", 
                "TimeCreated": {
                    "@SystemTime": "2020-06-16T02:42:20.082031200Z"
                }, 
                "EventRecordID": "9221", 
                "Correlation": null, 
                "Execution": {
                    "@ProcessID": "1244", 
                    "@ThreadID": "1876"
                }, 
                "Channel": "Microsoft-Windows-Sysmon/Operational", 
                "Computer": "SiaaSYwJttfyyWN", 
                "Security": {
                    "@UserID": "S-1-5-18"
                }
            }, 
            "EventData": {
                "Data": [
                    {
                        "@Name": "RuleName"
                    }, 
                    {
                        "@Name": "UtcTime", 
                        "#text": "2020-06-16 02:42:20.111"
                    }, 
                    {
                        "@Name": "ProcessGuid", 
                        "#text": "{7EA2F8B5-2E38-5EE8-0000-0010EAE50000}"
                    }, 
                    {
                        "@Name": "ProcessId", 
                        "#text": "364"
                    }, 
                    {
                        "@Name": "Image", 
                        "#text": "C:\\Windows\\System32\\svchost.exe"
                    }, 
                    {
                        "@Name": "User", 
                        "#text": "NT AUTHORITY\\NETWORK SERVICE"
                    }, 
                    {
                        "@Name": "Protocol", 
                        "#text": "udp"
                    }, 
                    {
                        "@Name": "Initiated", 
                        "#text": "false"
                    }, 
                    {
                        "@Name": "SourceIsIpv6", 
                        "#text": "true"
                    }, 
                    {
                        "@Name": "SourceIp", 
                        "#text": "ff02:0:0:0:0:0:1:3"
                    }, 
                    {
                        "@Name": "SourceHostname"
                    }, 
                    {
                        "@Name": "SourcePort", 
                        "#text": "5355"
                    }, 
                    {
                        "@Name": "SourcePortName", 
                        "#text": "llmnr"
                    }, 
                    {
                        "@Name": "DestinationIsIpv6", 
                        "#text": "true"
                    }, 
                    {
                        "@Name": "DestinationIp", 
                        "#text": "fe80:0:0:0:31f2:75ed:9c8a:d299"
                    }, 
                    {
                        "@Name": "DestinationHostname", 
                        "#text": "SiaaSYwJttfyyWN"
                    }, 
                    {
                        "@Name": "DestinationPort", 
                        "#text": "54468"
                    }, 
                    {
                        "@Name": "DestinationPortName"
                    }
                ]
            }
        }, 
