{
    "info": {
        "added": 1644961788.044321, 
        "started": 1644964840.042935, 
        "duration": 555, 
        "ended": 1644965395.807999, 
        "owner": null, 
        "score": 0.0, 
        "id": 2753090, 
        "category": "file", 
        "git": {
            "head": "", 
            "fetch_head": ""
        }, 
        "monitor": null, 
        "package": "", 
        "route": "internet", 
        "custom": null, 
        "machine": {
            "status": "stopped", 
            "name": "win7x6419", 
            "label": "win7x6419", 
            "platform": "windows", 
            "manager": "VirtualBox", 
            "started_on": "2022-02-15 22:40:41", 
            "shutdown_on": "2022-02-15 22:49:55"
        }, 
        "platform": null, 
        "version": "2.0.7", 
        "options": "procmemdump=yes,route=internet"
    }, 
    "extracted": [
        {
            "category": "script", 
            "yara": [], 
            "info": {}, 
            "pid": 976, 
            "raw": "/srv/cuckoo/cwd/storage/analyses/2753090/extracted/0.bat", 
            "program": "cmd", 
            "first_seen": 1644961789.28125
        }
    ], 
    "signatures": [], 
    "target": {
        "category": "file", 
        "file": {
            "mimetype": "application/octet-stream", 
            "yara": [], 
            "sha1": "2f84c3436f5fe3d7054cfdb28e38deb8fd253359", 
            "name": "iechooser.exe", 
            "type": "data", 
            "sha256": "a2e69db0e8687575deb9e9b66842d1d9ecb6278ad405f17c031eda3470a9935d", 
            "urls": [], 
            "crc32": "1240E101", 
            "path": "/srv/cuckoo/cwd/storage/binaries/a2e69db0e8687575deb9e9b66842d1d9ecb6278ad405f17c031eda3470a9935d", 
            "ssdeep": null, 
            "size": 7567, 
            "sha512": "6ef067a8e6d6ef28d023f47b5f7d0a044fa009b5f8d19d7cc66b76cc990ef05b8564c8f8dfb173cd878b9dd9329a1bc88d47f40a03ddaeca0959f47cfb22760e", 
            "md5": "ae4fc91fc29790693ebb52f15e460c5f"
        }, 
        "custom": null
    }, 
    "irma": {
        "status": 0, 
        "probes_finished": 16, 
        "scan_id": "b5e2a4ee-ce5b-4fb1-8daf-3c0a0b47ea5d", 
        "parent_file_sha256": null, 
        "file_infos": {
            "mimetype": "data", 
            "sha1": "2f84c3436f5fe3d7054cfdb28e38deb8fd253359", 
            "tags": [], 
            "timestamp_first_scan": 1644588142.34, 
            "size": 7567, 
            "timestamp_last_scan": 1644958205.41, 
            "sha256": "a2e69db0e8687575deb9e9b66842d1d9ecb6278ad405f17c031eda3470a9935d", 
            "md5": "ae4fc91fc29790693ebb52f15e460c5f"
        }, 
        "scan_date": 1644958197, 
        "name": "a2e69db0e8687575deb9e9b66842d1d9ecb6278ad405f17c031eda3470a9935d", 
        "other_results": [], 
        "submitter": "cli", 
        "probes_total": 16, 
        "probe_results": {
            "antivirus": {
                "Avast Core Security (Linux)": {
                    "status": 0, 
                    "duration": 0.0, 
                    "version": "3.0.3", 
                    "results": null, 
                    "virus_database_version": "unavailable"
                }, 
                "F-Secure Antivirus (Linux)": {
                    "status": 0, 
                    "duration": 0.02, 
                    "version": "11.10", 
                    "results": null, 
                    "virus_database_version": "2022-02-04_03"
                }, 
                "Windows Defender (Windows)": {
                    "status": 0, 
                    "duration": 0.03, 
                    "version": "1.1.18800.4", 
                    "results": null, 
                    "virus_database_version": "1.355.1049.0"
                }, 
                "Comodo Antivirus (Linux)": {
                    "status": 0, 
                    "duration": 2.06, 
                    "version": "1.1.268025.1", 
                    "results": null, 
                    "virus_database_version": "2021-12-31"
                }, 
                "Kaspersky Antivirus (Win)": {
                    "status": 0, 
                    "duration": 0.56, 
                    "version": "21.3", 
                    "results": null, 
                    "virus_database_version": "unavailable"
                }, 
                "ESET NOD32 Antivirus (Linux)": {
                    "status": 0, 
                    "duration": 4.43, 
                    "version": "4.0.96", 
                    "results": null, 
                    "virus_database_version": "61ad92b8-1e6f6 (2022-02-04)"
                }, 
                "GData (Windows)": {
                    "status": 0, 
                    "duration": 0.17, 
                    "version": "5.5.20197.1358", 
                    "results": null, 
                    "virus_database_version": "unavailable"
                }, 
                "Forticlient (Linux)": {
                    "status": 0, 
                    "duration": 3.04, 
                    "version": "unavailable", 
                    "results": null, 
                    "virus_database_version": "unavailable"
                }, 
                "Avira (Windows)": {
                    "status": 0, 
                    "duration": 3.8, 
                    "version": "8.3.64.66", 
                    "results": null, 
                    "virus_database_version": "8.19.1.122"
                }, 
                "eScan Antivirus (Linux)": {
                    "status": 0, 
                    "duration": 3.91, 
                    "version": "7.0.21", 
                    "results": null, 
                    "virus_database_version": "7.91093 (04/02/2022)"
                }, 
                "McAfee CLI scanner (Linux)": {
                    "status": 0, 
                    "duration": 5.66, 
                    "version": "6.0.6.653", 
                    "results": null, 
                    "virus_database_version": "10247"
                }, 
                "Sophos Anti-Virus (Linux)": {
                    "status": 0, 
                    "duration": 6.28, 
                    "version": "5.85.0", 
                    "results": null, 
                    "virus_database_version": "5.90 (01 February 2022)"
                }, 
                "DrWeb Antivirus (Linux)": {
                    "status": 0, 
                    "duration": 0.08, 
                    "version": "11.1.11.2110182032", 
                    "results": null, 
                    "virus_database_version": "unavailable"
                }, 
                "ClamAV (Linux)": {
                    "status": 0, 
                    "duration": 0.02, 
                    "version": "0.103.5", 
                    "results": null, 
                    "virus_database_version": "26442"
                }, 
                "Bitdefender Antivirus (Linux)": {
                    "status": 0, 
                    "duration": 5.98, 
                    "version": "7.90123", 
                    "results": null, 
                    "virus_database_version": null
                }, 
                "Emsisoft Commandline Scanner (Windows)": {
                    "status": 0, 
                    "duration": 0.19, 
                    "version": "2021.10.0.11201", 
                    "results": null, 
                    "virus_database_version": "unavailable"
                }
            }
        }, 
        "path": "", 
        "result_id": "24a01e6b-b263-42a3-bfdb-c7840786ebca", 
        "file_sha256": "a2e69db0e8687575deb9e9b66842d1d9ecb6278ad405f17c031eda3470a9935d"
    }, 
    "suricata": {
        "tls": [], 
        "files": [], 
        "alerts": [], 
        "http": [
            {
                "status": "200", 
                "timestamp": "2022-02-15T22:45:25.380880+0200", 
                "referer": null, 
                "content_type": "application/pkix-crl", 
                "src_port": 49251, 
                "url": "/pki/crl/products/microsoftrootcert.crl", 
                "hostname": "crl.microsoft.com", 
                "src_ip": "192.168.168.219", 
                "length": 767, 
                "dst_port": 80, 
                "dst_ip": "83.255.218.17", 
                "method": "GET", 
                "user_agent": "Microsoft-CryptoAPI/6.1"
            }
        ]
    }, 
    "virustotal": {
        "scans": {
            "Bkav": {
                "detected": false, 
                "version": "1.3.0.9899", 
                "result": null, 
                "normalized": [], 
                "update": "20210610"
            }, 
            "Lionic": {
                "detected": false, 
                "version": "4.2", 
                "result": null, 
                "normalized": [], 
                "update": "20210610"
            }, 
            "MicroWorld-eScan": {
                "detected": false, 
                "version": "14.0.409.0", 
                "result": null, 
                "normalized": [], 
                "update": "20210610"
            }, 
            "FireEye": {
                "detected": false, 
                "version": "32.44.1.0", 
                "result": null, 
                "normalized": [], 
                "update": "20210610"
            }, 
            "CAT-QuickHeal": {
                "detected": false, 
                "version": "14.00", 
                "result": null, 
                "normalized": [], 
                "update": "20210610"
            }, 
            "McAfee": {
                "detected": false, 
                "version": "6.0.6.653", 
                "result": null, 
                "normalized": [], 
                "update": "20210610"
            }, 
            "Malwarebytes": {
                "detected": false, 
                "version": "4.2.2.27", 
                "result": null, 
                "normalized": [], 
                "update": "20210610"
            }, 
            "Sangfor": {
                "detected": false, 
                "version": "2.9.0.0", 
                "result": null, 
                "normalized": [], 
                "update": "20210607"
            }, 
            "K7AntiVirus": {
                "detected": false, 
                "version": "11.187.37421", 
                "result": null, 
                "normalized": [], 
                "update": "20210610"
            }, 
            "K7GW": {
                "detected": false, 
                "version": "11.187.37418", 
                "result": null, 
                "normalized": [], 
                "update": "20210610"
            }, 
            "Arcabit": {
                "detected": false, 
                "version": "1.0.0.886", 
                "result": null, 
                "normalized": [], 
                "update": "20210610"
            }, 
            "BitDefenderTheta": {
                "detected": false, 
                "version": "7.2.37796.0", 
                "result": null, 
                "normalized": [], 
                "update": "20210610"
            }, 
            "Cyren": {
                "detected": false, 
                "version": "6.3.0.2", 
                "result": null, 
                "normalized": [], 
                "update": "20210610"
            }, 
            "Symantec": {
                "detected": false, 
                "version": "1.14.0.0", 
                "result": null, 
                "normalized": [], 
                "update": "20210610"
            }, 
            "ESET-NOD32": {
                "detected": false, 
                "version": "23440", 
                "result": null, 
                "normalized": [], 
                "update": "20210610"
            }, 
            "Baidu": {
                "detected": false, 
                "version": "1.0.0.2", 
                "result": null, 
                "normalized": [], 
                "update": "20190318"
            }, 
            "TrendMicro-HouseCall": {
                "detected": false, 
                "version": "10.0.0.1040", 
                "result": null, 
                "normalized": [], 
                "update": "20210610"
            }, 
            "Avast": {
                "detected": false, 
                "version": "21.1.5827.0", 
                "result": null, 
                "normalized": [], 
                "update": "20210610"
            }, 
            "ClamAV": {
                "detected": false, 
                "version": "0.103.2.0", 
                "result": null, 
                "normalized": [], 
                "update": "20210610"
            }, 
            "Kaspersky": {
                "detected": false, 
                "version": "21.0.1.45", 
                "result": null, 
                "normalized": [], 
                "update": "20210610"
            }, 
            "BitDefender": {
                "detected": false, 
                "version": "7.2", 
                "result": null, 
                "normalized": [], 
                "update": "20210610"
            }, 
            "NANO-Antivirus": {
                "detected": false, 
                "version": "1.0.146.25311", 
                "result": null, 
                "normalized": [], 
                "update": "20210610"
            }, 
            "SUPERAntiSpyware": {
                "detected": false, 
                "version": "5.6.0.1032", 
                "result": null, 
                "normalized": [], 
                "update": "20210605"
            }, 
            "Tencent": {
                "detected": false, 
                "version": "1.0.0.1", 
                "result": null, 
                "normalized": [], 
                "update": "20210610"
            }, 
            "Ad-Aware": {
                "detected": false, 
                "version": "3.0.21.179", 
                "result": null, 
                "normalized": [], 
                "update": "20210610"
            }, 
            "Sophos": {
                "detected": false, 
                "version": "1.0.2.0", 
                "result": null, 
                "normalized": [], 
                "update": "20210610"
            }, 
            "Comodo": {
                "detected": false, 
                "version": "33609", 
                "result": null, 
                "normalized": [], 
                "update": "20210610"
            }, 
            "F-Secure": {
                "detected": false, 
                "version": "12.0.86.52", 
                "result": null, 
                "normalized": [], 
                "update": "20210610"
            }, 
            "DrWeb": {
                "detected": false, 
                "version": "7.0.49.9080", 
                "result": null, 
                "normalized": [], 
                "update": "20210610"
            }, 
            "VIPRE": {
                "detected": false, 
                "version": "93196", 
                "result": null, 
                "normalized": [], 
                "update": "20210610"
            }, 
            "TrendMicro": {
                "detected": false, 
                "version": "11.0.0.1006", 
                "result": null, 
                "normalized": [], 
                "update": "20210610"
            }, 
            "McAfee-GW-Edition": {
                "detected": false, 
                "version": "v2019.1.2+3728", 
                "result": null, 
                "normalized": [], 
                "update": "20210610"
            }, 
            "CMC": {
                "detected": false, 
                "version": "2.10.2019.1", 
                "result": null, 
                "normalized": [], 
                "update": "20210506"
            }, 
            "Emsisoft": {
                "detected": false, 
                "version": "2018.12.0.1641", 
                "result": null, 
                "normalized": [], 
                "update": "20210610"
            }, 
            "Jiangmin": {
                "detected": false, 
                "version": "16.0.100", 
                "result": null, 
                "normalized": [], 
                "update": "20210610"
            }, 
            "Avira": {
                "detected": false, 
                "version": "8.3.3.12", 
                "result": null, 
                "normalized": [], 
                "update": "20210610"
            }, 
            "MAX": {
                "detected": false, 
                "version": "2019.9.16.1", 
                "result": null, 
                "normalized": [], 
                "update": "20210610"
            }, 
            "Antiy-AVL": {
                "detected": false, 
                "version": "3.0.0.1", 
                "result": null, 
                "normalized": [], 
                "update": "20210610"
            }, 
            "Kingsoft": {
                "detected": false, 
                "version": "2017.9.26.565", 
                "result": null, 
                "normalized": [], 
                "update": "20210610"
            }, 
            "Gridinsoft": {
                "detected": false, 
                "version": "1.0.44.137", 
                "result": null, 
                "normalized": [], 
                "update": "20210610"
            }, 
            "Microsoft": {
                "detected": false, 
                "version": "1.1.18200.4", 
                "result": null, 
                "normalized": [], 
                "update": "20210610"
            }, 
            "ViRobot": {
                "detected": false, 
                "version": "2014.3.20.0", 
                "result": null, 
                "normalized": [], 
                "update": "20210610"
            }, 
            "ZoneAlarm": {
                "detected": false, 
                "version": "1.0", 
                "result": null, 
                "normalized": [], 
                "update": "20210610"
            }, 
            "GData": {
                "detected": false, 
                "version": "A:25.29919B:27.23314", 
                "result": null, 
                "normalized": [], 
                "update": "20210610"
            }, 
            "Cynet": {
                "detected": false, 
                "version": "4.0.0.27", 
                "result": null, 
                "normalized": [], 
                "update": "20210610"
            }, 
            "AhnLab-V3": {
                "detected": false, 
                "version": "3.20.2.10137", 
                "result": null, 
                "normalized": [], 
                "update": "20210610"
            }, 
            "ALYac": {
                "detected": false, 
                "version": "1.1.3.1", 
                "result": null, 
                "normalized": [], 
                "update": "20210610"
            }, 
            "TACHYON": {
                "detected": false, 
                "version": "2021-06-10.02", 
                "result": null, 
                "normalized": [], 
                "update": "20210610"
            }, 
            "VBA32": {
                "detected": false, 
                "version": "5.0.0", 
                "result": null, 
                "normalized": [], 
                "update": "20210610"
            }, 
            "Zoner": {
                "detected": false, 
                "version": "0.0.0.0", 
                "result": null, 
                "normalized": [], 
                "update": "20210609"
            }, 
            "Rising": {
                "detected": false, 
                "version": "25.0.0.26", 
                "result": null, 
                "normalized": [], 
                "update": "20210610"
            }, 
            "Yandex": {
                "detected": false, 
                "version": "5.5.2.24", 
                "result": null, 
                "normalized": [], 
                "update": "20210609"
            }, 
            "Ikarus": {
                "detected": false, 
                "version": "0.1.5.2", 
                "result": null, 
                "normalized": [], 
                "update": "20210610"
            }, 
            "MaxSecure": {
                "detected": false, 
                "version": "1.0.0.1", 
                "result": null, 
                "normalized": [], 
                "update": "20210610"
            }, 
            "Fortinet": {
                "detected": false, 
                "version": "6.2.142.0", 
                "result": null, 
                "normalized": [], 
                "update": "20210610"
            }, 
            "Panda": {
                "detected": false, 
                "version": "4.6.4.2", 
                "result": null, 
                "normalized": [], 
                "update": "20210610"
            }, 
            "Qihoo-360": {
                "detected": false, 
                "version": "1.0.0.1120", 
                "result": null, 
                "normalized": [], 
                "update": "20210610"
            }
        }, 
        "scan_id": "a2e69db0e8687575deb9e9b66842d1d9ecb6278ad405f17c031eda3470a9935d-1623341132", 
        "sha1": "2f84c3436f5fe3d7054cfdb28e38deb8fd253359", 
        "resource": "ae4fc91fc29790693ebb52f15e460c5f", 
        "response_code": 1, 
        "scan_date": "2021-06-10 16:05:32", 
        "permalink": "https://www.virustotal.com/gui/file/a2e69db0e8687575deb9e9b66842d1d9ecb6278ad405f17c031eda3470a9935d/detection/f-a2e69db0e8687575deb9e9b66842d1d9ecb6278ad405f17c031eda3470a9935d-1623341132", 
        "summary": {
            "positives": 0, 
            "permalink": "https://www.virustotal.com/gui/file/a2e69db0e8687575deb9e9b66842d1d9ecb6278ad405f17c031eda3470a9935d/detection/f-a2e69db0e8687575deb9e9b66842d1d9ecb6278ad405f17c031eda3470a9935d-1623341132", 
            "scan_date": "2021-06-10 16:05:32"
        }, 
        "sha256": "a2e69db0e8687575deb9e9b66842d1d9ecb6278ad405f17c031eda3470a9935d", 
        "normalized": [], 
        "total": 57, 
        "positives": 0, 
        "verbose_msg": "Scan finished, information embedded", 
        "md5": "ae4fc91fc29790693ebb52f15e460c5f"
    }, 
    "sysmon": [
        {
            "@xmlns": "http://schemas.microsoft.com/win/2004/08/events/event", 
            "System": {
                "Provider": {
                    "@Name": "Microsoft-Windows-Sysmon", 
                    "@Guid": "{5770385F-C22A-43E0-BF4C-06F5698FFBD9}"
                }, 
                "EventID": "1", 
                "Version": "5", 
                "Level": "4", 
                "Task": "1", 
                "Opcode": "0", 
                "Keywords": "0x8000000000000000", 
                "TimeCreated": {
                    "@SystemTime": "2022-02-15T19:49:50.531250000Z"
                }, 
                "EventRecordID": "9396", 
                "Correlation": null, 
                "Execution": {
                    "@ProcessID": "1244", 
                    "@ThreadID": "1872"
                }, 
                "Channel": "Microsoft-Windows-Sysmon/Operational", 
                "Computer": "SiaaSYwJttfyyWN", 
                "Security": {
                    "@UserID": "S-1-5-18"
                }
            }, 
            "EventData": {
                "Data": [
                    {
                        "@Name": "RuleName"
                    }, 
                    {
                        "@Name": "UtcTime", 
                        "#text": "2020-06-16 02:41:47.237"
                    }, 
                    {
                        "@Name": "ProcessGuid", 
                        "#text": "{7EA2F8B5-316B-5EE8-0000-0010696A7201}"
                    }, 
                    {
                        "@Name": "ProcessId", 
                        "#text": "3056"
                    }, 
                    {
                        "@Name": "Image", 
                        "#text": "C:\\Windows\\System32\\dllhost.exe"
                    }, 
                    {
                        "@Name": "FileVersion", 
                        "#text": "6.1.7600.16385 (win7_rtm.090713-1255)"
                    }, 
                    {
                        "@Name": "Description", 
                        "#text": "COM Surrogate"
                    }, 
                    {
                        "@Name": "Product", 
                        "#text": "Microsoft\u00ae Windows\u00ae Operating System"
                    }, 
                    {
                        "@Name": "Company", 
                        "#text": "Microsoft Corporation"
                    }, 
                    {
                        "@Name": "CommandLine", 
                        "#text": "C:\\Windows\\system32\\DllHost.exe /Processid:{AB8902B4-09CA-4BB6-B78D-A8F59079A8D5}"
                    }, 
                    {
                        "@Name": "CurrentDirectory", 
                        "#text": "C:\\Windows\\system32\\"
                    }, 
                    {
                        "@Name": "User", 
                        "#text": "SIAASYWJTTFYYWN\\Administrator"
                    }, 
                    {
                        "@Name": "LogonGuid", 
                        "#text": "{7EA2F8B5-2E39-5EE8-0000-00204C1D0100}"
                    }, 
                    {
                        "@Name": "LogonId", 
                        "#text": "0x11d4c"
                    }, 
                    {
                        "@Name": "TerminalSessionId", 
                        "#text": "1"
                    }, 
                    {
                        "@Name": "IntegrityLevel", 
                        "#text": "High"
                    }, 
                    {
                        "@Name": "Hashes", 
                        "#text": "SHA1=E977B87698C3E595D55827665E22FBF788DD3F9F"
                    }, 
                    {
                        "@Name": "ParentProcessGuid", 
                        "#text": "{7EA2F8B5-2E38-5EE8-0000-0010DA740000}"
                    }, 
                    {
                        "@Name": "ParentProcessId", 
                        "#text": "624"
                    }, 
                    {
                        "@Name": "ParentImage", 
                        "#text": "C:\\Windows\\System32\\svchost.exe"
                    }, 
                    {
                        "@Name": "ParentCommandLine", 
                        "#text": "C:\\Windows\\system32\\svchost.exe -k DcomLaunch"
                    }
                ]
            }
        }, 
        {
            "@xmlns": "http://schemas.microsoft.com/win/2004/08/events/event", 
            "System": {
                "Provider": {
                    "@Name": "Microsoft-Windows-Sysmon", 
                    "@Guid": "{5770385F-C22A-43E0-BF4C-06F5698FFBD9}"
                }, 
                "EventID": "5", 
                "Version": "3", 
                "Level": "4", 
                "Task": "5", 
                "Opcode": "0", 
                "Keywords": "0x8000000000000000", 
                "TimeCreated": {
                    "@SystemTime": "2022-02-15T19:49:50.515625000Z"
                }, 
                "EventRecordID": "9395", 
                "Correlation": null, 
                "Execution": {
                    "@ProcessID": "1244", 
                    "@ThreadID": "1872"
                }, 
                "Channel": "Microsoft-Windows-Sysmon/Operational", 
                "Computer": "SiaaSYwJttfyyWN", 
                "Security": {
                    "@UserID": "S-1-5-18"
                }
            }, 
            "EventData": {
                "Data": [
                    {
                        "@Name": "RuleName"
                    }, 
                    {
                        "@Name": "UtcTime", 
                        "#text": "2020-06-16 02:41:47.206"
                    }, 
                    {
                        "@Name": "ProcessGuid", 
                        "#text": "{00000000-0000-0000-0000-000000000000}"
                    }, 
                    {
                        "@Name": "ProcessId", 
                        "#text": "2772"
                    }, 
                    {
                        "@Name": "Image", 
                        "#text": "<unknown process>"
                    }
                ]
            }
        }, 
        {
            "@xmlns": "http://schemas.microsoft.com/win/2004/08/events/event", 
            "System": {
                "Provider": {
                    "@Name": "Microsoft-Windows-Sysmon", 
                    "@Guid": "{5770385F-C22A-43E0-BF4C-06F5698FFBD9}"
                }, 
                "EventID": "5", 
                "Version": "3", 
                "Level": "4", 
                "Task": "5", 
                "Opcode": "0", 
                "Keywords": "0x8000000000000000", 
                "TimeCreated": {
                    "@SystemTime": "2022-02-15T19:49:49.984375000Z"
                }, 
                "EventRecordID": "9394", 
                "Correlation": null, 
                "Execution": {
                    "@ProcessID": "1244", 
                    "@ThreadID": "1872"
                }, 
                "Channel": "Microsoft-Windows-Sysmon/Operational", 
                "Computer": "SiaaSYwJttfyyWN", 
                "Security": {
                    "@UserID": "S-1-5-18"
                }
            }, 
            "EventData": {
                "Data": [
                    {
                        "@Name": "RuleName"
                    }, 
                    {
                        "@Name": "UtcTime", 
                        "#text": "2020-06-16 02:41:46.752"
                    }, 
                    {
                        "@Name": "ProcessGuid", 
                        "#text": "{7EA2F8B5-30E3-5EE8-0000-0010275D3801}"
                    }, 
                    {
                        "@Name": "ProcessId", 
                        "#text": "992"
                    }, 
                    {
                        "@Name": "Image", 
                        "#text": "C:\\Program Files (x86)\\Mozilla Firefox\\firefox.exe"
                    }
                ]
            }
        }, 
        {
            "@xmlns": "http://schemas.microsoft.com/win/2004/08/events/event", 
            "System": {
                "Provider": {
                    "@Name": "Microsoft-Windows-Sysmon", 
                    "@Guid": "{5770385F-C22A-43E0-BF4C-06F5698FFBD9}"
                }, 
                "EventID": "5", 
                "Version": "3", 
                "Level": "4", 
                "Task": "5", 
                "Opcode": "0", 
                "Keywords": "0x8000000000000000", 
                "TimeCreated": {
                    "@SystemTime": "2022-02-15T19:49:49.750000000Z"
                }, 
                "EventRecordID": "9393", 
                "Correlation": null, 
                "Execution": {
                    "@ProcessID": "1244", 
                    "@ThreadID": "1872"
                }, 
                "Channel": "Microsoft-Windows-Sysmon/Operational", 
                "Computer": "SiaaSYwJttfyyWN", 
                "Security": {
                    "@UserID": "S-1-5-18"
                }
            }, 
            "EventData": {
                "Data": [
                    {
                        "@Name": "RuleName"
                    }, 
                    {
                        "@Name": "UtcTime", 
                        "#text": "2020-06-16 02:41:46.549"
                    }, 
                    {
                        "@Name": "ProcessGuid", 
                        "#text": "{7EA2F8B5-3165-5EE8-0000-0010B5A26F01}"
                    }, 
                    {
                        "@Name": "ProcessId", 
                        "#text": "1064"
                    }, 
                    {
                        "@Name": "Image", 
                        "#text": "C:\\Program Files (x86)\\Windows Media Player\\setup_wm.exe"
                    }
                ]
            }
        }, 
        {
            "@xmlns": "http://schemas.microsoft.com/win/2004/08/events/event", 
            "System": {
                "Provider": {
                    "@Name": "Microsoft-Windows-Sysmon", 
                    "@Guid": "{5770385F-C22A-43E0-BF4C-06F5698FFBD9}"
                }, 
                "EventID": "5", 
                "Version": "3", 
                "Level": "4", 
                "Task": "5", 
                "Opcode": "0", 
                "Keywords": "0x8000000000000000", 
                "TimeCreated": {
                    "@SystemTime": "2022-02-15T19:49:49.750000000Z"
                }, 
                "EventRecordID": "9392", 
                "Correlation": null, 
                "Execution": {
                    "@ProcessID": "1244", 
                    "@ThreadID": "1872"
                }, 
                "Channel": "Microsoft-Windows-Sysmon/Operational", 
                "Computer": "SiaaSYwJttfyyWN", 
                "Security": {
                    "@UserID": "S-1-5-18"
                }
            }, 
            "EventData": {
                "Data": [
                    {
                        "@Name": "RuleName"
                    }, 
                    {
                        "@Name": "UtcTime", 
                        "#text": "2020-06-16 02:41:46.534"
                    }, 
                    {
                        "@Name": "ProcessGuid", 
                        "#text": "{00000000-0000-0000-0000-000000000000}"
                    }, 
                    {
                        "@Name": "ProcessId", 
                        "#text": "956"
                    }, 
                    {
                        "@Name": "Image", 
                        "#text": "<unknown process>"
                    }
                ]
            }
        }, 
        {
            "@xmlns": "http://schemas.microsoft.com/win/2004/08/events/event", 
            "System": {
                "Provider": {
                    "@Name": "Microsoft-Windows-Sysmon", 
                    "@Guid": "{5770385F-C22A-43E0-BF4C-06F5698FFBD9}"
                }, 
                "EventID": "1", 
                "Version": "5", 
                "Level": "4", 
                "Task": "1", 
                "Opcode": "0", 
                "Keywords": "0x8000000000000000", 
                "TimeCreated": {
                    "@SystemTime": "2022-02-15T19:49:49.750000000Z"
                }, 
                "EventRecordID": "9391", 
                "Correlation": null, 
                "Execution": {
                    "@ProcessID": "1244", 
                    "@ThreadID": "1872"
                }, 
                "Channel": "Microsoft-Windows-Sysmon/Operational", 
                "Computer": "SiaaSYwJttfyyWN", 
                "Security": {
                    "@UserID": "S-1-5-18"
                }
            }, 
            "EventData": {
                "Data": [
                    {
                        "@Name": "RuleName"
                    }, 
                    {
                        "@Name": "UtcTime", 
                        "#text": "2020-06-16 02:41:46.534"
                    }, 
                    {
                        "@Name": "ProcessGuid", 
                        "#text": "{7EA2F8B5-316A-5EE8-0000-0010CCC77101}"
                    }, 
                    {
                        "@Name": "ProcessId", 
                        "#text": "992"
                    }, 
                    {
                        "@Name": "Image", 
                        "#text": "C:\\Windows\\System32\\unregmp2.exe"
                    }, 
                    {
                        "@Name": "FileVersion", 
                        "#text": "12.0.7600.16385 (win7_rtm.090713-1255)"
                    }, 
                    {
                        "@Name": "Description", 
                        "#text": "Microsoft Windows Media Player Setup Utility"
                    }, 
                    {
                        "@Name": "Product", 
                        "#text": "Microsoft\u00ae Windows\u00ae Operating System"
                    }, 
                    {
                        "@Name": "Company", 
                        "#text": "Microsoft Corporation"
                    }, 
                    {
                        "@Name": "CommandLine", 
                        "#text": "\"C:\\Windows\\SysNative\\unregmp2.exe\" /PerformIndivIfNeeded /REENTRANT"
                    }, 
                    {
                        "@Name": "CurrentDirectory", 
                        "#text": "C:\\Program Files (x86)\\Windows Media Player\\"
                    }, 
                    {
                        "@Name": "User", 
                        "#text": "SIAASYWJTTFYYWN\\Administrator"
                    }, 
                    {
                        "@Name": "LogonGuid", 
                        "#text": "{7EA2F8B5-2E39-5EE8-0000-00204C1D0100}"
                    }, 
                    {
                        "@Name": "LogonId", 
                        "#text": "0x11d4c"
                    }, 
                    {
                        "@Name": "TerminalSessionId", 
                        "#text": "1"
                    }, 
                    {
                        "@Name": "IntegrityLevel", 
                        "#text": "High"
                    }, 
                    {
                        "@Name": "Hashes", 
                        "#text": "SHA1=F68F45B21B911906F3AA982E64504E662A92E5AB"
                    }, 
                    {
                        "@Name": "ParentProcessGuid", 
                        "#text": "{00000000-0000-0000-0000-000000000000}"
                    }, 
                    {
                        "@Name": "ParentProcessId", 
                        "#text": "956"
                    }, 
                    {
                        "@Name": "ParentImage", 
                        "#text": "?"
                    }, 
                    {
                        "@Name": "ParentCommandLine", 
                        "#text": "?"
                    }
                ]
            }
        }, 
        {
            "@xmlns": "http://schemas.microsoft.com/win/2004/08/events/event", 
            "System": {
                "Provider": {
                    "@Name": "Microsoft-Windows-Sysmon", 
                    "@Guid": "{5770385F-C22A-43E0-BF4C-06F5698FFBD9}"
                }, 
                "EventID": "5", 
                "Version": "3", 
                "Level": "4", 
                "Task": "5", 
                "Opcode": "0", 
                "Keywords": "0x8000000000000000", 
                "TimeCreated": {
                    "@SystemTime": "2022-02-15T19:49:49.609375000Z"
                }, 
                "EventRecordID": "9390", 
                "Correlation": null, 
                "Execution": {
                    "@ProcessID": "1244", 
                    "@ThreadID": "1872"
                }, 
                "Channel": "Microsoft-Windows-Sysmon/Operational", 
                "Computer": "SiaaSYwJttfyyWN", 
                "Security": {
                    "@UserID": "S-1-5-18"
                }
            }, 
            "EventData": {
                "Data": [
                    {
                        "@Name": "RuleName"
                    }, 
                    {
                        "@Name": "UtcTime", 
                        "#text": "2020-06-16 02:41:46.377"
                    }, 
                    {
                        "@Name": "ProcessGuid", 
                        "#text": "{7EA2F8B5-316A-5EE8-0000-001090757101}"
                    }, 
                    {
                        "@Name": "ProcessId", 
                        "#text": "1996"
                    }, 
                    {
                        "@Name": "Image", 
                        "#text": "C:\\Windows\\SysWOW64\\unregmp2.exe"
                    }
                ]
            }
        }, 
        {
            "@xmlns": "http://schemas.microsoft.com/win/2004/08/events/event", 
            "System": {
                "Provider": {
                    "@Name": "Microsoft-Windows-Sysmon", 
                    "@Guid": "{5770385F-C22A-43E0-BF4C-06F5698FFBD9}"
                }, 
                "EventID": "3", 
                "Version": "5", 
                "Level": "4", 
                "Task": "3", 
                "Opcode": "0", 
                "Keywords": "0x8000000000000000", 
                "TimeCreated": {
                    "@SystemTime": "2022-02-15T19:49:49.453125000Z"
                }, 
                "EventRecordID": "9389", 
                "Correlation": null, 
                "Execution": {
                    "@ProcessID": "1244", 
                    "@ThreadID": "1876"
                }, 
                "Channel": "Microsoft-Windows-Sysmon/Operational", 
                "Computer": "SiaaSYwJttfyyWN", 
                "Security": {
                    "@UserID": "S-1-5-18"
                }
            }, 
            "EventData": {
                "Data": [
                    {
                        "@Name": "RuleName"
                    }, 
                    {
                        "@Name": "UtcTime", 
                        "#text": "2020-06-16 02:42:22.438"
                    }, 
                    {
                        "@Name": "ProcessGuid", 
                        "#text": "{7EA2F8B5-2E38-5EE8-0000-0010EAE50000}"
                    }, 
                    {
                        "@Name": "ProcessId", 
                        "#text": "364"
                    }, 
                    {
                        "@Name": "Image", 
                        "#text": "C:\\Windows\\System32\\svchost.exe"
                    }, 
                    {
                        "@Name": "User", 
                        "#text": "NT AUTHORITY\\NETWORK SERVICE"
                    }, 
                    {
                        "@Name": "Protocol", 
                        "#text": "udp"
                    }, 
                    {
                        "@Name": "Initiated", 
                        "#text": "false"
                    }, 
                    {
                        "@Name": "SourceIsIpv6", 
                        "#text": "false"
                    }, 
                    {
                        "@Name": "SourceIp", 
                        "#text": "224.0.0.252"
                    }, 
                    {
                        "@Name": "SourceHostname"
                    }, 
                    {
                        "@Name": "SourcePort", 
                        "#text": "5355"
                    }, 
                    {
                        "@Name": "SourcePortName", 
                        "#text": "llmnr"
                    }, 
                    {
                        "@Name": "DestinationIsIpv6", 
                        "#text": "false"
                    }, 
                    {
                        "@Name": "DestinationIp", 
                        "#text": "192.168.168.213"
                    }, 
                    {
                        "@Name": "DestinationHostname", 
                        "#text": "uXqkOyhCcB"
                    }, 
                    {
                        "@Name": "DestinationPort", 
                        "#text": "52494"
                    }, 
                    {
                        "@Name": "DestinationPortName"
                    }
                ]
            }
        }, 
        {
            "@xmlns": "http://schemas.microsoft.com/win/2004/08/events/event", 
            "System": {
                "Provider": {
                    "@Name": "Microsoft-Windows-Sysmon", 
                    "@Guid": "{5770385F-C22A-43E0-BF4C-06F5698FFBD9}"
                }, 
                "EventID": "3", 
                "Version": "5", 
                "Level": "4", 
                "Task": "3", 
                "Opcode": "0", 
                "Keywords": "0x8000000000000000", 
                "TimeCreated": {
                    "@SystemTime": "2022-02-15T19:49:49.453125000Z"
                }, 
                "EventRecordID": "9388", 
                "Correlation": null, 
                "Execution": {
                    "@ProcessID": "1244", 
                    "@ThreadID": "1876"
                }, 
                "Channel": "Microsoft-Windows-Sysmon/Operational", 
                "Computer": "SiaaSYwJttfyyWN", 
                "Security": {
                    "@UserID": "S-1-5-18"
                }
            }, 
            "EventData": {
                "Data": [
                    {
                        "@Name": "RuleName"
                    }, 
                    {
                        "@Name": "UtcTime", 
                        "#text": "2020-06-16 02:42:22.437"
                    }, 
                    {
                        "@Name": "ProcessGuid", 
                        "#text": "{7EA2F8B5-2E38-5EE8-0000-0010EAE50000}"
                    }, 
                    {
                        "@Name": "ProcessId", 
                        "#text": "364"
                    }, 
                    {
                        "@Name": "Image", 
                        "#text": "C:\\Windows\\System32\\svchost.exe"
                    }, 
                    {
                        "@Name": "User", 
                        "#text": "NT AUTHORITY\\NETWORK SERVICE"
                    }, 
                    {
                        "@Name": "Protocol", 
                        "#text": "udp"
                    }, 
                    {
                        "@Name": "Initiated", 
                        "#text": "false"
                    }, 
                    {
                        "@Name": "SourceIsIpv6", 
                        "#text": "true"
                    }, 
                    {
                        "@Name": "SourceIp", 
                        "#text": "ff02:0:0:0:0:0:1:3"
                    }, 
                    {
                        "@Name": "SourceHostname"
                    }, 
                    {
                        "@Name": "SourcePort", 
                        "#text": "5355"
                    }, 
                    {
                        "@Name": "SourcePortName", 
                        "#text": "llmnr"
                    }, 
                    {
                        "@Name": "DestinationIsIpv6", 
                        "#text": "true"
                    }, 
                    {
                        "@Name": "DestinationIp", 
                        "#text": "fe80:0:0:0:2c88:9813:8042:2f4b"
                    }, 
                    {
                        "@Name": "DestinationHostname", 
                        "#text": "uXqkOyhCcB"
                    }, 
                    {
                        "@Name": "DestinationPort", 
                        "#text": "62102"
                    }, 
                    {
                        "@Name": "DestinationPortName"
                    }
                ]
            }
        }, 
