{
    "info": {
        "added": 1644976887.852567, 
        "started": 1644987310.732831, 
        "duration": 562, 
        "ended": 1644987873.555952, 
        "owner": null, 
        "score": 0.0, 
        "id": 2754040, 
        "category": "file", 
        "git": {
            "head": "", 
            "fetch_head": ""
        }, 
        "monitor": null, 
        "package": "", 
        "route": "internet", 
        "custom": null, 
        "machine": {
            "status": "stopped", 
            "name": "win7x6417", 
            "label": "win7x6417", 
            "platform": "windows", 
            "manager": "VirtualBox", 
            "started_on": "2022-02-16 04:55:11", 
            "shutdown_on": "2022-02-16 05:04:33"
        }, 
        "platform": null, 
        "version": "2.0.7", 
        "options": "procmemdump=yes,route=internet"
    }, 
    "extracted": [
        {
            "category": "script", 
            "yara": [], 
            "info": {}, 
            "pid": 1380, 
            "raw": "/srv/cuckoo/cwd/storage/analyses/2754040/extracted/0.bat", 
            "program": "cmd", 
            "first_seen": 1644976888.21875
        }
    ], 
    "signatures": [], 
    "target": {
        "category": "file", 
        "file": {
            "mimetype": "application/octet-stream", 
            "yara": [], 
            "sha1": "067bc623abefe3b0ab98abac538057825ddf240d", 
            "name": "sensece.exe", 
            "type": "data", 
            "sha256": "cbcea47c7b8f9df3907c726f3ecee894fe1396450e3063a9d55dfdf71256755b", 
            "urls": [], 
            "crc32": "D0FBEBD3", 
            "path": "/srv/cuckoo/cwd/storage/binaries/cbcea47c7b8f9df3907c726f3ecee894fe1396450e3063a9d55dfdf71256755b", 
            "ssdeep": null, 
            "size": 74972, 
            "sha512": "691fc5bfeade4efb4978501589833f48e3e224a19be0d016f6ca969ac26e08a2190dcf8f32c81376d8bcf8044432afdb6560c067e2fb5d451a71482a63ba2c56", 
            "md5": "4a034601a38115b2c62afeeeb12a51ab"
        }, 
        "custom": null
    }, 
    "irma": {
        "status": 0, 
        "probes_finished": 16, 
        "scan_id": "63d86eaa-3eb5-48ca-9d1b-926c0e7e820b", 
        "parent_file_sha256": null, 
        "file_infos": {
            "mimetype": "data", 
            "sha1": "067bc623abefe3b0ab98abac538057825ddf240d", 
            "tags": [], 
            "timestamp_first_scan": 1644766460.78, 
            "size": 74972, 
            "timestamp_last_scan": 1644980682.95, 
            "sha256": "cbcea47c7b8f9df3907c726f3ecee894fe1396450e3063a9d55dfdf71256755b", 
            "md5": "4a034601a38115b2c62afeeeb12a51ab"
        }, 
        "scan_date": 1644980674, 
        "name": "cbcea47c7b8f9df3907c726f3ecee894fe1396450e3063a9d55dfdf71256755b", 
        "other_results": [], 
        "submitter": "cli", 
        "probes_total": 16, 
        "probe_results": {
            "antivirus": {
                "Avast Core Security (Linux)": {
                    "status": 0, 
                    "duration": 0.01, 
                    "version": "3.0.3", 
                    "results": null, 
                    "virus_database_version": "unavailable"
                }, 
                "F-Secure Antivirus (Linux)": {
                    "status": 0, 
                    "duration": 0.04, 
                    "version": "11.10", 
                    "results": null, 
                    "virus_database_version": "2022-02-04_03"
                }, 
                "Windows Defender (Windows)": {
                    "status": 0, 
                    "duration": 0.03, 
                    "version": "1.1.18800.4", 
                    "results": null, 
                    "virus_database_version": "1.355.1049.0"
                }, 
                "Comodo Antivirus (Linux)": {
                    "status": 0, 
                    "duration": 2.06, 
                    "version": "1.1.268025.1", 
                    "results": null, 
                    "virus_database_version": "2021-12-31"
                }, 
                "Kaspersky Antivirus (Win)": {
                    "status": 0, 
                    "duration": 0.63, 
                    "version": "21.3", 
                    "results": null, 
                    "virus_database_version": "2022-01-16 02:22:00 (full)"
                }, 
                "ESET NOD32 Antivirus (Linux)": {
                    "status": 0, 
                    "duration": 4.48, 
                    "version": "4.0.96", 
                    "results": null, 
                    "virus_database_version": "61ad92b8-1e6f6 (2022-02-04)"
                }, 
                "GData (Windows)": {
                    "status": 0, 
                    "duration": 0.17, 
                    "version": "5.5.20197.1358", 
                    "results": null, 
                    "virus_database_version": "unavailable"
                }, 
                "Forticlient (Linux)": {
                    "status": 0, 
                    "duration": 3.02, 
                    "version": "unavailable", 
                    "results": null, 
                    "virus_database_version": "unavailable"
                }, 
                "Avira (Windows)": {
                    "status": 0, 
                    "duration": 3.8, 
                    "version": "8.3.64.66", 
                    "results": null, 
                    "virus_database_version": "8.19.1.122"
                }, 
                "eScan Antivirus (Linux)": {
                    "status": 0, 
                    "duration": 3.89, 
                    "version": "7.0.21", 
                    "results": null, 
                    "virus_database_version": "7.91093 (04/02/2022)"
                }, 
                "McAfee CLI scanner (Linux)": {
                    "status": 0, 
                    "duration": 5.73, 
                    "version": "6.0.6.653", 
                    "results": null, 
                    "virus_database_version": "10247"
                }, 
                "Sophos Anti-Virus (Linux)": {
                    "status": 0, 
                    "duration": 6.37, 
                    "version": "5.85.0", 
                    "results": null, 
                    "virus_database_version": "5.90 (01 February 2022)"
                }, 
                "DrWeb Antivirus (Linux)": {
                    "status": 0, 
                    "duration": 0.08, 
                    "version": "11.1.11.2110182032", 
                    "results": null, 
                    "virus_database_version": "unavailable"
                }, 
                "ClamAV (Linux)": {
                    "status": 0, 
                    "duration": 0.02, 
                    "version": "0.103.5", 
                    "results": null, 
                    "virus_database_version": "26442"
                }, 
                "Bitdefender Antivirus (Linux)": {
                    "status": 0, 
                    "duration": 6.02, 
                    "version": "7.90123", 
                    "results": null, 
                    "virus_database_version": null
                }, 
                "Emsisoft Commandline Scanner (Windows)": {
                    "status": 0, 
                    "duration": 0.22, 
                    "version": "2021.10.0.11201", 
                    "results": null, 
                    "virus_database_version": "unavailable"
                }
            }
        }, 
        "path": "", 
        "result_id": "6fd1a60b-3919-4eee-af8b-f36a16a97d48", 
        "file_sha256": "cbcea47c7b8f9df3907c726f3ecee894fe1396450e3063a9d55dfdf71256755b"
    }, 
    "suricata": {
        "tls": [], 
        "files": [], 
        "alerts": [], 
        "http": [
            {
                "status": "200", 
                "timestamp": "2022-02-16T04:58:35.166235+0200", 
                "referer": null, 
                "content_type": "application/pkix-crl", 
                "src_port": 49243, 
                "url": "/pki/crl/products/microsoftrootcert.crl", 
                "hostname": "crl.microsoft.com", 
                "src_ip": "192.168.168.217", 
                "length": 767, 
                "dst_port": 80, 
                "dst_ip": "83.255.218.17", 
                "method": "GET", 
                "user_agent": "Microsoft-CryptoAPI/6.1"
            }
        ]
    }, 
    "virustotal": {
        "scans": {
            "Bkav": {
                "detected": false, 
                "version": "1.3.0.9899", 
                "result": null, 
                "normalized": [], 
                "update": "20220112"
            }, 
            "Lionic": {
                "detected": false, 
                "version": "4.2", 
                "result": null, 
                "normalized": [], 
                "update": "20220112"
            }, 
            "MicroWorld-eScan": {
                "detected": false, 
                "version": "14.0.409.0", 
                "result": null, 
                "normalized": [], 
                "update": "20220112"
            }, 
            "FireEye": {
                "detected": false, 
                "version": "32.44.1.0", 
                "result": null, 
                "normalized": [], 
                "update": "20220112"
            }, 
            "CAT-QuickHeal": {
                "detected": false, 
                "version": "14.00", 
                "result": null, 
                "normalized": [], 
                "update": "20220112"
            }, 
            "McAfee": {
                "detected": false, 
                "version": "6.0.6.653", 
                "result": null, 
                "normalized": [], 
                "update": "20220112"
            }, 
            "Malwarebytes": {
                "detected": false, 
                "version": "4.2.2.27", 
                "result": null, 
                "normalized": [], 
                "update": "20220112"
            }, 
            "VIPRE": {
                "detected": false, 
                "version": "98328", 
                "result": null, 
                "normalized": [], 
                "update": "20220112"
            }, 
            "Sangfor": {
                "detected": false, 
                "version": "2.9.0.0", 
                "result": null, 
                "normalized": [], 
                "update": "20211224"
            }, 
            "K7AntiVirus": {
                "detected": false, 
                "version": "11.241.40302", 
                "result": null, 
                "normalized": [], 
                "update": "20220112"
            }, 
            "K7GW": {
                "detected": false, 
                "version": "11.241.40265", 
                "result": null, 
                "normalized": [], 
                "update": "20220110"
            }, 
            "Arcabit": {
                "detected": false, 
                "version": "1.0.0.888", 
                "result": null, 
                "normalized": [], 
                "update": "20220112"
            }, 
            "Baidu": {
                "detected": false, 
                "version": "1.0.0.2", 
                "result": null, 
                "normalized": [], 
                "update": "20190318"
            }, 
            "VirIT": {
                "detected": false, 
                "version": "9.5.109", 
                "result": null, 
                "normalized": [], 
                "update": "20220112"
            }, 
            "Cyren": {
                "detected": false, 
                "version": "6.5.1.2", 
                "result": null, 
                "normalized": [], 
                "update": "20220112"
            }, 
            "Symantec": {
                "detected": false, 
                "version": "1.16.0.0", 
                "result": null, 
                "normalized": [], 
                "update": "20220112"
            }, 
            "ESET-NOD32": {
                "detected": false, 
                "version": "24608", 
                "result": null, 
                "normalized": [], 
                "update": "20220112"
            }, 
            "TrendMicro-HouseCall": {
                "detected": false, 
                "version": "10.0.0.1040", 
                "result": null, 
                "normalized": [], 
                "update": "20220112"
            }, 
            "Avast": {
                "detected": false, 
                "version": "21.1.5827.0", 
                "result": null, 
                "normalized": [], 
                "update": "20220112"
            }, 
            "ClamAV": {
                "detected": false, 
                "version": "0.104.2.0", 
                "result": null, 
                "normalized": [], 
                "update": "20220112"
            }, 
            "Kaspersky": {
                "detected": false, 
                "version": "21.0.1.45", 
                "result": null, 
                "normalized": [], 
                "update": "20220112"
            }, 
            "BitDefender": {
                "detected": false, 
                "version": "7.2", 
                "result": null, 
                "normalized": [], 
                "update": "20220112"
            }, 
            "NANO-Antivirus": {
                "detected": false, 
                "version": "1.0.146.25520", 
                "result": null, 
                "normalized": [], 
                "update": "20220112"
            }, 
            "SUPERAntiSpyware": {
                "detected": false, 
                "version": "5.6.0.1032", 
                "result": null, 
                "normalized": [], 
                "update": "20220111"
            }, 
            "Tencent": {
                "detected": false, 
                "version": "1.0.0.1", 
                "result": null, 
                "normalized": [], 
                "update": "20220112"
            }, 
            "Ad-Aware": {
                "detected": false, 
                "version": "3.0.21.193", 
                "result": null, 
                "normalized": [], 
                "update": "20220112"
            }, 
            "Emsisoft": {
                "detected": false, 
                "version": "2021.5.0.7597", 
                "result": null, 
                "normalized": [], 
                "update": "20220112"
            }, 
            "Comodo": {
                "detected": false, 
                "version": "34257", 
                "result": null, 
                "normalized": [], 
                "update": "20220112"
            }, 
            "F-Secure": {
                "detected": false, 
                "version": "12.0.86.52", 
                "result": null, 
                "normalized": [], 
                "update": "20220112"
            }, 
            "DrWeb": {
                "detected": false, 
                "version": "7.0.52.8270", 
                "result": null, 
                "normalized": [], 
                "update": "20220112"
            }, 
            "Zillya": {
                "detected": false, 
                "version": "2.0.0.4543", 
                "result": null, 
                "normalized": [], 
                "update": "20220112"
            }, 
            "TrendMicro": {
                "detected": false, 
                "version": "11.0.0.1006", 
                "result": null, 
                "normalized": [], 
                "update": "20220112"
            }, 
            "McAfee-GW-Edition": {
                "detected": false, 
                "version": "v2019.1.2+3728", 
                "result": null, 
                "normalized": [], 
                "update": "20220112"
            }, 
            "CMC": {
                "detected": false, 
                "version": "2.10.2019.1", 
                "result": null, 
                "normalized": [], 
                "update": "20211026"
            }, 
            "Sophos": {
                "detected": false, 
                "version": "1.4.1.0", 
                "result": null, 
                "normalized": [], 
                "update": "20220112"
            }, 
            "Jiangmin": {
                "detected": false, 
                "version": "16.0.100", 
                "result": null, 
                "normalized": [], 
                "update": "20220111"
            }, 
            "Avira": {
                "detected": false, 
                "version": "8.3.3.12", 
                "result": null, 
                "normalized": [], 
                "update": "20220112"
            }, 
            "MAX": {
                "detected": false, 
                "version": "2019.9.16.1", 
                "result": null, 
                "normalized": [], 
                "update": "20220112"
            }, 
            "Antiy-AVL": {
                "detected": false, 
                "version": "3.0.0.1", 
                "result": null, 
                "normalized": [], 
                "update": "20220112"
            }, 
            "Kingsoft": {
                "detected": false, 
                "version": "2017.9.26.565", 
                "result": null, 
                "normalized": [], 
                "update": "20220112"
            }, 
            "Gridinsoft": {
                "detected": false, 
                "version": "1.0.69.171", 
                "result": null, 
                "normalized": [], 
                "update": "20220112"
            }, 
            "Microsoft": {
                "detected": false, 
                "version": "1.1.18800.4", 
                "result": null, 
                "normalized": [], 
                "update": "20220112"
            }, 
            "ViRobot": {
                "detected": false, 
                "version": "2014.3.20.0", 
                "result": null, 
                "normalized": [], 
                "update": "20220112"
            }, 
            "GData": {
                "detected": false, 
                "version": "A:25.32008B:27.25843", 
                "result": null, 
                "normalized": [], 
                "update": "20220112"
            }, 
            "Cynet": {
                "detected": false, 
                "version": "4.0.0.27", 
                "result": null, 
                "normalized": [], 
                "update": "20220112"
            }, 
            "AhnLab-V3": {
                "detected": false, 
                "version": "3.21.2.10258", 
                "result": null, 
                "normalized": [], 
                "update": "20220112"
            }, 
            "BitDefenderTheta": {
                "detected": false, 
                "version": "7.2.37796.0", 
                "result": null, 
                "normalized": [], 
                "update": "20211223"
            }, 
            "ALYac": {
                "detected": false, 
                "version": "1.1.3.1", 
                "result": null, 
                "normalized": [], 
                "update": "20220112"
            }, 
            "TACHYON": {
                "detected": false, 
                "version": "2022-01-12.02", 
                "result": null, 
                "normalized": [], 
                "update": "20220112"
            }, 
            "VBA32": {
                "detected": false, 
                "version": "5.0.0", 
                "result": null, 
                "normalized": [], 
                "update": "20220112"
            }, 
            "Zoner": {
                "detected": false, 
                "version": "2.2.2.0", 
                "result": null, 
                "normalized": [], 
                "update": "20220111"
            }, 
            "Rising": {
                "detected": false, 
                "version": "25.0.0.27", 
                "result": null, 
                "normalized": [], 
                "update": "20220112"
            }, 
            "Yandex": {
                "detected": false, 
                "version": "5.5.2.24", 
                "result": null, 
                "normalized": [], 
                "update": "20220112"
            }, 
            "Ikarus": {
                "detected": false, 
                "version": "0.1.5.2", 
                "result": null, 
                "normalized": [], 
                "update": "20220112"
            }, 
            "MaxSecure": {
                "detected": false, 
                "version": "1.0.0.1", 
                "result": null, 
                "normalized": [], 
                "update": "20220105"
            }, 
            "Fortinet": {
                "detected": false, 
                "version": "6.2.142.0", 
                "result": null, 
                "normalized": [], 
                "update": "20220112"
            }, 
            "Panda": {
                "detected": false, 
                "version": "4.6.4.2", 
                "result": null, 
                "normalized": [], 
                "update": "20220112"
            }
        }, 
        "scan_id": "cbcea47c7b8f9df3907c726f3ecee894fe1396450e3063a9d55dfdf71256755b-1642011091", 
        "sha1": "067bc623abefe3b0ab98abac538057825ddf240d", 
        "resource": "4a034601a38115b2c62afeeeb12a51ab", 
        "response_code": 1, 
        "scan_date": "2022-01-12 18:11:31", 
        "permalink": "https://www.virustotal.com/gui/file/cbcea47c7b8f9df3907c726f3ecee894fe1396450e3063a9d55dfdf71256755b/detection/f-cbcea47c7b8f9df3907c726f3ecee894fe1396450e3063a9d55dfdf71256755b-1642011091", 
        "summary": {
            "positives": 0, 
            "permalink": "https://www.virustotal.com/gui/file/cbcea47c7b8f9df3907c726f3ecee894fe1396450e3063a9d55dfdf71256755b/detection/f-cbcea47c7b8f9df3907c726f3ecee894fe1396450e3063a9d55dfdf71256755b-1642011091", 
            "scan_date": "2022-01-12 18:11:31"
        }, 
        "sha256": "cbcea47c7b8f9df3907c726f3ecee894fe1396450e3063a9d55dfdf71256755b", 
        "normalized": [], 
        "total": 57, 
        "positives": 0, 
        "verbose_msg": "Scan finished, information embedded", 
        "md5": "4a034601a38115b2c62afeeeb12a51ab"
    }, 
    "sysmon": [
        {
            "@xmlns": "http://schemas.microsoft.com/win/2004/08/events/event", 
            "System": {
                "Provider": {
                    "@Name": "Microsoft-Windows-Sysmon", 
                    "@Guid": "{5770385F-C22A-43E0-BF4C-06F5698FFBD9}"
                }, 
                "EventID": "1", 
                "Version": "5", 
                "Level": "4", 
                "Task": "1", 
                "Opcode": "0", 
                "Keywords": "0x8000000000000000", 
                "TimeCreated": {
                    "@SystemTime": "2022-02-16T00:01:30.046875000Z"
                }, 
                "EventRecordID": "9264", 
                "Correlation": null, 
                "Execution": {
                    "@ProcessID": "1236", 
                    "@ThreadID": "1852"
                }, 
                "Channel": "Microsoft-Windows-Sysmon/Operational", 
                "Computer": "UqlMvvbCpTlNmzr", 
                "Security": {
                    "@UserID": "S-1-5-18"
                }
            }, 
            "EventData": {
                "Data": [
                    {
                        "@Name": "RuleName"
                    }, 
                    {
                        "@Name": "UtcTime", 
                        "#text": "2020-06-16 02:30:33.454"
                    }, 
                    {
                        "@Name": "ProcessGuid", 
                        "#text": "{7EA2F8B5-2EC9-5EE8-0000-00107C5DF100}"
                    }, 
                    {
                        "@Name": "ProcessId", 
                        "#text": "2784"
                    }, 
                    {
                        "@Name": "Image", 
                        "#text": "C:\\Windows\\System32\\SearchProtocolHost.exe"
                    }, 
                    {
                        "@Name": "FileVersion", 
                        "#text": "7.00.7600.16385 (win7_rtm.090713-1255)"
                    }, 
                    {
                        "@Name": "Description", 
                        "#text": "Microsoft Windows Search Protocol Host"
                    }, 
                    {
                        "@Name": "Product", 
                        "#text": "Windows\u00ae Search"
                    }, 
                    {
                        "@Name": "Company", 
                        "#text": "Microsoft Corporation"
                    }, 
                    {
                        "@Name": "CommandLine", 
                        "#text": "\"C:\\Windows\\system32\\SearchProtocolHost.exe\" Global\\UsGthrFltPipeMssGthrPipe5_ Global\\UsGthrCtrlFltPipeMssGthrPipe5 1 -2147483646 \"Software\\Microsoft\\Windows Search\" \"Mozilla/4.0 (compatible; MSIE 6.0; Windows NT; MS Search 4.0 Robot)\" \"C:\\ProgramData\\Microsoft\\Search\\Data\\Temp\\usgthrsvc\" \"DownLevelDaemon\""
                    }, 
                    {
                        "@Name": "CurrentDirectory", 
                        "#text": "C:\\Windows\\system32\\"
                    }, 
                    {
                        "@Name": "User", 
                        "#text": "NT AUTHORITY\\SYSTEM"
                    }, 
                    {
                        "@Name": "LogonGuid", 
                        "#text": "{7EA2F8B5-2CBA-5EE8-0000-0020E7030000}"
                    }, 
                    {
                        "@Name": "LogonId", 
                        "#text": "0x3e7"
                    }, 
                    {
                        "@Name": "TerminalSessionId", 
                        "#text": "0"
                    }, 
                    {
                        "@Name": "IntegrityLevel", 
                        "#text": "System"
                    }, 
                    {
                        "@Name": "Hashes", 
                        "#text": "SHA1=A8DCF7D63A8BB5ABEF8787775957A5BB6C0F3F77"
                    }, 
                    {
                        "@Name": "ParentProcessGuid", 
                        "#text": "{7EA2F8B5-2CC3-5EE8-0000-0010ABFA0500}"
                    }, 
                    {
                        "@Name": "ParentProcessId", 
                        "#text": "2252"
                    }, 
                    {
                        "@Name": "ParentImage", 
                        "#text": "C:\\Windows\\System32\\SearchIndexer.exe"
                    }, 
                    {
                        "@Name": "ParentCommandLine", 
                        "#text": "C:\\Windows\\system32\\SearchIndexer.exe /Embedding"
                    }
                ]
            }
        }, 
        {
            "@xmlns": "http://schemas.microsoft.com/win/2004/08/events/event", 
            "System": {
                "Provider": {
                    "@Name": "Microsoft-Windows-Sysmon", 
                    "@Guid": "{5770385F-C22A-43E0-BF4C-06F5698FFBD9}"
                }, 
                "EventID": "5", 
                "Version": "3", 
                "Level": "4", 
                "Task": "5", 
                "Opcode": "0", 
                "Keywords": "0x8000000000000000", 
                "TimeCreated": {
                    "@SystemTime": "2022-02-16T00:01:29.750000000Z"
                }, 
                "EventRecordID": "9263", 
                "Correlation": null, 
                "Execution": {
                    "@ProcessID": "1236", 
                    "@ThreadID": "1852"
                }, 
                "Channel": "Microsoft-Windows-Sysmon/Operational", 
                "Computer": "UqlMvvbCpTlNmzr", 
                "Security": {
                    "@UserID": "S-1-5-18"
                }
            }, 
            "EventData": {
                "Data": [
                    {
                        "@Name": "RuleName"
                    }, 
                    {
                        "@Name": "UtcTime", 
                        "#text": "2020-06-16 02:30:33.157"
                    }, 
                    {
                        "@Name": "ProcessGuid", 
                        "#text": "{7EA2F8B5-2E50-5EE8-0000-0010F98FBC00}"
                    }, 
                    {
                        "@Name": "ProcessId", 
                        "#text": "2340"
                    }, 
                    {
                        "@Name": "Image", 
                        "#text": "C:\\Windows\\System32\\find.exe"
                    }
                ]
            }
        }, 
        {
            "@xmlns": "http://schemas.microsoft.com/win/2004/08/events/event", 
            "System": {
                "Provider": {
                    "@Name": "Microsoft-Windows-Sysmon", 
                    "@Guid": "{5770385F-C22A-43E0-BF4C-06F5698FFBD9}"
                }, 
                "EventID": "5", 
                "Version": "3", 
                "Level": "4", 
                "Task": "5", 
                "Opcode": "0", 
                "Keywords": "0x8000000000000000", 
                "TimeCreated": {
                    "@SystemTime": "2022-02-16T00:01:29.515625000Z"
                }, 
                "EventRecordID": "9262", 
                "Correlation": null, 
                "Execution": {
                    "@ProcessID": "1236", 
                    "@ThreadID": "1852"
                }, 
                "Channel": "Microsoft-Windows-Sysmon/Operational", 
                "Computer": "UqlMvvbCpTlNmzr", 
                "Security": {
                    "@UserID": "S-1-5-18"
                }
            }, 
            "EventData": {
                "Data": [
                    {
                        "@Name": "RuleName"
                    }, 
                    {
                        "@Name": "UtcTime", 
                        "#text": "2020-06-16 02:30:32.922"
                    }, 
                    {
                        "@Name": "ProcessGuid", 
                        "#text": "{7EA2F8B5-3ED8-620C-0000-00108984FE00}"
                    }, 
                    {
                        "@Name": "ProcessId", 
                        "#text": "2848"
                    }, 
                    {
                        "@Name": "Image", 
                        "#text": "C:\\tmpzepe2z\\bin\\is32bit.exe"
                    }
                ]
            }
        }, 
        {
            "@xmlns": "http://schemas.microsoft.com/win/2004/08/events/event", 
            "System": {
                "Provider": {
                    "@Name": "Microsoft-Windows-Sysmon", 
                    "@Guid": "{5770385F-C22A-43E0-BF4C-06F5698FFBD9}"
                }, 
                "EventID": "5", 
                "Version": "3", 
                "Level": "4", 
                "Task": "5", 
                "Opcode": "0", 
                "Keywords": "0x8000000000000000", 
                "TimeCreated": {
                    "@SystemTime": "2022-02-16T00:01:29.500000000Z"
                }, 
                "EventRecordID": "9261", 
                "Correlation": null, 
                "Execution": {
                    "@ProcessID": "1236", 
                    "@ThreadID": "1852"
                }, 
                "Channel": "Microsoft-Windows-Sysmon/Operational", 
                "Computer": "UqlMvvbCpTlNmzr", 
                "Security": {
                    "@UserID": "S-1-5-18"
                }
            }, 
            "EventData": {
                "Data": [
                    {
                        "@Name": "RuleName"
                    }, 
                    {
                        "@Name": "UtcTime", 
                        "#text": "2020-06-16 02:30:32.922"
                    }, 
                    {
                        "@Name": "ProcessGuid", 
                        "#text": "{7EA2F8B5-2EC3-5EE8-0000-00102C98EE00}"
                    }, 
                    {
                        "@Name": "ProcessId", 
                        "#text": "1916"
                    }, 
                    {
                        "@Name": "Image", 
                        "#text": "C:\\Program Files (x86)\\Windows Media Player\\setup_wm.exe"
                    }
                ]
            }
        }, 
        {
            "@xmlns": "http://schemas.microsoft.com/win/2004/08/events/event", 
            "System": {
                "Provider": {
                    "@Name": "Microsoft-Windows-Sysmon", 
                    "@Guid": "{5770385F-C22A-43E0-BF4C-06F5698FFBD9}"
                }, 
                "EventID": "1", 
                "Version": "5", 
                "Level": "4", 
                "Task": "1", 
                "Opcode": "0", 
                "Keywords": "0x8000000000000000", 
                "TimeCreated": {
                    "@SystemTime": "2022-02-16T00:01:29.484375000Z"
                }, 
                "EventRecordID": "9260", 
                "Correlation": null, 
                "Execution": {
                    "@ProcessID": "1236", 
                    "@ThreadID": "1852"
                }, 
                "Channel": "Microsoft-Windows-Sysmon/Operational", 
                "Computer": "UqlMvvbCpTlNmzr", 
                "Security": {
                    "@UserID": "S-1-5-18"
                }
            }, 
            "EventData": {
                "Data": [
                    {
                        "@Name": "RuleName"
                    }, 
                    {
                        "@Name": "UtcTime", 
                        "#text": "2020-06-16 02:30:32.907"
                    }, 
                    {
                        "@Name": "ProcessGuid", 
                        "#text": "{7EA2F8B5-2EC8-5EE8-0000-0010BCFDF000}"
                    }, 
                    {
                        "@Name": "ProcessId", 
                        "#text": "2340"
                    }, 
                    {
                        "@Name": "Image", 
                        "#text": "C:\\Windows\\System32\\unregmp2.exe"
                    }, 
                    {
                        "@Name": "FileVersion", 
                        "#text": "12.0.7600.16385 (win7_rtm.090713-1255)"
                    }, 
                    {
                        "@Name": "Description", 
                        "#text": "Microsoft Windows Media Player Setup Utility"
                    }, 
                    {
                        "@Name": "Product", 
                        "#text": "Microsoft\u00ae Windows\u00ae Operating System"
                    }, 
                    {
                        "@Name": "Company", 
                        "#text": "Microsoft Corporation"
                    }, 
                    {
                        "@Name": "CommandLine", 
                        "#text": "\"C:\\Windows\\SysNative\\unregmp2.exe\" /PerformIndivIfNeeded /REENTRANT"
                    }, 
                    {
                        "@Name": "CurrentDirectory", 
                        "#text": "C:\\Program Files (x86)\\Windows Media Player\\"
                    }, 
                    {
                        "@Name": "User", 
                        "#text": "UQLMVVBCPTLNMZR\\Administrator"
                    }, 
                    {
                        "@Name": "LogonGuid", 
                        "#text": "{7EA2F8B5-2CBC-5EE8-0000-0020C6290100}"
                    }, 
                    {
                        "@Name": "LogonId", 
                        "#text": "0x129c6"
                    }, 
                    {
                        "@Name": "TerminalSessionId", 
                        "#text": "1"
                    }, 
                    {
                        "@Name": "IntegrityLevel", 
                        "#text": "High"
                    }, 
                    {
                        "@Name": "Hashes", 
                        "#text": "SHA1=F68F45B21B911906F3AA982E64504E662A92E5AB"
                    }, 
                    {
                        "@Name": "ParentProcessGuid", 
                        "#text": "{00000000-0000-0000-0000-000000000000}"
                    }, 
                    {
                        "@Name": "ParentProcessId", 
                        "#text": "2848"
                    }, 
                    {
                        "@Name": "ParentImage", 
                        "#text": "?"
                    }, 
                    {
                        "@Name": "ParentCommandLine", 
                        "#text": "?"
                    }
                ]
            }
        }, 
        {
            "@xmlns": "http://schemas.microsoft.com/win/2004/08/events/event", 
            "System": {
                "Provider": {
                    "@Name": "Microsoft-Windows-Sysmon", 
                    "@Guid": "{5770385F-C22A-43E0-BF4C-06F5698FFBD9}"
                }, 
                "EventID": "1", 
                "Version": "5", 
                "Level": "4", 
                "Task": "1", 
                "Opcode": "0", 
                "Keywords": "0x8000000000000000", 
                "TimeCreated": {
                    "@SystemTime": "2022-02-16T00:01:29.468750000Z"
                }, 
                "EventRecordID": "9259", 
                "Correlation": null, 
                "Execution": {
                    "@ProcessID": "1236", 
                    "@ThreadID": "1852"
                }, 
                "Channel": "Microsoft-Windows-Sysmon/Operational", 
                "Computer": "UqlMvvbCpTlNmzr", 
                "Security": {
                    "@UserID": "S-1-5-18"
                }
            }, 
            "EventData": {
                "Data": [
                    {
                        "@Name": "RuleName"
                    }, 
                    {
                        "@Name": "UtcTime", 
                        "#text": "2020-06-16 02:30:32.907"
                    }, 
                    {
                        "@Name": "ProcessGuid", 
                        "#text": "{7EA2F8B5-2EC8-5EE8-0000-00104FF9F000}"
                    }, 
                    {
                        "@Name": "ProcessId", 
                        "#text": "2952"
                    }, 
                    {
                        "@Name": "Image", 
                        "#text": "C:\\Program Files (x86)\\Windows Media Player\\wmplayer.exe"
                    }, 
                    {
                        "@Name": "FileVersion", 
                        "#text": "12.0.7600.16385 (win7_rtm.090713-1255)"
                    }, 
                    {
                        "@Name": "Description", 
                        "#text": "Windows Media Player"
                    }, 
                    {
                        "@Name": "Product", 
                        "#text": "Microsoft\u00ae Windows\u00ae Operating System"
                    }, 
                    {
                        "@Name": "Company", 
                        "#text": "Microsoft Corporation"
                    }, 
                    {
                        "@Name": "CommandLine", 
                        "#text": "\"C:\\Program Files (x86)\\Windows Media Player\\wmplayer.exe\" /Relaunch  /prefetch:1"
                    }, 
                    {
                        "@Name": "CurrentDirectory", 
                        "#text": "C:\\Program Files (x86)\\Windows Media Player\\"
                    }, 
                    {
                        "@Name": "User", 
                        "#text": "UQLMVVBCPTLNMZR\\Administrator"
                    }, 
                    {
                        "@Name": "LogonGuid", 
                        "#text": "{7EA2F8B5-2CBC-5EE8-0000-0020C6290100}"
                    }, 
                    {
                        "@Name": "LogonId", 
                        "#text": "0x129c6"
                    }, 
                    {
                        "@Name": "TerminalSessionId", 
                        "#text": "1"
                    }, 
                    {
                        "@Name": "IntegrityLevel", 
                        "#text": "High"
                    }, 
                    {
                        "@Name": "Hashes", 
                        "#text": "SHA1=AC4440D2D6844B624ABD095FC9ECE4409C2031C3"
                    }, 
                    {
                        "@Name": "ParentProcessGuid", 
                        "#text": "{7EA2F8B5-2EC3-5EE8-0000-00102C98EE00}"
                    }, 
                    {
                        "@Name": "ParentProcessId", 
                        "#text": "1916"
                    }, 
                    {
                        "@Name": "ParentImage", 
                        "#text": "C:\\Program Files (x86)\\Windows Media Player\\setup_wm.exe"
                    }, 
                    {
                        "@Name": "ParentCommandLine", 
                        "#text": "\"C:\\Program Files (x86)\\Windows Media Player\\setup_wm.exe\" /RunOnce:\"C:\\Program Files (x86)\\Windows Media Player\\wmplayer.exe\" /prefetch:1"
                    }
                ]
            }
        }, 
        {
            "@xmlns": "http://schemas.microsoft.com/win/2004/08/events/event", 
            "System": {
                "Provider": {
                    "@Name": "Microsoft-Windows-Sysmon", 
                    "@Guid": "{5770385F-C22A-43E0-BF4C-06F5698FFBD9}"
                }, 
                "EventID": "5", 
                "Version": "3", 
                "Level": "4", 
                "Task": "5", 
                "Opcode": "0", 
                "Keywords": "0x8000000000000000", 
                "TimeCreated": {
                    "@SystemTime": "2022-02-16T00:01:29.343750000Z"
                }, 
                "EventRecordID": "9258", 
                "Correlation": null, 
                "Execution": {
                    "@ProcessID": "1236", 
                    "@ThreadID": "1852"
                }, 
                "Channel": "Microsoft-Windows-Sysmon/Operational", 
                "Computer": "UqlMvvbCpTlNmzr", 
                "Security": {
                    "@UserID": "S-1-5-18"
                }
            }, 
            "EventData": {
                "Data": [
                    {
                        "@Name": "RuleName"
                    }, 
                    {
                        "@Name": "UtcTime", 
                        "#text": "2020-06-16 02:30:32.782"
                    }, 
                    {
                        "@Name": "ProcessGuid", 
                        "#text": "{00000000-0000-0000-0000-000000000000}"
                    }, 
                    {
                        "@Name": "ProcessId", 
                        "#text": "508"
                    }, 
                    {
                        "@Name": "Image", 
                        "#text": "<unknown process>"
                    }
                ]
            }
        }, 
        {
            "@xmlns": "http://schemas.microsoft.com/win/2004/08/events/event", 
            "System": {
                "Provider": {
                    "@Name": "Microsoft-Windows-Sysmon", 
                    "@Guid": "{5770385F-C22A-43E0-BF4C-06F5698FFBD9}"
                }, 
                "EventID": "3", 
                "Version": "5", 
                "Level": "4", 
                "Task": "3", 
                "Opcode": "0", 
                "Keywords": "0x8000000000000000", 
                "TimeCreated": {
                    "@SystemTime": "2022-02-16T00:01:28.359375000Z"
                }, 
                "EventRecordID": "9257", 
                "Correlation": null, 
                "Execution": {
                    "@ProcessID": "1236", 
                    "@ThreadID": "1856"
                }, 
                "Channel": "Microsoft-Windows-Sysmon/Operational", 
                "Computer": "UqlMvvbCpTlNmzr", 
                "Security": {
                    "@UserID": "S-1-5-18"
                }
            }, 
            "EventData": {
                "Data": [
                    {
                        "@Name": "RuleName"
                    }, 
                    {
                        "@Name": "UtcTime", 
                        "#text": "2020-06-16 02:31:04.924"
                    }, 
                    {
                        "@Name": "ProcessGuid", 
                        "#text": "{7EA2F8B5-2CBB-5EE8-0000-0010CCE50000}"
                    }, 
                    {
                        "@Name": "ProcessId", 
                        "#text": "356"
                    }, 
                    {
                        "@Name": "Image", 
                        "#text": "C:\\Windows\\System32\\svchost.exe"
                    }, 
                    {
                        "@Name": "User", 
                        "#text": "NT AUTHORITY\\NETWORK SERVICE"
                    }, 
                    {
                        "@Name": "Protocol", 
                        "#text": "udp"
                    }, 
                    {
                        "@Name": "Initiated", 
                        "#text": "true"
                    }, 
                    {
                        "@Name": "SourceIsIpv6", 
                        "#text": "false"
                    }, 
                    {
                        "@Name": "SourceIp", 
                        "#text": "192.168.168.217"
                    }, 
                    {
                        "@Name": "SourceHostname", 
                        "#text": "UqlMvvbCpTlNmzr"
                    }, 
                    {
                        "@Name": "SourcePort", 
                        "#text": "5355"
                    }, 
                    {
                        "@Name": "SourcePortName", 
                        "#text": "llmnr"
                    }, 
                    {
                        "@Name": "DestinationIsIpv6", 
                        "#text": "false"
                    }, 
                    {
                        "@Name": "DestinationIp", 
                        "#text": "192.168.168.203"
                    }, 
                    {
                        "@Name": "DestinationHostname", 
                        "#text": "OyPUWmikcDX"
                    }, 
                    {
                        "@Name": "DestinationPort", 
                        "#text": "53473"
                    }, 
                    {
                        "@Name": "DestinationPortName"
                    }
                ]
            }
        }, 
