{
    "info": {
        "added": 1644961786.783383, 
        "started": 1644963055.660406, 
        "duration": 534, 
        "ended": 1644963590.543805, 
        "owner": null, 
        "score": 0.0, 
        "id": 2752993, 
        "category": "file", 
        "git": {
            "head": "e8f6317b4b3ef806085a1e99e64c6ff01f26948f", 
            "fetch_head": "e8f6317b4b3ef806085a1e99e64c6ff01f26948f"
        }, 
        "monitor": "2deb9ccd75d5a7a3fe05b2625b03a8639d6ee36b", 
        "package": "", 
        "route": "internet", 
        "custom": null, 
        "machine": {
            "status": "stopped", 
            "name": "win7x6417", 
            "label": "win7x6417", 
            "platform": "windows", 
            "manager": "VirtualBox", 
            "started_on": "2022-02-15 22:10:56", 
            "shutdown_on": "2022-02-15 22:19:49"
        }, 
        "platform": null, 
        "version": "2.0.7", 
        "options": "procmemdump=yes,route=internet"
    }, 
    "extracted": [
        {
            "category": "script", 
            "yara": [], 
            "info": {}, 
            "pid": 2944, 
            "raw": "/srv/cuckoo/cwd/storage/analyses/2752993/extracted/0.bat", 
            "program": "cmd", 
            "first_seen": 1644961787.34375
        }
    ], 
    "signatures": [], 
    "target": {
        "category": "file", 
        "file": {
            "mimetype": "application/octet-stream", 
            "yara": [], 
            "sha1": "9698bbc12371db23c1761fc03a783c9cffa1a859", 
            "name": "systemreset.exe", 
            "type": "data", 
            "sha256": "f86c3f6bb478d0d996cb28b354dc60c37b0f2a1bc24cadd142f183ffe4fb687d", 
            "urls": [], 
            "crc32": "6692B0EB", 
            "path": "/srv/cuckoo/cwd/storage/binaries/f86c3f6bb478d0d996cb28b354dc60c37b0f2a1bc24cadd142f183ffe4fb687d", 
            "ssdeep": "384:O+hx/v46Lg3pc3hoHvVU5C8H6OWoFWNZwWyYk+NaG:OyxWpc3h0doC8H6OWoERgYX", 
            "size": 15176, 
            "sha512": "96fb369a67eacd6a8789754969896de570231397558c8a794d59c0cce80b4bd48d6dd7b411eb7a36e7af1e1f140c56dc97aaa5d4b9d4f90f41dbad4e7e4fd1d6", 
            "md5": "cf56d1187608de8b35bf7131e8a383bf"
        }, 
        "custom": null
    }, 
    "irma": {
        "status": 0, 
        "probes_finished": 16, 
        "scan_id": "809dc871-ce87-4fa3-a8ab-dc1142409951", 
        "parent_file_sha256": null, 
        "file_infos": {
            "mimetype": "data", 
            "sha1": "9698bbc12371db23c1761fc03a783c9cffa1a859", 
            "tags": [], 
            "timestamp_first_scan": 1644956391.34, 
            "size": 15176, 
            "timestamp_last_scan": 1644956400.05, 
            "sha256": "f86c3f6bb478d0d996cb28b354dc60c37b0f2a1bc24cadd142f183ffe4fb687d", 
            "md5": "cf56d1187608de8b35bf7131e8a383bf"
        }, 
        "scan_date": 1644956391, 
        "name": "f86c3f6bb478d0d996cb28b354dc60c37b0f2a1bc24cadd142f183ffe4fb687d", 
        "other_results": [], 
        "submitter": "cli", 
        "probes_total": 16, 
        "probe_results": {
            "antivirus": {
                "Avast Core Security (Linux)": {
                    "status": 0, 
                    "duration": 0.0, 
                    "version": "3.0.3", 
                    "results": null, 
                    "virus_database_version": "unavailable"
                }, 
                "F-Secure Antivirus (Linux)": {
                    "status": 0, 
                    "duration": 0.03, 
                    "version": "11.10", 
                    "results": null, 
                    "virus_database_version": "2022-02-04_03"
                }, 
                "Windows Defender (Windows)": {
                    "status": 0, 
                    "duration": 0.05, 
                    "version": "1.1.18800.4", 
                    "results": null, 
                    "virus_database_version": "1.355.1049.0"
                }, 
                "Comodo Antivirus (Linux)": {
                    "status": 0, 
                    "duration": 2.17, 
                    "version": "1.1.268025.1", 
                    "results": null, 
                    "virus_database_version": "2021-12-31"
                }, 
                "Kaspersky Antivirus (Win)": {
                    "status": 0, 
                    "duration": 0.57, 
                    "version": "21.3", 
                    "results": null, 
                    "virus_database_version": "unavailable"
                }, 
                "ESET NOD32 Antivirus (Linux)": {
                    "status": 0, 
                    "duration": 4.44, 
                    "version": "4.0.96", 
                    "results": null, 
                    "virus_database_version": "61ad92b8-1e6f6 (2022-02-04)"
                }, 
                "GData (Windows)": {
                    "status": 0, 
                    "duration": 0.19, 
                    "version": "5.5.20197.1358", 
                    "results": null, 
                    "virus_database_version": "unavailable"
                }, 
                "Forticlient (Linux)": {
                    "status": 0, 
                    "duration": 3.04, 
                    "version": "unavailable", 
                    "results": null, 
                    "virus_database_version": "unavailable"
                }, 
                "Avira (Windows)": {
                    "status": 0, 
                    "duration": 3.8, 
                    "version": "8.3.64.66", 
                    "results": null, 
                    "virus_database_version": "8.19.1.122"
                }, 
                "eScan Antivirus (Linux)": {
                    "status": 0, 
                    "duration": 3.88, 
                    "version": "7.0.21", 
                    "results": null, 
                    "virus_database_version": "7.91093 (04/02/2022)"
                }, 
                "McAfee CLI scanner (Linux)": {
                    "status": 0, 
                    "duration": 5.66, 
                    "version": "6.0.6.653", 
                    "results": null, 
                    "virus_database_version": "10247"
                }, 
                "Sophos Anti-Virus (Linux)": {
                    "status": 0, 
                    "duration": 6.29, 
                    "version": "5.85.0", 
                    "results": null, 
                    "virus_database_version": "5.90 (01 February 2022)"
                }, 
                "DrWeb Antivirus (Linux)": {
                    "status": 0, 
                    "duration": 0.09, 
                    "version": "11.1.11.2110182032", 
                    "results": null, 
                    "virus_database_version": "unavailable"
                }, 
                "ClamAV (Linux)": {
                    "status": 0, 
                    "duration": 0.01, 
                    "version": "0.103.5", 
                    "results": null, 
                    "virus_database_version": "26442"
                }, 
                "Bitdefender Antivirus (Linux)": {
                    "status": 0, 
                    "duration": 5.97, 
                    "version": "7.90123", 
                    "results": null, 
                    "virus_database_version": null
                }, 
                "Emsisoft Commandline Scanner (Windows)": {
                    "status": 0, 
                    "duration": 0.22, 
                    "version": "2021.10.0.11201", 
                    "results": null, 
                    "virus_database_version": "unavailable"
                }
            }
        }, 
        "path": "", 
        "result_id": "938d001c-a666-4b4c-a16a-473d8a0db1b3", 
        "file_sha256": "f86c3f6bb478d0d996cb28b354dc60c37b0f2a1bc24cadd142f183ffe4fb687d"
    }, 
    "suricata": {
        "tls": [], 
        "files": [], 
        "alerts": [], 
        "http": [
            {
                "status": "200", 
                "timestamp": "2022-02-15T22:14:47.747008+0200", 
                "referer": null, 
                "content_type": "application/pkix-crl", 
                "src_port": 49243, 
                "url": "/pki/crl/products/microsoftrootcert.crl", 
                "hostname": "crl.microsoft.com", 
                "src_ip": "192.168.168.217", 
                "length": 767, 
                "dst_port": 80, 
                "dst_ip": "83.255.218.17", 
                "method": "GET", 
                "user_agent": "Microsoft-CryptoAPI/6.1"
            }
        ]
    }, 
    "virustotal": {
        "scans": {
            "Bkav": {
                "detected": false, 
                "version": "1.3.0.9899", 
                "result": null, 
                "normalized": [], 
                "update": "20210815"
            }, 
            "Lionic": {
                "detected": false, 
                "version": "4.2", 
                "result": null, 
                "normalized": [], 
                "update": "20210815"
            }, 
            "MicroWorld-eScan": {
                "detected": false, 
                "version": "14.0.409.0", 
                "result": null, 
                "normalized": [], 
                "update": "20210815"
            }, 
            "FireEye": {
                "detected": false, 
                "version": "32.44.1.0", 
                "result": null, 
                "normalized": [], 
                "update": "20210815"
            }, 
            "CAT-QuickHeal": {
                "detected": false, 
                "version": "14.00", 
                "result": null, 
                "normalized": [], 
                "update": "20210815"
            }, 
            "ALYac": {
                "detected": false, 
                "version": "1.1.3.1", 
                "result": null, 
                "normalized": [], 
                "update": "20210815"
            }, 
            "Malwarebytes": {
                "detected": false, 
                "version": "4.2.2.27", 
                "result": null, 
                "normalized": [], 
                "update": "20210815"
            }, 
            "Zillya": {
                "detected": false, 
                "version": "2.0.0.4429", 
                "result": null, 
                "normalized": [], 
                "update": "20210813"
            }, 
            "K7AntiVirus": {
                "detected": false, 
                "version": "11.204.37998", 
                "result": null, 
                "normalized": [], 
                "update": "20210815"
            }, 
            "K7GW": {
                "detected": false, 
                "version": "11.204.37998", 
                "result": null, 
                "normalized": [], 
                "update": "20210815"
            }, 
            "BitDefenderTheta": {
                "detected": false, 
                "version": "7.2.37796.0", 
                "result": null, 
                "normalized": [], 
                "update": "20210803"
            }, 
            "Cyren": {
                "detected": false, 
                "version": "6.3.0.2", 
                "result": null, 
                "normalized": [], 
                "update": "20210815"
            }, 
            "Symantec": {
                "detected": false, 
                "version": "1.15.0.0", 
                "result": null, 
                "normalized": [], 
                "update": "20210815"
            }, 
            "ESET-NOD32": {
                "detected": false, 
                "version": "23798", 
                "result": null, 
                "normalized": [], 
                "update": "20210815"
            }, 
            "Baidu": {
                "detected": false, 
                "version": "1.0.0.2", 
                "result": null, 
                "normalized": [], 
                "update": "20190318"
            }, 
            "TrendMicro-HouseCall": {
                "detected": false, 
                "version": "10.0.0.1040", 
                "result": null, 
                "normalized": [], 
                "update": "20210815"
            }, 
            "Avast": {
                "detected": false, 
                "version": "21.1.5827.0", 
                "result": null, 
                "normalized": [], 
                "update": "20210815"
            }, 
            "Cynet": {
                "detected": false, 
                "version": "4.0.0.27", 
                "result": null, 
                "normalized": [], 
                "update": "20210815"
            }, 
            "Kaspersky": {
                "detected": false, 
                "version": "21.0.1.45", 
                "result": null, 
                "normalized": [], 
                "update": "20210815"
            }, 
            "BitDefender": {
                "detected": false, 
                "version": "7.2", 
                "result": null, 
                "normalized": [], 
                "update": "20210815"
            }, 
            "NANO-Antivirus": {
                "detected": false, 
                "version": "1.0.146.25311", 
                "result": null, 
                "normalized": [], 
                "update": "20210815"
            }, 
            "SUPERAntiSpyware": {
                "detected": false, 
                "version": "5.6.0.1032", 
                "result": null, 
                "normalized": [], 
                "update": "20210814"
            }, 
            "Rising": {
                "detected": false, 
                "version": "25.0.0.26", 
                "result": null, 
                "normalized": [], 
                "update": "20210815"
            }, 
            "Ad-Aware": {
                "detected": false, 
                "version": "3.0.21.179", 
                "result": null, 
                "normalized": [], 
                "update": "20210815"
            }, 
            "Emsisoft": {
                "detected": false, 
                "version": "2021.4.0.5819", 
                "result": null, 
                "normalized": [], 
                "update": "20210815"
            }, 
            "Comodo": {
                "detected": false, 
                "version": "33806", 
                "result": null, 
                "normalized": [], 
                "update": "20210815"
            }, 
            "F-Secure": {
                "detected": false, 
                "version": "12.0.86.52", 
                "result": null, 
                "normalized": [], 
                "update": "20210815"
            }, 
            "DrWeb": {
                "detected": false, 
                "version": "7.0.49.9080", 
                "result": null, 
                "normalized": [], 
                "update": "20210815"
            }, 
            "VIPRE": {
                "detected": false, 
                "version": "94764", 
                "result": null, 
                "normalized": [], 
                "update": "20210815"
            }, 
            "McAfee-GW-Edition": {
                "detected": false, 
                "version": "v2019.1.2+3728", 
                "result": null, 
                "normalized": [], 
                "update": "20210815"
            }, 
            "CMC": {
                "detected": false, 
                "version": "2.10.2019.1", 
                "result": null, 
                "normalized": [], 
                "update": "20210814"
            }, 
            "Sophos": {
                "detected": false, 
                "version": "1.3.0.0", 
                "result": null, 
                "normalized": [], 
                "update": "20210815"
            }, 
            "Ikarus": {
                "detected": false, 
                "version": "0.1.5.2", 
                "result": null, 
                "normalized": [], 
                "update": "20210815"
            }, 
            "Jiangmin": {
                "detected": false, 
                "version": "16.0.100", 
                "result": null, 
                "normalized": [], 
                "update": "20210814"
            }, 
            "Avira": {
                "detected": false, 
                "version": "8.3.3.12", 
                "result": null, 
                "normalized": [], 
                "update": "20210815"
            }, 
            "Antiy-AVL": {
                "detected": false, 
                "version": "3.0.0.1", 
                "result": null, 
                "normalized": [], 
                "update": "20210814"
            }, 
            "Kingsoft": {
                "detected": false, 
                "version": "2017.9.26.565", 
                "result": null, 
                "normalized": [], 
                "update": "20210815"
            }, 
            "Microsoft": {
                "detected": false, 
                "version": "1.1.18400.5", 
                "result": null, 
                "normalized": [], 
                "update": "20210815"
            }, 
            "Gridinsoft": {
                "detected": false, 
                "version": "1.0.51.144", 
                "result": null, 
                "normalized": [], 
                "update": "20210815"
            }, 
            "Arcabit": {
                "detected": false, 
                "version": "1.0.0.886", 
                "result": null, 
                "normalized": [], 
                "update": "20210815"
            }, 
            "ViRobot": {
                "detected": false, 
                "version": "2014.3.20.0", 
                "result": null, 
                "normalized": [], 
                "update": "20210815"
            }, 
            "ZoneAlarm": {
                "detected": false, 
                "version": "1.0", 
                "result": null, 
                "normalized": [], 
                "update": "20210815"
            }, 
            "GData": {
                "detected": false, 
                "version": "A:25.30585B:27.24100", 
                "result": null, 
                "normalized": [], 
                "update": "20210815"
            }, 
            "AhnLab-V3": {
                "detected": false, 
                "version": "3.20.4.10148", 
                "result": null, 
                "normalized": [], 
                "update": "20210815"
            }, 
            "McAfee": {
                "detected": false, 
                "version": "6.0.6.653", 
                "result": null, 
                "normalized": [], 
                "update": "20210815"
            }, 
            "TACHYON": {
                "detected": false, 
                "version": "2021-08-15.02", 
                "result": null, 
                "normalized": [], 
                "update": "20210815"
            }, 
            "VBA32": {
                "detected": false, 
                "version": "5.0.0", 
                "result": null, 
                "normalized": [], 
                "update": "20210813"
            }, 
            "Zoner": {
                "detected": false, 
                "version": "0.0.0.0", 
                "result": null, 
                "normalized": [], 
                "update": "20210814"
            }, 
            "Tencent": {
                "detected": false, 
                "version": "1.0.0.1", 
                "result": null, 
                "normalized": [], 
                "update": "20210815"
            }, 
            "Yandex": {
                "detected": false, 
                "version": "5.5.2.24", 
                "result": null, 
                "normalized": [], 
                "update": "20210814"
            }, 
            "MAX": {
                "detected": false, 
                "version": "2019.9.16.1", 
                "result": null, 
                "normalized": [], 
                "update": "20210815"
            }, 
            "MaxSecure": {
                "detected": false, 
                "version": "1.0.0.1", 
                "result": null, 
                "normalized": [], 
                "update": "20210815"
            }, 
            "Fortinet": {
                "detected": false, 
                "version": "6.2.142.0", 
                "result": null, 
                "normalized": [], 
                "update": "20210815"
            }, 
            "Panda": {
                "detected": false, 
                "version": "4.6.4.2", 
                "result": null, 
                "normalized": [], 
                "update": "20210815"
            }, 
            "Qihoo-360": {
                "detected": false, 
                "version": "1.0.0.1300", 
                "result": null, 
                "normalized": [], 
                "update": "20210815"
            }
        }, 
        "scan_id": "f86c3f6bb478d0d996cb28b354dc60c37b0f2a1bc24cadd142f183ffe4fb687d-1629051186", 
        "sha1": "9698bbc12371db23c1761fc03a783c9cffa1a859", 
        "resource": "cf56d1187608de8b35bf7131e8a383bf", 
        "response_code": 1, 
        "scan_date": "2021-08-15 18:13:06", 
        "permalink": "https://www.virustotal.com/gui/file/f86c3f6bb478d0d996cb28b354dc60c37b0f2a1bc24cadd142f183ffe4fb687d/detection/f-f86c3f6bb478d0d996cb28b354dc60c37b0f2a1bc24cadd142f183ffe4fb687d-1629051186", 
        "summary": {
            "positives": 0, 
            "permalink": "https://www.virustotal.com/gui/file/f86c3f6bb478d0d996cb28b354dc60c37b0f2a1bc24cadd142f183ffe4fb687d/detection/f-f86c3f6bb478d0d996cb28b354dc60c37b0f2a1bc24cadd142f183ffe4fb687d-1629051186", 
            "scan_date": "2021-08-15 18:13:06"
        }, 
        "sha256": "f86c3f6bb478d0d996cb28b354dc60c37b0f2a1bc24cadd142f183ffe4fb687d", 
        "normalized": [], 
        "total": 55, 
        "positives": 0, 
        "verbose_msg": "Scan finished, information embedded", 
        "md5": "cf56d1187608de8b35bf7131e8a383bf"
    }, 
    "sysmon": [
        {
            "@xmlns": "http://schemas.microsoft.com/win/2004/08/events/event", 
            "System": {
                "Provider": {
                    "@Name": "Microsoft-Windows-Sysmon", 
                    "@Guid": "{5770385F-C22A-43E0-BF4C-06F5698FFBD9}"
                }, 
                "EventID": "1", 
                "Version": "5", 
                "Level": "4", 
                "Task": "1", 
                "Opcode": "0", 
                "Keywords": "0x8000000000000000", 
                "TimeCreated": {
                    "@SystemTime": "2022-02-15T19:49:48.968750000Z"
                }, 
                "EventRecordID": "9290", 
                "Correlation": null, 
                "Execution": {
                    "@ProcessID": "1236", 
                    "@ThreadID": "1852"
                }, 
                "Channel": "Microsoft-Windows-Sysmon/Operational", 
                "Computer": "UqlMvvbCpTlNmzr", 
                "Security": {
                    "@UserID": "S-1-5-18"
                }
            }, 
            "EventData": {
                "Data": [
                    {
                        "@Name": "RuleName"
                    }, 
                    {
                        "@Name": "UtcTime", 
                        "#text": "2020-06-16 02:30:33.454"
                    }, 
                    {
                        "@Name": "ProcessGuid", 
                        "#text": "{7EA2F8B5-2EC9-5EE8-0000-00107C5DF100}"
                    }, 
                    {
                        "@Name": "ProcessId", 
                        "#text": "2784"
                    }, 
                    {
                        "@Name": "Image", 
                        "#text": "C:\\Windows\\System32\\SearchProtocolHost.exe"
                    }, 
                    {
                        "@Name": "FileVersion", 
                        "#text": "7.00.7600.16385 (win7_rtm.090713-1255)"
                    }, 
                    {
                        "@Name": "Description", 
                        "#text": "Microsoft Windows Search Protocol Host"
                    }, 
                    {
                        "@Name": "Product", 
                        "#text": "Windows\u00ae Search"
                    }, 
                    {
                        "@Name": "Company", 
                        "#text": "Microsoft Corporation"
                    }, 
                    {
                        "@Name": "CommandLine", 
                        "#text": "\"C:\\Windows\\system32\\SearchProtocolHost.exe\" Global\\UsGthrFltPipeMssGthrPipe5_ Global\\UsGthrCtrlFltPipeMssGthrPipe5 1 -2147483646 \"Software\\Microsoft\\Windows Search\" \"Mozilla/4.0 (compatible; MSIE 6.0; Windows NT; MS Search 4.0 Robot)\" \"C:\\ProgramData\\Microsoft\\Search\\Data\\Temp\\usgthrsvc\" \"DownLevelDaemon\""
                    }, 
                    {
                        "@Name": "CurrentDirectory", 
                        "#text": "C:\\Windows\\system32\\"
                    }, 
                    {
                        "@Name": "User", 
                        "#text": "NT AUTHORITY\\SYSTEM"
                    }, 
                    {
                        "@Name": "LogonGuid", 
                        "#text": "{7EA2F8B5-2CBA-5EE8-0000-0020E7030000}"
                    }, 
                    {
                        "@Name": "LogonId", 
                        "#text": "0x3e7"
                    }, 
                    {
                        "@Name": "TerminalSessionId", 
                        "#text": "0"
                    }, 
                    {
                        "@Name": "IntegrityLevel", 
                        "#text": "System"
                    }, 
                    {
                        "@Name": "Hashes", 
                        "#text": "SHA1=A8DCF7D63A8BB5ABEF8787775957A5BB6C0F3F77"
                    }, 
                    {
                        "@Name": "ParentProcessGuid", 
                        "#text": "{7EA2F8B5-2CC3-5EE8-0000-0010ABFA0500}"
                    }, 
                    {
                        "@Name": "ParentProcessId", 
                        "#text": "2252"
                    }, 
                    {
                        "@Name": "ParentImage", 
                        "#text": "C:\\Windows\\System32\\SearchIndexer.exe"
                    }, 
                    {
                        "@Name": "ParentCommandLine", 
                        "#text": "C:\\Windows\\system32\\SearchIndexer.exe /Embedding"
                    }
                ]
            }
        }, 
        {
            "@xmlns": "http://schemas.microsoft.com/win/2004/08/events/event", 
            "System": {
                "Provider": {
                    "@Name": "Microsoft-Windows-Sysmon", 
                    "@Guid": "{5770385F-C22A-43E0-BF4C-06F5698FFBD9}"
                }, 
                "EventID": "5", 
                "Version": "3", 
                "Level": "4", 
                "Task": "5", 
                "Opcode": "0", 
                "Keywords": "0x8000000000000000", 
                "TimeCreated": {
                    "@SystemTime": "2022-02-15T19:49:48.671875000Z"
                }, 
                "EventRecordID": "9289", 
                "Correlation": null, 
                "Execution": {
                    "@ProcessID": "1236", 
                    "@ThreadID": "1852"
                }, 
                "Channel": "Microsoft-Windows-Sysmon/Operational", 
                "Computer": "UqlMvvbCpTlNmzr", 
                "Security": {
                    "@UserID": "S-1-5-18"
                }
            }, 
            "EventData": {
                "Data": [
                    {
                        "@Name": "RuleName"
                    }, 
                    {
                        "@Name": "UtcTime", 
                        "#text": "2020-06-16 02:30:33.157"
                    }, 
                    {
                        "@Name": "ProcessGuid", 
                        "#text": "{7EA2F8B5-2E50-5EE8-0000-0010F98FBC00}"
                    }, 
                    {
                        "@Name": "ProcessId", 
                        "#text": "2340"
                    }, 
                    {
                        "@Name": "Image", 
                        "#text": "C:\\Windows\\System32\\find.exe"
                    }
                ]
            }
        }, 
        {
            "@xmlns": "http://schemas.microsoft.com/win/2004/08/events/event", 
            "System": {
                "Provider": {
                    "@Name": "Microsoft-Windows-Sysmon", 
                    "@Guid": "{5770385F-C22A-43E0-BF4C-06F5698FFBD9}"
                }, 
                "EventID": "5", 
                "Version": "3", 
                "Level": "4", 
                "Task": "5", 
                "Opcode": "0", 
                "Keywords": "0x8000000000000000", 
                "TimeCreated": {
                    "@SystemTime": "2022-02-15T19:49:48.437500000Z"
                }, 
                "EventRecordID": "9288", 
                "Correlation": null, 
                "Execution": {
                    "@ProcessID": "1236", 
                    "@ThreadID": "1852"
                }, 
                "Channel": "Microsoft-Windows-Sysmon/Operational", 
                "Computer": "UqlMvvbCpTlNmzr", 
                "Security": {
                    "@UserID": "S-1-5-18"
                }
            }, 
            "EventData": {
                "Data": [
                    {
                        "@Name": "RuleName"
                    }, 
                    {
                        "@Name": "UtcTime", 
                        "#text": "2020-06-16 02:30:32.922"
                    }, 
                    {
                        "@Name": "ProcessGuid", 
                        "#text": "{00000000-0000-0000-0000-000000000000}"
                    }, 
                    {
                        "@Name": "ProcessId", 
                        "#text": "2848"
                    }, 
                    {
                        "@Name": "Image", 
                        "#text": "<unknown process>"
                    }
                ]
            }
        }, 
        {
            "@xmlns": "http://schemas.microsoft.com/win/2004/08/events/event", 
            "System": {
                "Provider": {
                    "@Name": "Microsoft-Windows-Sysmon", 
                    "@Guid": "{5770385F-C22A-43E0-BF4C-06F5698FFBD9}"
                }, 
                "EventID": "5", 
                "Version": "3", 
                "Level": "4", 
                "Task": "5", 
                "Opcode": "0", 
                "Keywords": "0x8000000000000000", 
                "TimeCreated": {
                    "@SystemTime": "2022-02-15T19:49:48.421875000Z"
                }, 
                "EventRecordID": "9287", 
                "Correlation": null, 
                "Execution": {
                    "@ProcessID": "1236", 
                    "@ThreadID": "1852"
                }, 
                "Channel": "Microsoft-Windows-Sysmon/Operational", 
                "Computer": "UqlMvvbCpTlNmzr", 
                "Security": {
                    "@UserID": "S-1-5-18"
                }
            }, 
            "EventData": {
                "Data": [
                    {
                        "@Name": "RuleName"
                    }, 
                    {
                        "@Name": "UtcTime", 
                        "#text": "2020-06-16 02:30:32.922"
                    }, 
                    {
                        "@Name": "ProcessGuid", 
                        "#text": "{7EA2F8B5-2EC3-5EE8-0000-00102C98EE00}"
                    }, 
                    {
                        "@Name": "ProcessId", 
                        "#text": "1916"
                    }, 
                    {
                        "@Name": "Image", 
                        "#text": "C:\\Program Files (x86)\\Windows Media Player\\setup_wm.exe"
                    }
                ]
            }
        }, 
        {
            "@xmlns": "http://schemas.microsoft.com/win/2004/08/events/event", 
            "System": {
                "Provider": {
                    "@Name": "Microsoft-Windows-Sysmon", 
                    "@Guid": "{5770385F-C22A-43E0-BF4C-06F5698FFBD9}"
                }, 
                "EventID": "1", 
                "Version": "5", 
                "Level": "4", 
                "Task": "1", 
                "Opcode": "0", 
                "Keywords": "0x8000000000000000", 
                "TimeCreated": {
                    "@SystemTime": "2022-02-15T19:49:48.406250000Z"
                }, 
                "EventRecordID": "9286", 
                "Correlation": null, 
                "Execution": {
                    "@ProcessID": "1236", 
                    "@ThreadID": "1852"
                }, 
                "Channel": "Microsoft-Windows-Sysmon/Operational", 
                "Computer": "UqlMvvbCpTlNmzr", 
                "Security": {
                    "@UserID": "S-1-5-18"
                }
            }, 
            "EventData": {
                "Data": [
                    {
                        "@Name": "RuleName"
                    }, 
                    {
                        "@Name": "UtcTime", 
                        "#text": "2020-06-16 02:30:32.907"
                    }, 
                    {
                        "@Name": "ProcessGuid", 
                        "#text": "{7EA2F8B5-2EC8-5EE8-0000-0010BCFDF000}"
                    }, 
                    {
                        "@Name": "ProcessId", 
                        "#text": "2340"
                    }, 
                    {
                        "@Name": "Image", 
                        "#text": "C:\\Windows\\System32\\unregmp2.exe"
                    }, 
                    {
                        "@Name": "FileVersion", 
                        "#text": "12.0.7600.16385 (win7_rtm.090713-1255)"
                    }, 
                    {
                        "@Name": "Description", 
                        "#text": "Microsoft Windows Media Player Setup Utility"
                    }, 
                    {
                        "@Name": "Product", 
                        "#text": "Microsoft\u00ae Windows\u00ae Operating System"
                    }, 
                    {
                        "@Name": "Company", 
                        "#text": "Microsoft Corporation"
                    }, 
                    {
                        "@Name": "CommandLine", 
                        "#text": "\"C:\\Windows\\SysNative\\unregmp2.exe\" /PerformIndivIfNeeded /REENTRANT"
                    }, 
                    {
                        "@Name": "CurrentDirectory", 
                        "#text": "C:\\Program Files (x86)\\Windows Media Player\\"
                    }, 
                    {
                        "@Name": "User", 
                        "#text": "UQLMVVBCPTLNMZR\\Administrator"
                    }, 
                    {
                        "@Name": "LogonGuid", 
                        "#text": "{7EA2F8B5-2CBC-5EE8-0000-0020C6290100}"
                    }, 
                    {
                        "@Name": "LogonId", 
                        "#text": "0x129c6"
                    }, 
                    {
                        "@Name": "TerminalSessionId", 
                        "#text": "1"
                    }, 
                    {
                        "@Name": "IntegrityLevel", 
                        "#text": "High"
                    }, 
                    {
                        "@Name": "Hashes", 
                        "#text": "SHA1=F68F45B21B911906F3AA982E64504E662A92E5AB"
                    }, 
                    {
                        "@Name": "ParentProcessGuid", 
                        "#text": "{00000000-0000-0000-0000-000000000000}"
                    }, 
                    {
                        "@Name": "ParentProcessId", 
                        "#text": "2848"
                    }, 
                    {
                        "@Name": "ParentImage", 
                        "#text": "?"
                    }, 
                    {
                        "@Name": "ParentCommandLine", 
                        "#text": "?"
                    }
                ]
            }
        }, 
        {
            "@xmlns": "http://schemas.microsoft.com/win/2004/08/events/event", 
            "System": {
                "Provider": {
                    "@Name": "Microsoft-Windows-Sysmon", 
                    "@Guid": "{5770385F-C22A-43E0-BF4C-06F5698FFBD9}"
                }, 
                "EventID": "1", 
                "Version": "5", 
                "Level": "4", 
                "Task": "1", 
                "Opcode": "0", 
                "Keywords": "0x8000000000000000", 
                "TimeCreated": {
                    "@SystemTime": "2022-02-15T19:49:48.390625000Z"
                }, 
                "EventRecordID": "9285", 
                "Correlation": null, 
                "Execution": {
                    "@ProcessID": "1236", 
                    "@ThreadID": "1852"
                }, 
                "Channel": "Microsoft-Windows-Sysmon/Operational", 
                "Computer": "UqlMvvbCpTlNmzr", 
                "Security": {
                    "@UserID": "S-1-5-18"
                }
            }, 
            "EventData": {
                "Data": [
                    {
                        "@Name": "RuleName"
                    }, 
                    {
                        "@Name": "UtcTime", 
                        "#text": "2020-06-16 02:30:32.907"
                    }, 
                    {
                        "@Name": "ProcessGuid", 
                        "#text": "{7EA2F8B5-2EC8-5EE8-0000-00104FF9F000}"
                    }, 
                    {
                        "@Name": "ProcessId", 
                        "#text": "2952"
                    }, 
                    {
                        "@Name": "Image", 
                        "#text": "C:\\Program Files (x86)\\Windows Media Player\\wmplayer.exe"
                    }, 
                    {
                        "@Name": "FileVersion", 
                        "#text": "12.0.7600.16385 (win7_rtm.090713-1255)"
                    }, 
                    {
                        "@Name": "Description", 
                        "#text": "Windows Media Player"
                    }, 
                    {
                        "@Name": "Product", 
                        "#text": "Microsoft\u00ae Windows\u00ae Operating System"
                    }, 
                    {
                        "@Name": "Company", 
                        "#text": "Microsoft Corporation"
                    }, 
                    {
                        "@Name": "CommandLine", 
                        "#text": "\"C:\\Program Files (x86)\\Windows Media Player\\wmplayer.exe\" /Relaunch  /prefetch:1"
                    }, 
                    {
                        "@Name": "CurrentDirectory", 
                        "#text": "C:\\Program Files (x86)\\Windows Media Player\\"
                    }, 
                    {
                        "@Name": "User", 
                        "#text": "UQLMVVBCPTLNMZR\\Administrator"
                    }, 
                    {
                        "@Name": "LogonGuid", 
                        "#text": "{7EA2F8B5-2CBC-5EE8-0000-0020C6290100}"
                    }, 
                    {
                        "@Name": "LogonId", 
                        "#text": "0x129c6"
                    }, 
                    {
                        "@Name": "TerminalSessionId", 
                        "#text": "1"
                    }, 
                    {
                        "@Name": "IntegrityLevel", 
                        "#text": "High"
                    }, 
                    {
                        "@Name": "Hashes", 
                        "#text": "SHA1=AC4440D2D6844B624ABD095FC9ECE4409C2031C3"
                    }, 
                    {
                        "@Name": "ParentProcessGuid", 
                        "#text": "{7EA2F8B5-2EC3-5EE8-0000-00102C98EE00}"
                    }, 
                    {
                        "@Name": "ParentProcessId", 
                        "#text": "1916"
                    }, 
                    {
                        "@Name": "ParentImage", 
                        "#text": "C:\\Program Files (x86)\\Windows Media Player\\setup_wm.exe"
                    }, 
                    {
                        "@Name": "ParentCommandLine", 
                        "#text": "\"C:\\Program Files (x86)\\Windows Media Player\\setup_wm.exe\" /RunOnce:\"C:\\Program Files (x86)\\Windows Media Player\\wmplayer.exe\" /prefetch:1"
                    }
                ]
            }
        }, 
        {
            "@xmlns": "http://schemas.microsoft.com/win/2004/08/events/event", 
            "System": {
                "Provider": {
                    "@Name": "Microsoft-Windows-Sysmon", 
                    "@Guid": "{5770385F-C22A-43E0-BF4C-06F5698FFBD9}"
                }, 
                "EventID": "5", 
                "Version": "3", 
                "Level": "4", 
                "Task": "5", 
                "Opcode": "0", 
                "Keywords": "0x8000000000000000", 
                "TimeCreated": {
                    "@SystemTime": "2022-02-15T19:49:48.250000000Z"
                }, 
                "EventRecordID": "9284", 
                "Correlation": null, 
                "Execution": {
                    "@ProcessID": "1236", 
                    "@ThreadID": "1852"
                }, 
                "Channel": "Microsoft-Windows-Sysmon/Operational", 
                "Computer": "UqlMvvbCpTlNmzr", 
                "Security": {
                    "@UserID": "S-1-5-18"
                }
            }, 
            "EventData": {
                "Data": [
                    {
                        "@Name": "RuleName"
                    }, 
                    {
                        "@Name": "UtcTime", 
                        "#text": "2020-06-16 02:30:32.782"
                    }, 
                    {
                        "@Name": "ProcessGuid", 
                        "#text": "{7EA2F8B5-2EC8-5EE8-0000-001003A6F000}"
                    }, 
                    {
                        "@Name": "ProcessId", 
                        "#text": "508"
                    }, 
                    {
                        "@Name": "Image", 
                        "#text": "C:\\Windows\\SysWOW64\\unregmp2.exe"
                    }
                ]
            }
        }, 
        {
            "@xmlns": "http://schemas.microsoft.com/win/2004/08/events/event", 
            "System": {
                "Provider": {
                    "@Name": "Microsoft-Windows-Sysmon", 
                    "@Guid": "{5770385F-C22A-43E0-BF4C-06F5698FFBD9}"
                }, 
                "EventID": "1", 
                "Version": "5", 
                "Level": "4", 
                "Task": "1", 
                "Opcode": "0", 
                "Keywords": "0x8000000000000000", 
                "TimeCreated": {
                    "@SystemTime": "2022-02-15T19:49:47.953125000Z"
                }, 
                "EventRecordID": "9283", 
                "Correlation": null, 
                "Execution": {
                    "@ProcessID": "1236", 
                    "@ThreadID": "1852"
                }, 
                "Channel": "Microsoft-Windows-Sysmon/Operational", 
                "Computer": "UqlMvvbCpTlNmzr", 
                "Security": {
                    "@UserID": "S-1-5-18"
                }
            }, 
            "EventData": {
                "Data": [
                    {
                        "@Name": "RuleName"
                    }, 
                    {
                        "@Name": "UtcTime", 
                        "#text": "2020-06-16 02:30:32.454"
                    }, 
                    {
                        "@Name": "ProcessGuid", 
                        "#text": "{7EA2F8B5-2EC8-5EE8-0000-001003A6F000}"
                    }, 
                    {
                        "@Name": "ProcessId", 
                        "#text": "508"
                    }, 
                    {
                        "@Name": "Image", 
                        "#text": "C:\\Windows\\SysWOW64\\unregmp2.exe"
                    }, 
                    {
                        "@Name": "FileVersion", 
                        "#text": "12.0.7600.16385 (win7_rtm.090713-1255)"
                    }, 
                    {
                        "@Name": "Description", 
                        "#text": "Microsoft Windows Media Player Setup Utility"
                    }, 
                    {
                        "@Name": "Product", 
                        "#text": "Microsoft\u00ae Windows\u00ae Operating System"
                    }, 
                    {
                        "@Name": "Company", 
                        "#text": "Microsoft Corporation"
                    }, 
                    {
                        "@Name": "CommandLine", 
                        "#text": "C:\\Windows\\system32\\unregmp2.exe /ShowWMP /SetShowState /CreateMediaLibrary"
                    }, 
                    {
                        "@Name": "CurrentDirectory", 
                        "#text": "C:\\Program Files (x86)\\Windows Media Player\\"
                    }, 
                    {
                        "@Name": "User", 
                        "#text": "UQLMVVBCPTLNMZR\\Administrator"
                    }, 
                    {
                        "@Name": "LogonGuid", 
                        "#text": "{7EA2F8B5-2CBC-5EE8-0000-0020C6290100}"
                    }, 
                    {
                        "@Name": "LogonId", 
                        "#text": "0x129c6"
                    }, 
                    {
                        "@Name": "TerminalSessionId", 
                        "#text": "1"
                    }, 
                    {
                        "@Name": "IntegrityLevel", 
                        "#text": "High"
                    }, 
                    {
                        "@Name": "Hashes", 
                        "#text": "SHA1=BC78131D32E13254718300CD839419510F86FA4E"
                    }, 
                    {
                        "@Name": "ParentProcessGuid", 
                        "#text": "{7EA2F8B5-2EC3-5EE8-0000-00102C98EE00}"
                    }, 
                    {
                        "@Name": "ParentProcessId", 
                        "#text": "1916"
                    }, 
                    {
                        "@Name": "ParentImage", 
                        "#text": "C:\\Program Files (x86)\\Windows Media Player\\setup_wm.exe"
                    }, 
                    {
                        "@Name": "ParentCommandLine", 
                        "#text": "\"C:\\Program Files (x86)\\Windows Media Player\\setup_wm.exe\" /RunOnce:\"C:\\Program Files (x86)\\Windows Media Player\\wmplayer.exe\" /prefetch:1"
                    }
                ]
            }
        }, 
