        {
            "@xmlns": "http://schemas.microsoft.com/win/2004/08/events/event", 
            "System": {
                "Provider": {
                    "@Name": "Microsoft-Windows-Sysmon", 
                    "@Guid": "{5770385F-C22A-43E0-BF4C-06F5698FFBD9}"
                }, 
                "EventID": "1", 
                "Version": "5", 
                "Level": "4", 
                "Task": "1", 
                "Opcode": "0", 
                "Keywords": "0x8000000000000000", 
                "TimeCreated": {
                    "@SystemTime": "2022-02-16T00:28:21.612375000Z"
                }, 
                "EventRecordID": "10499", 
                "Correlation": null, 
                "Execution": {
                    "@ProcessID": "1248", 
                    "@ThreadID": "1848"
                }, 
                "Channel": "Microsoft-Windows-Sysmon/Operational", 
                "Computer": "eUigbspVtnrdyDo", 
                "Security": {
                    "@UserID": "S-1-5-18"
                }
            }, 
            "EventData": {
                "Data": [
                    {
                        "@Name": "RuleName"
                    }, 
                    {
                        "@Name": "UtcTime", 
                        "#text": "2022-02-16 00:01:23.234"
                    }, 
                    {
                        "@Name": "ProcessGuid", 
                        "#text": "{7EA2F8B5-3ED3-620C-0000-0010E289E501}"
                    }, 
                    {
                        "@Name": "ProcessId", 
                        "#text": "2128"
                    }, 
                    {
                        "@Name": "Image", 
                        "#text": "C:\\Windows\\System32\\conhost.exe"
                    }, 
                    {
                        "@Name": "FileVersion", 
                        "#text": "6.1.7600.16385 (win7_rtm.090713-1255)"
                    }, 
                    {
                        "@Name": "Description", 
                        "#text": "Console Window Host"
                    }, 
                    {
                        "@Name": "Product", 
                        "#text": "Microsoft\u00ae Windows\u00ae Operating System"
                    }, 
                    {
                        "@Name": "Company", 
                        "#text": "Microsoft Corporation"
                    }, 
                    {
                        "@Name": "CommandLine", 
                        "#text": "\\??\\C:\\Windows\\system32\\conhost.exe \"1384189157483404090-172501234210173346280899131-25771928-802012873-491627423\""
                    }, 
                    {
                        "@Name": "CurrentDirectory", 
                        "#text": "C:\\Windows\\system32\\"
                    }, 
                    {
                        "@Name": "User", 
                        "#text": "EUIGBSPVTNRDYDO\\Administrator"
                    }, 
                    {
                        "@Name": "LogonGuid", 
                        "#text": "{7EA2F8B5-216C-5EE8-0000-0020A4240100}"
                    }, 
                    {
                        "@Name": "LogonId", 
                        "#text": "0x124a4"
                    }, 
                    {
                        "@Name": "TerminalSessionId", 
                        "#text": "1"
                    }, 
                    {
                        "@Name": "IntegrityLevel", 
                        "#text": "High"
                    }, 
                    {
                        "@Name": "Hashes", 
                        "#text": "SHA1=D836FCE5EE3175E5178DADD40E1FEC98A83FBCE9"
                    }, 
                    {
                        "@Name": "ParentProcessGuid", 
                        "#text": "{7EA2F8B5-216B-5EE8-0000-00107A4E0000}"
                    }, 
                    {
                        "@Name": "ParentProcessId", 
                        "#text": "412"
                    }, 
                    {
                        "@Name": "ParentImage", 
                        "#text": "C:\\Windows\\System32\\csrss.exe"
                    }, 
                    {
                        "@Name": "ParentCommandLine", 
                        "#text": "%SystemRoot%\\system32\\csrss.exe ObjectDirectory=\\Windows SharedSection=1024,20480,768 Windows=On SubSystemType=Windows ServerDll=basesrv,1 ServerDll=winsrv:UserServerDllInitialization,3 ServerDll=winsrv:ConServerDllInitialization,2 ServerDll=sxssrv,4 ProfileControl=Off MaxRequestThreads=16"
                    }
                ]
            }
        }, 
        {
            "@xmlns": "http://schemas.microsoft.com/win/2004/08/events/event", 
            "System": {
                "Provider": {
                    "@Name": "Microsoft-Windows-Sysmon", 
                    "@Guid": "{5770385F-C22A-43E0-BF4C-06F5698FFBD9}"
                }, 
                "EventID": "3", 
                "Version": "5", 
                "Level": "4", 
                "Task": "3", 
                "Opcode": "0", 
                "Keywords": "0x8000000000000000", 
                "TimeCreated": {
                    "@SystemTime": "2022-02-16T00:28:21.581125000Z"
                }, 
                "EventRecordID": "10498", 
                "Correlation": null, 
                "Execution": {
                    "@ProcessID": "1248", 
                    "@ThreadID": "1852"
                }, 
                "Channel": "Microsoft-Windows-Sysmon/Operational", 
                "Computer": "eUigbspVtnrdyDo", 
                "Security": {
                    "@UserID": "S-1-5-18"
                }
            }, 
            "EventData": {
                "Data": [
                    {
                        "@Name": "RuleName"
                    }, 
                    {
                        "@Name": "UtcTime", 
                        "#text": "2020-06-16 01:50:54.306"
                    }, 
                    {
                        "@Name": "ProcessGuid", 
                        "#text": "{7EA2F8B5-216C-5EE8-0000-001018E70000}"
                    }, 
                    {
                        "@Name": "ProcessId", 
                        "#text": "580"
                    }, 
                    {
                        "@Name": "Image", 
                        "#text": "C:\\Windows\\System32\\svchost.exe"
                    }, 
                    {
                        "@Name": "User", 
                        "#text": "NT AUTHORITY\\NETWORK SERVICE"
                    }, 
                    {
                        "@Name": "Protocol", 
                        "#text": "udp"
                    }, 
                    {
                        "@Name": "Initiated", 
                        "#text": "false"
                    }, 
                    {
                        "@Name": "SourceIsIpv6", 
                        "#text": "false"
                    }, 
                    {
                        "@Name": "SourceIp", 
                        "#text": "224.0.0.252"
                    }, 
                    {
                        "@Name": "SourceHostname"
                    }, 
                    {
                        "@Name": "SourcePort", 
                        "#text": "5355"
                    }, 
                    {
                        "@Name": "SourcePortName", 
                        "#text": "llmnr"
                    }, 
                    {
                        "@Name": "DestinationIsIpv6", 
                        "#text": "false"
                    }, 
                    {
                        "@Name": "DestinationIp", 
                        "#text": "192.168.168.225"
                    }, 
                    {
                        "@Name": "DestinationHostname", 
                        "#text": "hQVHvOLTD"
                    }, 
                    {
                        "@Name": "DestinationPort", 
                        "#text": "63654"
                    }, 
                    {
                        "@Name": "DestinationPortName"
                    }
                ]
            }
        }, 
        {
            "@xmlns": "http://schemas.microsoft.com/win/2004/08/events/event", 
            "System": {
                "Provider": {
                    "@Name": "Microsoft-Windows-Sysmon", 
                    "@Guid": "{5770385F-C22A-43E0-BF4C-06F5698FFBD9}"
                }, 
                "EventID": "3", 
                "Version": "5", 
                "Level": "4", 
                "Task": "3", 
                "Opcode": "0", 
                "Keywords": "0x8000000000000000", 
                "TimeCreated": {
                    "@SystemTime": "2022-02-16T00:28:21.581125000Z"
                }, 
                "EventRecordID": "10497", 
                "Correlation": null, 
                "Execution": {
                    "@ProcessID": "1248", 
                    "@ThreadID": "1852"
                }, 
                "Channel": "Microsoft-Windows-Sysmon/Operational", 
                "Computer": "eUigbspVtnrdyDo", 
                "Security": {
                    "@UserID": "S-1-5-18"
                }
            }, 
            "EventData": {
                "Data": [
                    {
                        "@Name": "RuleName"
                    }, 
                    {
                        "@Name": "UtcTime", 
                        "#text": "2020-06-16 01:50:54.306"
                    }, 
                    {
                        "@Name": "ProcessGuid", 
                        "#text": "{7EA2F8B5-216C-5EE8-0000-001018E70000}"
                    }, 
                    {
                        "@Name": "ProcessId", 
                        "#text": "580"
                    }, 
                    {
                        "@Name": "Image", 
                        "#text": "C:\\Windows\\System32\\svchost.exe"
                    }, 
                    {
                        "@Name": "User", 
                        "#text": "NT AUTHORITY\\NETWORK SERVICE"
                    }, 
                    {
                        "@Name": "Protocol", 
                        "#text": "udp"
                    }, 
                    {
                        "@Name": "Initiated", 
                        "#text": "false"
                    }, 
                    {
                        "@Name": "SourceIsIpv6", 
                        "#text": "true"
                    }, 
                    {
                        "@Name": "SourceIp", 
                        "#text": "ff02:0:0:0:0:0:1:3"
                    }, 
                    {
                        "@Name": "SourceHostname"
                    }, 
                    {
                        "@Name": "SourcePort", 
                        "#text": "5355"
                    }, 
                    {
                        "@Name": "SourcePortName", 
                        "#text": "llmnr"
                    }, 
                    {
                        "@Name": "DestinationIsIpv6", 
                        "#text": "true"
                    }, 
                    {
                        "@Name": "DestinationIp", 
                        "#text": "fe80:0:0:0:fdc5:32e5:3d54:5626"
                    }, 
                    {
                        "@Name": "DestinationHostname", 
                        "#text": "hQVHvOLTD"
                    }, 
                    {
                        "@Name": "DestinationPort", 
                        "#text": "49538"
                    }, 
                    {
                        "@Name": "DestinationPortName"
                    }
                ]
            }
        }, 
        {
            "@xmlns": "http://schemas.microsoft.com/win/2004/08/events/event", 
            "System": {
                "Provider": {
                    "@Name": "Microsoft-Windows-Sysmon", 
                    "@Guid": "{5770385F-C22A-43E0-BF4C-06F5698FFBD9}"
                }, 
                "EventID": "3", 
                "Version": "5", 
                "Level": "4", 
                "Task": "3", 
                "Opcode": "0", 
                "Keywords": "0x8000000000000000", 
                "TimeCreated": {
                    "@SystemTime": "2022-02-16T00:28:21.581125000Z"
                }, 
                "EventRecordID": "10496", 
                "Correlation": null, 
                "Execution": {
                    "@ProcessID": "1248", 
                    "@ThreadID": "1852"
                }, 
                "Channel": "Microsoft-Windows-Sysmon/Operational", 
                "Computer": "eUigbspVtnrdyDo", 
                "Security": {
                    "@UserID": "S-1-5-18"
                }
            }, 
            "EventData": {
                "Data": [
                    {
                        "@Name": "RuleName"
                    }, 
                    {
                        "@Name": "UtcTime", 
                        "#text": "2020-06-16 01:50:54.212"
                    }, 
                    {
                        "@Name": "ProcessGuid", 
                        "#text": "{7EA2F8B5-216C-5EE8-0000-001018E70000}"
                    }, 
                    {
                        "@Name": "ProcessId", 
                        "#text": "580"
                    }, 
                    {
                        "@Name": "Image", 
                        "#text": "C:\\Windows\\System32\\svchost.exe"
                    }, 
                    {
                        "@Name": "User", 
                        "#text": "NT AUTHORITY\\NETWORK SERVICE"
                    }, 
                    {
                        "@Name": "Protocol", 
                        "#text": "udp"
                    }, 
                    {
                        "@Name": "Initiated", 
                        "#text": "false"
                    }, 
                    {
                        "@Name": "SourceIsIpv6", 
                        "#text": "true"
                    }, 
                    {
                        "@Name": "SourceIp", 
                        "#text": "ff02:0:0:0:0:0:1:3"
                    }, 
                    {
                        "@Name": "SourceHostname"
                    }, 
                    {
                        "@Name": "SourcePort", 
                        "#text": "5355"
                    }, 
                    {
                        "@Name": "SourcePortName", 
                        "#text": "llmnr"
                    }, 
                    {
                        "@Name": "DestinationIsIpv6", 
                        "#text": "true"
                    }, 
                    {
                        "@Name": "DestinationIp", 
                        "#text": "fe80:0:0:0:38ef:b101:b0d8:5230"
                    }, 
                    {
                        "@Name": "DestinationHostname", 
                        "#text": "eUigbspVtnrdyDo"
                    }, 
                    {
                        "@Name": "DestinationPort", 
                        "#text": "53382"
                    }, 
                    {
                        "@Name": "DestinationPortName"
                    }
                ]
            }
        }, 
        {
            "@xmlns": "http://schemas.microsoft.com/win/2004/08/events/event", 
            "System": {
                "Provider": {
                    "@Name": "Microsoft-Windows-Sysmon", 
                    "@Guid": "{5770385F-C22A-43E0-BF4C-06F5698FFBD9}"
                }, 
                "EventID": "5", 
                "Version": "3", 
                "Level": "4", 
                "Task": "5", 
                "Opcode": "0", 
                "Keywords": "0x8000000000000000", 
                "TimeCreated": {
                    "@SystemTime": "2022-02-16T00:28:21.378000000Z"
                }, 
                "EventRecordID": "10494", 
                "Correlation": null, 
                "Execution": {
                    "@ProcessID": "1248", 
                    "@ThreadID": "1848"
                }, 
                "Channel": "Microsoft-Windows-Sysmon/Operational", 
                "Computer": "eUigbspVtnrdyDo", 
                "Security": {
                    "@UserID": "S-1-5-18"
                }
            }, 
            "EventData": {
                "Data": [
                    {
                        "@Name": "RuleName"
                    }, 
                    {
                        "@Name": "UtcTime", 
                        "#text": "2022-02-16 00:01:22.968"
                    }, 
                    {
                        "@Name": "ProcessGuid", 
                        "#text": "{7EA2F8B5-3ED2-620C-0000-0010845BE501}"
                    }, 
                    {
                        "@Name": "ProcessId", 
                        "#text": "868"
                    }, 
                    {
                        "@Name": "Image", 
                        "#text": "C:\\tmpt1gcja\\bin\\is32bit.exe"
                    }
                ]
            }
        }, 
        {
            "@xmlns": "http://schemas.microsoft.com/win/2004/08/events/event", 
            "System": {
                "Provider": {
                    "@Name": "Microsoft-Windows-Sysmon", 
                    "@Guid": "{5770385F-C22A-43E0-BF4C-06F5698FFBD9}"
                }, 
                "EventID": "3", 
                "Version": "5", 
                "Level": "4", 
                "Task": "3", 
                "Opcode": "0", 
                "Keywords": "0x8000000000000000", 
                "TimeCreated": {
                    "@SystemTime": "2022-02-16T00:28:21.331125000Z"
                }, 
                "EventRecordID": "10493", 
                "Correlation": null, 
                "Execution": {
                    "@ProcessID": "1248", 
                    "@ThreadID": "1852"
                }, 
                "Channel": "Microsoft-Windows-Sysmon/Operational", 
                "Computer": "eUigbspVtnrdyDo", 
                "Security": {
                    "@UserID": "S-1-5-18"
                }
            }, 
            "EventData": {
                "Data": [
                    {
                        "@Name": "RuleName"
                    }, 
                    {
                        "@Name": "UtcTime", 
                        "#text": "2020-06-16 01:50:54.062"
                    }, 
                    {
                        "@Name": "ProcessGuid", 
                        "#text": "{7EA2F8B5-216C-5EE8-0000-001018E70000}"
                    }, 
                    {
                        "@Name": "ProcessId", 
                        "#text": "580"
                    }, 
                    {
                        "@Name": "Image", 
                        "#text": "C:\\Windows\\System32\\svchost.exe"
                    }, 
                    {
                        "@Name": "User", 
                        "#text": "NT AUTHORITY\\NETWORK SERVICE"
                    }, 
                    {
                        "@Name": "Protocol", 
                        "#text": "udp"
                    }, 
                    {
                        "@Name": "Initiated", 
                        "#text": "false"
                    }, 
                    {
                        "@Name": "SourceIsIpv6", 
                        "#text": "false"
                    }, 
                    {
                        "@Name": "SourceIp", 
                        "#text": "224.0.0.252"
                    }, 
                    {
                        "@Name": "SourceHostname"
                    }, 
                    {
                        "@Name": "SourcePort", 
                        "#text": "5355"
                    }, 
                    {
                        "@Name": "SourcePortName", 
                        "#text": "llmnr"
                    }, 
                    {
                        "@Name": "DestinationIsIpv6", 
                        "#text": "false"
                    }, 
                    {
                        "@Name": "DestinationIp", 
                        "#text": "192.168.168.228"
                    }, 
                    {
                        "@Name": "DestinationHostname", 
                        "#text": "mWjmzDkfPG"
                    }, 
                    {
                        "@Name": "DestinationPort", 
                        "#text": "61895"
                    }, 
                    {
                        "@Name": "DestinationPortName"
                    }
                ]
            }
        }, 
        {
            "@xmlns": "http://schemas.microsoft.com/win/2004/08/events/event", 
            "System": {
                "Provider": {
                    "@Name": "Microsoft-Windows-Sysmon", 
                    "@Guid": "{5770385F-C22A-43E0-BF4C-06F5698FFBD9}"
                }, 
                "EventID": "3", 
                "Version": "5", 
                "Level": "4", 
                "Task": "3", 
                "Opcode": "0", 
                "Keywords": "0x8000000000000000", 
                "TimeCreated": {
                    "@SystemTime": "2022-02-16T00:28:21.331125000Z"
                }, 
                "EventRecordID": "10492", 
                "Correlation": null, 
                "Execution": {
                    "@ProcessID": "1248", 
                    "@ThreadID": "1852"
                }, 
                "Channel": "Microsoft-Windows-Sysmon/Operational", 
                "Computer": "eUigbspVtnrdyDo", 
                "Security": {
                    "@UserID": "S-1-5-18"
                }
            }, 
            "EventData": {
                "Data": [
                    {
                        "@Name": "RuleName"
                    }, 
                    {
                        "@Name": "UtcTime", 
                        "#text": "2020-06-16 01:50:54.061"
                    }, 
                    {
                        "@Name": "ProcessGuid", 
                        "#text": "{7EA2F8B5-216C-5EE8-0000-001018E70000}"
                    }, 
                    {
                        "@Name": "ProcessId", 
                        "#text": "580"
                    }, 
                    {
                        "@Name": "Image", 
                        "#text": "C:\\Windows\\System32\\svchost.exe"
                    }, 
                    {
                        "@Name": "User", 
                        "#text": "NT AUTHORITY\\NETWORK SERVICE"
                    }, 
                    {
                        "@Name": "Protocol", 
                        "#text": "udp"
                    }, 
                    {
                        "@Name": "Initiated", 
                        "#text": "false"
                    }, 
                    {
                        "@Name": "SourceIsIpv6", 
                        "#text": "true"
                    }, 
                    {
                        "@Name": "SourceIp", 
                        "#text": "ff02:0:0:0:0:0:1:3"
                    }, 
                    {
                        "@Name": "SourceHostname"
                    }, 
                    {
                        "@Name": "SourcePort", 
                        "#text": "5355"
                    }, 
                    {
                        "@Name": "SourcePortName", 
                        "#text": "llmnr"
                    }, 
                    {
                        "@Name": "DestinationIsIpv6", 
                        "#text": "true"
                    }, 
                    {
                        "@Name": "DestinationIp", 
                        "#text": "fe80:0:0:0:3cc1:44c2:3e5a:daf3"
                    }, 
                    {
                        "@Name": "DestinationHostname", 
                        "#text": "mWjmzDkfPG"
                    }, 
                    {
                        "@Name": "DestinationPort", 
                        "#text": "62628"
                    }, 
                    {
                        "@Name": "DestinationPortName"
                    }
                ]
            }
        }, 
        {
            "@xmlns": "http://schemas.microsoft.com/win/2004/08/events/event", 
            "System": {
                "Provider": {
                    "@Name": "Microsoft-Windows-Sysmon", 
                    "@Guid": "{5770385F-C22A-43E0-BF4C-06F5698FFBD9}"
                }, 
                "EventID": "3", 
                "Version": "5", 
                "Level": "4", 
                "Task": "3", 
                "Opcode": "0", 
                "Keywords": "0x8000000000000000", 
                "TimeCreated": {
                    "@SystemTime": "2022-02-16T00:28:21.331125000Z"
                }, 
                "EventRecordID": "10491", 
                "Correlation": null, 
                "Execution": {
                    "@ProcessID": "1248", 
                    "@ThreadID": "1852"
                }, 
                "Channel": "Microsoft-Windows-Sysmon/Operational", 
                "Computer": "eUigbspVtnrdyDo", 
                "Security": {
                    "@UserID": "S-1-5-18"
                }
            }, 
            "EventData": {
                "Data": [
                    {
                        "@Name": "RuleName"
                    }, 
                    {
                        "@Name": "UtcTime", 
                        "#text": "2020-06-16 01:50:53.971"
                    }, 
                    {
                        "@Name": "ProcessGuid", 
                        "#text": "{7EA2F8B5-216C-5EE8-0000-001018E70000}"
                    }, 
                    {
                        "@Name": "ProcessId", 
                        "#text": "580"
                    }, 
                    {
                        "@Name": "Image", 
                        "#text": "C:\\Windows\\System32\\svchost.exe"
                    }, 
                    {
                        "@Name": "User", 
                        "#text": "NT AUTHORITY\\NETWORK SERVICE"
                    }, 
                    {
                        "@Name": "Protocol", 
                        "#text": "udp"
                    }, 
                    {
                        "@Name": "Initiated", 
                        "#text": "false"
                    }, 
                    {
                        "@Name": "SourceIsIpv6", 
                        "#text": "false"
                    }, 
                    {
                        "@Name": "SourceIp", 
                        "#text": "224.0.0.252"
                    }, 
                    {
                        "@Name": "SourceHostname"
                    }, 
                    {
                        "@Name": "SourcePort", 
                        "#text": "5355"
                    }, 
                    {
                        "@Name": "SourcePortName", 
                        "#text": "llmnr"
                    }, 
                    {
                        "@Name": "DestinationIsIpv6", 
                        "#text": "false"
                    }, 
                    {
                        "@Name": "DestinationIp", 
                        "#text": "192.168.168.230"
                    }, 
                    {
                        "@Name": "DestinationHostname", 
                        "#text": "hhVvGrWl"
                    }, 
                    {
                        "@Name": "DestinationPort", 
                        "#text": "50925"
                    }, 
                    {
                        "@Name": "DestinationPortName"
                    }
                ]
            }
        }, 
        {
            "@xmlns": "http://schemas.microsoft.com/win/2004/08/events/event", 
            "System": {
                "Provider": {
                    "@Name": "Microsoft-Windows-Sysmon", 
                    "@Guid": "{5770385F-C22A-43E0-BF4C-06F5698FFBD9}"
                }, 
                "EventID": "3", 
                "Version": "5", 
                "Level": "4", 
                "Task": "3", 
                "Opcode": "0", 
                "Keywords": "0x8000000000000000", 
                "TimeCreated": {
                    "@SystemTime": "2022-02-16T00:28:21.331125000Z"
                }, 
                "EventRecordID": "10490", 
                "Correlation": null, 
                "Execution": {
                    "@ProcessID": "1248", 
                    "@ThreadID": "1852"
                }, 
                "Channel": "Microsoft-Windows-Sysmon/Operational", 
                "Computer": "eUigbspVtnrdyDo", 
                "Security": {
                    "@UserID": "S-1-5-18"
                }
            }, 
            "EventData": {
                "Data": [
                    {
                        "@Name": "RuleName"
                    }, 
                    {
                        "@Name": "UtcTime", 
                        "#text": "2020-06-16 01:50:53.971"
                    }, 
                    {
                        "@Name": "ProcessGuid", 
                        "#text": "{7EA2F8B5-216C-5EE8-0000-001018E70000}"
                    }, 
                    {
                        "@Name": "ProcessId", 
                        "#text": "580"
                    }, 
                    {
                        "@Name": "Image", 
                        "#text": "C:\\Windows\\System32\\svchost.exe"
                    }, 
                    {
                        "@Name": "User", 
                        "#text": "NT AUTHORITY\\NETWORK SERVICE"
                    }, 
                    {
                        "@Name": "Protocol", 
                        "#text": "udp"
                    }, 
                    {
                        "@Name": "Initiated", 
                        "#text": "false"
                    }, 
                    {
                        "@Name": "SourceIsIpv6", 
                        "#text": "true"
                    }, 
                    {
                        "@Name": "SourceIp", 
                        "#text": "ff02:0:0:0:0:0:1:3"
                    }, 
                    {
                        "@Name": "SourceHostname"
                    }, 
                    {
                        "@Name": "SourcePort", 
                        "#text": "5355"
                    }, 
                    {
                        "@Name": "SourcePortName", 
                        "#text": "llmnr"
                    }, 
                    {
                        "@Name": "DestinationIsIpv6", 
                        "#text": "true"
                    }, 
                    {
                        "@Name": "DestinationIp", 
                        "#text": "fe80:0:0:0:2983:bc8c:ad7:62f4"
                    }, 
                    {
                        "@Name": "DestinationHostname", 
                        "#text": "hhVvGrWl"
                    }, 
                    {
                        "@Name": "DestinationPort", 
                        "#text": "54360"
                    }, 
                    {
                        "@Name": "DestinationPortName"
                    }
                ]
            }
        }, 
        {
            "@xmlns": "http://schemas.microsoft.com/win/2004/08/events/event", 
            "System": {
                "Provider": {
                    "@Name": "Microsoft-Windows-Sysmon", 
                    "@Guid": "{5770385F-C22A-43E0-BF4C-06F5698FFBD9}"
                }, 
                "EventID": "3", 
                "Version": "5", 
                "Level": "4", 
                "Task": "3", 
                "Opcode": "0", 
                "Keywords": "0x8000000000000000", 
                "TimeCreated": {
                    "@SystemTime": "2022-02-16T00:28:21.331125000Z"
                }, 
                "EventRecordID": "10489", 
                "Correlation": null, 
                "Execution": {
                    "@ProcessID": "1248", 
                    "@ThreadID": "1852"
                }, 
                "Channel": "Microsoft-Windows-Sysmon/Operational", 
                "Computer": "eUigbspVtnrdyDo", 
                "Security": {
                    "@UserID": "S-1-5-18"
                }
            }, 
            "EventData": {
                "Data": [
                    {
                        "@Name": "RuleName"
                    }, 
                    {
                        "@Name": "UtcTime", 
                        "#text": "2020-06-16 01:50:53.630"
                    }, 
                    {
                        "@Name": "ProcessGuid", 
                        "#text": "{7EA2F8B5-216C-5EE8-0000-001018E70000}"
                    }, 
                    {
                        "@Name": "ProcessId", 
                        "#text": "580"
                    }, 
                    {
                        "@Name": "Image", 
                        "#text": "C:\\Windows\\System32\\svchost.exe"
                    }, 
                    {
                        "@Name": "User", 
                        "#text": "NT AUTHORITY\\NETWORK SERVICE"
                    }, 
                    {
                        "@Name": "Protocol", 
                        "#text": "udp"
                    }, 
                    {
                        "@Name": "Initiated", 
                        "#text": "false"
                    }, 
                    {
                        "@Name": "SourceIsIpv6", 
                        "#text": "true"
                    }, 
                    {
                        "@Name": "SourceIp", 
                        "#text": "ff02:0:0:0:0:0:1:3"
                    }, 
                    {
                        "@Name": "SourceHostname"
                    }, 
                    {
                        "@Name": "SourcePort", 
                        "#text": "5355"
                    }, 
                    {
                        "@Name": "SourcePortName", 
                        "#text": "llmnr"
                    }, 
                    {
                        "@Name": "DestinationIsIpv6", 
                        "#text": "true"
                    }, 
                    {
                        "@Name": "DestinationIp", 
                        "#text": "fe80:0:0:0:38ef:b101:b0d8:5230"
                    }, 
                    {
                        "@Name": "DestinationHostname", 
                        "#text": "eUigbspVtnrdyDo"
                    }, 
                    {
                        "@Name": "DestinationPort", 
                        "#text": "63694"
                    }, 
                    {
                        "@Name": "DestinationPortName"
                    }
                ]
            }
        }, 
        {
            "@xmlns": "http://schemas.microsoft.com/win/2004/08/events/event", 
            "System": {
                "Provider": {
                    "@Name": "Microsoft-Windows-Sysmon", 
                    "@Guid": "{5770385F-C22A-43E0-BF4C-06F5698FFBD9}"
                }, 
                "EventID": "3", 
                "Version": "5", 
                "Level": "4", 
                "Task": "3", 
                "Opcode": "0", 
                "Keywords": "0x8000000000000000", 
                "TimeCreated": {
                    "@SystemTime": "2022-02-16T00:28:21.331125000Z"
                }, 
                "EventRecordID": "10488", 
                "Correlation": null, 
                "Execution": {
                    "@ProcessID": "1248", 
                    "@ThreadID": "1852"
                }, 
                "Channel": "Microsoft-Windows-Sysmon/Operational", 
                "Computer": "eUigbspVtnrdyDo", 
                "Security": {
                    "@UserID": "S-1-5-18"
                }
            }, 
            "EventData": {
                "Data": [
                    {
                        "@Name": "RuleName"
                    }, 
                    {
                        "@Name": "UtcTime", 
                        "#text": "2020-06-16 01:50:53.611"
                    }, 
                    {
                        "@Name": "ProcessGuid", 
                        "#text": "{7EA2F8B5-216C-5EE8-0000-001018E70000}"
                    }, 
                    {
                        "@Name": "ProcessId", 
                        "#text": "580"
                    }, 
                    {
                        "@Name": "Image", 
                        "#text": "C:\\Windows\\System32\\svchost.exe"
                    }, 
                    {
                        "@Name": "User", 
                        "#text": "NT AUTHORITY\\NETWORK SERVICE"
                    }, 
                    {
                        "@Name": "Protocol", 
                        "#text": "tcp"
                    }, 
                    {
                        "@Name": "Initiated", 
                        "#text": "true"
                    }, 
                    {
                        "@Name": "SourceIsIpv6", 
                        "#text": "false"
                    }, 
                    {
                        "@Name": "SourceIp", 
                        "#text": "192.168.168.202"
                    }, 
                    {
                        "@Name": "SourceHostname", 
                        "#text": "eUigbspVtnrdyDo"
                    }, 
                    {
                        "@Name": "SourcePort", 
                        "#text": "49233"
                    }, 
                    {
                        "@Name": "SourcePortName"
                    }, 
                    {
                        "@Name": "DestinationIsIpv6", 
                        "#text": "false"
                    }, 
                    {
                        "@Name": "DestinationIp", 
                        "#text": "93.184.220.29"
                    }, 
                    {
                        "@Name": "DestinationHostname"
                    }, 
                    {
                        "@Name": "DestinationPort", 
                        "#text": "80"
                    }, 
                    {
                        "@Name": "DestinationPortName", 
                        "#text": "http"
                    }
                ]
            }
        }, 
        {
            "@xmlns": "http://schemas.microsoft.com/win/2004/08/events/event", 
            "System": {
                "Provider": {
                    "@Name": "Microsoft-Windows-Sysmon", 
                    "@Guid": "{5770385F-C22A-43E0-BF4C-06F5698FFBD9}"
                }, 
                "EventID": "3", 
                "Version": "5", 
                "Level": "4", 
                "Task": "3", 
                "Opcode": "0", 
                "Keywords": "0x8000000000000000", 
                "TimeCreated": {
                    "@SystemTime": "2022-02-16T00:28:21.331125000Z"
                }, 
                "EventRecordID": "10487", 
                "Correlation": null, 
                "Execution": {
                    "@ProcessID": "1248", 
                    "@ThreadID": "1852"
                }, 
                "Channel": "Microsoft-Windows-Sysmon/Operational", 
                "Computer": "eUigbspVtnrdyDo", 
                "Security": {
                    "@UserID": "S-1-5-18"
                }
            }, 
            "EventData": {
                "Data": [
                    {
                        "@Name": "RuleName"
                    }, 
                    {
                        "@Name": "UtcTime", 
                        "#text": "2020-06-16 01:50:53.307"
                    }, 
                    {
                        "@Name": "ProcessGuid", 
                        "#text": "{7EA2F8B5-216E-5EE8-0000-001029890200}"
                    }, 
                    {
                        "@Name": "ProcessId", 
                        "#text": "1176"
                    }, 
                    {
                        "@Name": "Image", 
                        "#text": "C:\\Python27\\pythonw.exe"
                    }, 
                    {
                        "@Name": "User", 
                        "#text": "EUIGBSPVTNRDYDO\\Administrator"
                    }, 
                    {
                        "@Name": "Protocol", 
                        "#text": "tcp"
                    }, 
                    {
                        "@Name": "Initiated", 
                        "#text": "false"
                    }, 
                    {
                        "@Name": "SourceIsIpv6", 
                        "#text": "false"
                    }, 
                    {
                        "@Name": "SourceIp", 
                        "#text": "192.168.168.202"
                    }, 
                    {
                        "@Name": "SourceHostname", 
                        "#text": "eUigbspVtnrdyDo"
                    }, 
                    {
                        "@Name": "SourcePort", 
                        "#text": "8000"
                    }, 
                    {
                        "@Name": "SourcePortName"
                    }, 
                    {
                        "@Name": "DestinationIsIpv6", 
                        "#text": "false"
                    }, 
                    {
                        "@Name": "DestinationIp", 
                        "#text": "192.168.168.1"
                    }, 
                    {
                        "@Name": "DestinationHostname"
                    }, 
                    {
                        "@Name": "DestinationPort", 
                        "#text": "47154"
                    }, 
                    {
                        "@Name": "DestinationPortName"
                    }
                ]
            }
        }, 
        {
            "@xmlns": "http://schemas.microsoft.com/win/2004/08/events/event", 
            "System": {
                "Provider": {
                    "@Name": "Microsoft-Windows-Sysmon", 
                    "@Guid": "{5770385F-C22A-43E0-BF4C-06F5698FFBD9}"
                }, 
                "EventID": "3", 
                "Version": "5", 
                "Level": "4", 
                "Task": "3", 
                "Opcode": "0", 
                "Keywords": "0x8000000000000000", 
                "TimeCreated": {
                    "@SystemTime": "2022-02-16T00:28:21.331125000Z"
                }, 
                "EventRecordID": "10486", 
                "Correlation": null, 
                "Execution": {
                    "@ProcessID": "1248", 
                    "@ThreadID": "1852"
                }, 
                "Channel": "Microsoft-Windows-Sysmon/Operational", 
                "Computer": "eUigbspVtnrdyDo", 
                "Security": {
                    "@UserID": "S-1-5-18"
                }
            }, 
            "EventData": {
                "Data": [
                    {
                        "@Name": "RuleName"
                    }, 
                    {
                        "@Name": "UtcTime", 
                        "#text": "2020-06-16 01:50:52.276"
                    }, 
                    {
                        "@Name": "ProcessGuid", 
                        "#text": "{7EA2F8B5-216C-5EE8-0000-001018E70000}"
                    }, 
                    {
                        "@Name": "ProcessId", 
                        "#text": "580"
                    }, 
                    {
                        "@Name": "Image", 
                        "#text": "C:\\Windows\\System32\\svchost.exe"
                    }, 
                    {
                        "@Name": "User", 
                        "#text": "NT AUTHORITY\\NETWORK SERVICE"
                    }, 
                    {
                        "@Name": "Protocol", 
                        "#text": "udp"
                    }, 
                    {
                        "@Name": "Initiated", 
                        "#text": "false"
                    }, 
                    {
                        "@Name": "SourceIsIpv6", 
                        "#text": "false"
                    }, 
                    {
                        "@Name": "SourceIp", 
                        "#text": "224.0.0.252"
                    }, 
                    {
                        "@Name": "SourceHostname"
                    }, 
                    {
                        "@Name": "SourcePort", 
                        "#text": "5355"
                    }, 
                    {
                        "@Name": "SourcePortName", 
                        "#text": "llmnr"
                    }, 
                    {
                        "@Name": "DestinationIsIpv6", 
                        "#text": "false"
                    }, 
                    {
                        "@Name": "DestinationIp", 
                        "#text": "192.168.168.224"
                    }, 
                    {
                        "@Name": "DestinationHostname", 
                        "#text": "bQbHQDwyJ"
                    }, 
                    {
                        "@Name": "DestinationPort", 
                        "#text": "63897"
                    }, 
                    {
                        "@Name": "DestinationPortName"
                    }
                ]
            }
        }, 
        {
            "@xmlns": "http://schemas.microsoft.com/win/2004/08/events/event", 
            "System": {
                "Provider": {
                    "@Name": "Microsoft-Windows-Sysmon", 
                    "@Guid": "{5770385F-C22A-43E0-BF4C-06F5698FFBD9}"
                }, 
                "EventID": "3", 
                "Version": "5", 
                "Level": "4", 
                "Task": "3", 
                "Opcode": "0", 
                "Keywords": "0x8000000000000000", 
                "TimeCreated": {
                    "@SystemTime": "2022-02-16T00:28:21.331125000Z"
                }, 
                "EventRecordID": "10485", 
                "Correlation": null, 
                "Execution": {
                    "@ProcessID": "1248", 
                    "@ThreadID": "1852"
                }, 
                "Channel": "Microsoft-Windows-Sysmon/Operational", 
                "Computer": "eUigbspVtnrdyDo", 
                "Security": {
                    "@UserID": "S-1-5-18"
                }
            }, 
            "EventData": {
                "Data": [
                    {
                        "@Name": "RuleName"
                    }, 
                    {
                        "@Name": "UtcTime", 
                        "#text": "2020-06-16 01:50:52.276"
                    }, 
                    {
                        "@Name": "ProcessGuid", 
                        "#text": "{7EA2F8B5-216C-5EE8-0000-001018E70000}"
                    }, 
                    {
                        "@Name": "ProcessId", 
                        "#text": "580"
                    }, 
                    {
                        "@Name": "Image", 
                        "#text": "C:\\Windows\\System32\\svchost.exe"
                    }, 
                    {
                        "@Name": "User", 
                        "#text": "NT AUTHORITY\\NETWORK SERVICE"
                    }, 
                    {
                        "@Name": "Protocol", 
                        "#text": "udp"
                    }, 
                    {
                        "@Name": "Initiated", 
                        "#text": "false"
                    }, 
                    {
                        "@Name": "SourceIsIpv6", 
                        "#text": "true"
                    }, 
                    {
                        "@Name": "SourceIp", 
                        "#text": "ff02:0:0:0:0:0:1:3"
                    }, 
                    {
                        "@Name": "SourceHostname"
                    }, 
                    {
                        "@Name": "SourcePort", 
                        "#text": "5355"
                    }, 
                    {
                        "@Name": "SourcePortName", 
                        "#text": "llmnr"
                    }, 
                    {
                        "@Name": "DestinationIsIpv6", 
                        "#text": "true"
                    }, 
                    {
                        "@Name": "DestinationIp", 
                        "#text": "fe80:0:0:0:bc75:de77:beb2:ec4c"
                    }, 
                    {
                        "@Name": "DestinationHostname", 
                        "#text": "bQbHQDwyJ"
                    }, 
                    {
                        "@Name": "DestinationPort", 
                        "#text": "50194"
                    }, 
                    {
                        "@Name": "DestinationPortName"
                    }
                ]
            }
        }, 
