        {
            "@xmlns": "http://schemas.microsoft.com/win/2004/08/events/event", 
            "System": {
                "Provider": {
                    "@Name": "Microsoft-Windows-Sysmon", 
                    "@Guid": "{5770385F-C22A-43E0-BF4C-06F5698FFBD9}"
                }, 
                "EventID": "1", 
                "Version": "5", 
                "Level": "4", 
                "Task": "1", 
                "Opcode": "0", 
                "Keywords": "0x8000000000000000", 
                "TimeCreated": {
                    "@SystemTime": "2022-02-15T18:42:42.111875000Z"
                }, 
                "EventRecordID": "9512", 
                "Correlation": null, 
                "Execution": {
                    "@ProcessID": "1240", 
                    "@ThreadID": "1836"
                }, 
                "Channel": "Microsoft-Windows-Sysmon/Operational", 
                "Computer": "None", 
                "Security": {
                    "@UserID": "S-1-5-18"
                }
            }, 
            "EventData": {
                "Data": [
                    {
                        "@Name": "RuleName"
                    }, 
                    {
                        "@Name": "UtcTime", 
                        "#text": "2022-02-15 18:41:56.015"
                    }, 
                    {
                        "@Name": "ProcessGuid", 
                        "#text": "{7EA2F8B5-F3F4-620B-0000-0010D7DA7301}"
                    }, 
                    {
                        "@Name": "ProcessId", 
                        "#text": "1724"
                    }, 
                    {
                        "@Name": "Image", 
                        "#text": "C:\\Windows\\System32\\wsqmcons.exe"
                    }, 
                    {
                        "@Name": "FileVersion", 
                        "#text": "6.1.7600.16385 (win7_rtm.090713-1255)"
                    }, 
                    {
                        "@Name": "Description", 
                        "#text": "Windows SQM Consolidator"
                    }, 
                    {
                        "@Name": "Product", 
                        "#text": "Microsoft\u00ae Windows\u00ae Operating System"
                    }, 
                    {
                        "@Name": "Company", 
                        "#text": "Microsoft Corporation"
                    }, 
                    {
                        "@Name": "CommandLine", 
                        "#text": "C:\\Windows\\System32\\wsqmcons.exe"
                    }, 
                    {
                        "@Name": "CurrentDirectory", 
                        "#text": "C:\\Windows\\system32\\"
                    }, 
                    {
                        "@Name": "User", 
                        "#text": "NT AUTHORITY\\SYSTEM"
                    }, 
                    {
                        "@Name": "LogonGuid", 
                        "#text": "{7EA2F8B5-6031-5EE8-0000-0020E7030000}"
                    }, 
                    {
                        "@Name": "LogonId", 
                        "#text": "0x3e7"
                    }, 
                    {
                        "@Name": "TerminalSessionId", 
                        "#text": "0"
                    }, 
                    {
                        "@Name": "IntegrityLevel", 
                        "#text": "System"
                    }, 
                    {
                        "@Name": "Hashes", 
                        "#text": "SHA1=3F1A306DB0C56FF1C3AC751F01786B4C0AE5CC2A"
                    }, 
                    {
                        "@Name": "ParentProcessGuid", 
                        "#text": "{7EA2F8B5-6030-5EE8-0000-001035590000}"
                    }, 
                    {
                        "@Name": "ParentProcessId", 
                        "#text": "492"
                    }, 
                    {
                        "@Name": "ParentImage", 
                        "#text": "C:\\Windows\\System32\\services.exe"
                    }, 
                    {
                        "@Name": "ParentCommandLine", 
                        "#text": "C:\\Windows\\system32\\services.exe"
                    }
                ]
            }
        }, 
        {
            "@xmlns": "http://schemas.microsoft.com/win/2004/08/events/event", 
            "System": {
                "Provider": {
                    "@Name": "Microsoft-Windows-Sysmon", 
                    "@Guid": "{5770385F-C22A-43E0-BF4C-06F5698FFBD9}"
                }, 
                "EventID": "1", 
                "Version": "5", 
                "Level": "4", 
                "Task": "1", 
                "Opcode": "0", 
                "Keywords": "0x8000000000000000", 
                "TimeCreated": {
                    "@SystemTime": "2022-02-15T18:42:42.111875000Z"
                }, 
                "EventRecordID": "9511", 
                "Correlation": null, 
                "Execution": {
                    "@ProcessID": "1240", 
                    "@ThreadID": "1836"
                }, 
                "Channel": "Microsoft-Windows-Sysmon/Operational", 
                "Computer": "None", 
                "Security": {
                    "@UserID": "S-1-5-18"
                }
            }, 
            "EventData": {
                "Data": [
                    {
                        "@Name": "RuleName"
                    }, 
                    {
                        "@Name": "UtcTime", 
                        "#text": "2022-02-15 18:41:56.000"
                    }, 
                    {
                        "@Name": "ProcessGuid", 
                        "#text": "{7EA2F8B5-F3F4-620B-0000-001073DA7301}"
                    }, 
                    {
                        "@Name": "ProcessId", 
                        "#text": "2948"
                    }, 
                    {
                        "@Name": "Image", 
                        "#text": "C:\\Windows\\System32\\taskhost.exe"
                    }, 
                    {
                        "@Name": "FileVersion", 
                        "#text": "6.1.7600.16385 (win7_rtm.090713-1255)"
                    }, 
                    {
                        "@Name": "Description", 
                        "#text": "Host Process for Windows Tasks"
                    }, 
                    {
                        "@Name": "Product", 
                        "#text": "Microsoft\u00ae Windows\u00ae Operating System"
                    }, 
                    {
                        "@Name": "Company", 
                        "#text": "Microsoft Corporation"
                    }, 
                    {
                        "@Name": "CommandLine", 
                        "#text": "taskhost.exe SYSTEM"
                    }, 
                    {
                        "@Name": "CurrentDirectory", 
                        "#text": "C:\\Windows\\system32\\"
                    }, 
                    {
                        "@Name": "User", 
                        "#text": "NT AUTHORITY\\SYSTEM"
                    }, 
                    {
                        "@Name": "LogonGuid", 
                        "#text": "{7EA2F8B5-6031-5EE8-0000-0020E7030000}"
                    }, 
                    {
                        "@Name": "LogonId", 
                        "#text": "0x3e7"
                    }, 
                    {
                        "@Name": "TerminalSessionId", 
                        "#text": "0"
                    }, 
                    {
                        "@Name": "IntegrityLevel", 
                        "#text": "System"
                    }, 
                    {
                        "@Name": "Hashes", 
                        "#text": "SHA1=1AB1E31FE9F3347F68B1EEE8FF02F525FC46CCC9"
                    }, 
                    {
                        "@Name": "ParentProcessGuid", 
                        "#text": "{7EA2F8B5-6030-5EE8-0000-001035590000}"
                    }, 
                    {
                        "@Name": "ParentProcessId", 
                        "#text": "492"
                    }, 
                    {
                        "@Name": "ParentImage", 
                        "#text": "C:\\Windows\\System32\\services.exe"
                    }, 
                    {
                        "@Name": "ParentCommandLine", 
                        "#text": "C:\\Windows\\system32\\services.exe"
                    }
                ]
            }
        }, 
        {
            "@xmlns": "http://schemas.microsoft.com/win/2004/08/events/event", 
            "System": {
                "Provider": {
                    "@Name": "Microsoft-Windows-Sysmon", 
                    "@Guid": "{5770385F-C22A-43E0-BF4C-06F5698FFBD9}"
                }, 
                "EventID": "1", 
                "Version": "5", 
                "Level": "4", 
                "Task": "1", 
                "Opcode": "0", 
                "Keywords": "0x8000000000000000", 
                "TimeCreated": {
                    "@SystemTime": "2022-02-15T18:42:41.783750000Z"
                }, 
                "EventRecordID": "9510", 
                "Correlation": null, 
                "Execution": {
                    "@ProcessID": "1240", 
                    "@ThreadID": "1836"
                }, 
                "Channel": "Microsoft-Windows-Sysmon/Operational", 
                "Computer": "None", 
                "Security": {
                    "@UserID": "S-1-5-18"
                }
            }, 
            "EventData": {
                "Data": [
                    {
                        "@Name": "RuleName"
                    }, 
                    {
                        "@Name": "UtcTime", 
                        "#text": "2020-06-16 06:15:04.118"
                    }, 
                    {
                        "@Name": "ProcessGuid", 
                        "#text": "{7EA2F8B5-6368-5EE8-0000-0010CA997301}"
                    }, 
                    {
                        "@Name": "ProcessId", 
                        "#text": "1304"
                    }, 
                    {
                        "@Name": "Image", 
                        "#text": "C:\\Python27\\pythonw.exe"
                    }, 
                    {
                        "@Name": "FileVersion", 
                        "#text": "?"
                    }, 
                    {
                        "@Name": "Description", 
                        "#text": "?"
                    }, 
                    {
                        "@Name": "Product", 
                        "#text": "?"
                    }, 
                    {
                        "@Name": "Company", 
                        "#text": "?"
                    }, 
                    {
                        "@Name": "CommandLine", 
                        "#text": "C:\\Python27\\pythonw.exe C:/tmptpreht/analyzer.py"
                    }, 
                    {
                        "@Name": "CurrentDirectory", 
                        "#text": "C:\\tmptpreht\\"
                    }, 
                    {
                        "@Name": "User", 
                        "#text": "NONE\\Administrator"
                    }, 
                    {
                        "@Name": "LogonGuid", 
                        "#text": "{7EA2F8B5-6032-5EE8-0000-0020082C0100}"
                    }, 
                    {
                        "@Name": "LogonId", 
                        "#text": "0x12c08"
                    }, 
                    {
                        "@Name": "TerminalSessionId", 
                        "#text": "1"
                    }, 
                    {
                        "@Name": "IntegrityLevel", 
                        "#text": "High"
                    }, 
                    {
                        "@Name": "Hashes", 
                        "#text": "SHA1=ADF0479481869F31D9E691CEC3DC96689DC5BEE9"
                    }, 
                    {
                        "@Name": "ParentProcessGuid", 
                        "#text": "{7EA2F8B5-6034-5EE8-0000-00108E700200}"
                    }, 
                    {
                        "@Name": "ParentProcessId", 
                        "#text": "340"
                    }, 
                    {
                        "@Name": "ParentImage", 
                        "#text": "C:\\Python27\\pythonw.exe"
                    }, 
                    {
                        "@Name": "ParentCommandLine", 
                        "#text": "\"C:\\Python27\\pythonw.exe\" C:\\agent.pyw 0.0.0.0 8000"
                    }
                ]
            }
        }, 
        {
            "@xmlns": "http://schemas.microsoft.com/win/2004/08/events/event", 
            "System": {
                "Provider": {
                    "@Name": "Microsoft-Windows-Sysmon", 
                    "@Guid": "{5770385F-C22A-43E0-BF4C-06F5698FFBD9}"
                }, 
                "EventID": "3", 
                "Version": "5", 
                "Level": "4", 
                "Task": "3", 
                "Opcode": "0", 
                "Keywords": "0x8000000000000000", 
                "TimeCreated": {
                    "@SystemTime": "2022-02-15T18:42:39.096250000Z"
                }, 
                "EventRecordID": "9509", 
                "Correlation": null, 
                "Execution": {
                    "@ProcessID": "1240", 
                    "@ThreadID": "1848"
                }, 
                "Channel": "Microsoft-Windows-Sysmon/Operational", 
                "Computer": "None", 
                "Security": {
                    "@UserID": "S-1-5-18"
                }
            }, 
            "EventData": {
                "Data": [
                    {
                        "@Name": "RuleName"
                    }, 
                    {
                        "@Name": "UtcTime", 
                        "#text": "2020-06-16 06:15:19.946"
                    }, 
                    {
                        "@Name": "ProcessGuid", 
                        "#text": "{7EA2F8B5-6031-5EE8-0000-001009E40000}"
                    }, 
                    {
                        "@Name": "ProcessId", 
                        "#text": "360"
                    }, 
                    {
                        "@Name": "Image", 
                        "#text": "C:\\Windows\\System32\\svchost.exe"
                    }, 
                    {
                        "@Name": "User", 
                        "#text": "NT AUTHORITY\\NETWORK SERVICE"
                    }, 
                    {
                        "@Name": "Protocol", 
                        "#text": "udp"
                    }, 
                    {
                        "@Name": "Initiated", 
                        "#text": "false"
                    }, 
                    {
                        "@Name": "SourceIsIpv6", 
                        "#text": "true"
                    }, 
                    {
                        "@Name": "SourceIp", 
                        "#text": "ff02:0:0:0:0:0:1:3"
                    }, 
                    {
                        "@Name": "SourceHostname"
                    }, 
                    {
                        "@Name": "SourcePort", 
                        "#text": "5355"
                    }, 
                    {
                        "@Name": "SourcePortName", 
                        "#text": "llmnr"
                    }, 
                    {
                        "@Name": "DestinationIsIpv6", 
                        "#text": "true"
                    }, 
                    {
                        "@Name": "DestinationIp", 
                        "#text": "fe80:0:0:0:5850:469c:680b:4988"
                    }, 
                    {
                        "@Name": "DestinationHostname", 
                        "#text": "None"
                    }, 
                    {
                        "@Name": "DestinationPort", 
                        "#text": "60516"
                    }, 
                    {
                        "@Name": "DestinationPortName"
                    }
                ]
            }
        }, 
        {
            "@xmlns": "http://schemas.microsoft.com/win/2004/08/events/event", 
            "System": {
                "Provider": {
                    "@Name": "Microsoft-Windows-Sysmon", 
                    "@Guid": "{5770385F-C22A-43E0-BF4C-06F5698FFBD9}"
                }, 
                "EventID": "3", 
                "Version": "5", 
                "Level": "4", 
                "Task": "3", 
                "Opcode": "0", 
                "Keywords": "0x8000000000000000", 
                "TimeCreated": {
                    "@SystemTime": "2022-02-15T18:42:39.096250000Z"
                }, 
                "EventRecordID": "9508", 
                "Correlation": null, 
                "Execution": {
                    "@ProcessID": "1240", 
                    "@ThreadID": "1848"
                }, 
                "Channel": "Microsoft-Windows-Sysmon/Operational", 
                "Computer": "None", 
                "Security": {
                    "@UserID": "S-1-5-18"
                }
            }, 
            "EventData": {
                "Data": [
                    {
                        "@Name": "RuleName"
                    }, 
                    {
                        "@Name": "UtcTime", 
                        "#text": "2020-06-16 06:15:19.914"
                    }, 
                    {
                        "@Name": "ProcessGuid", 
                        "#text": "{7EA2F8B5-6034-5EE8-0000-00108E700200}"
                    }, 
                    {
                        "@Name": "ProcessId", 
                        "#text": "340"
                    }, 
                    {
                        "@Name": "Image", 
                        "#text": "C:\\Python27\\pythonw.exe"
                    }, 
                    {
                        "@Name": "User", 
                        "#text": "NONE\\Administrator"
                    }, 
                    {
                        "@Name": "Protocol", 
                        "#text": "tcp"
                    }, 
                    {
                        "@Name": "Initiated", 
                        "#text": "false"
                    }, 
                    {
                        "@Name": "SourceIsIpv6", 
                        "#text": "false"
                    }, 
                    {
                        "@Name": "SourceIp", 
                        "#text": "192.168.168.201"
                    }, 
                    {
                        "@Name": "SourceHostname", 
                        "#text": "None"
                    }, 
                    {
                        "@Name": "SourcePort", 
                        "#text": "8000"
                    }, 
                    {
                        "@Name": "SourcePortName"
                    }, 
                    {
                        "@Name": "DestinationIsIpv6", 
                        "#text": "false"
                    }, 
                    {
                        "@Name": "DestinationIp", 
                        "#text": "192.168.168.1"
                    }, 
                    {
                        "@Name": "DestinationHostname"
                    }, 
                    {
                        "@Name": "DestinationPort", 
                        "#text": "47678"
                    }, 
                    {
                        "@Name": "DestinationPortName"
                    }
                ]
            }
        }, 
        {
            "@xmlns": "http://schemas.microsoft.com/win/2004/08/events/event", 
            "System": {
                "Provider": {
                    "@Name": "Microsoft-Windows-Sysmon", 
                    "@Guid": "{5770385F-C22A-43E0-BF4C-06F5698FFBD9}"
                }, 
                "EventID": "1", 
                "Version": "5", 
                "Level": "4", 
                "Task": "1", 
                "Opcode": "0", 
                "Keywords": "0x8000000000000000", 
                "TimeCreated": {
                    "@SystemTime": "2022-02-15T18:42:39.065000000Z"
                }, 
                "EventRecordID": "9507", 
                "Correlation": null, 
                "Execution": {
                    "@ProcessID": "1240", 
                    "@ThreadID": "1836"
                }, 
                "Channel": "Microsoft-Windows-Sysmon/Operational", 
                "Computer": "None", 
                "Security": {
                    "@UserID": "S-1-5-18"
                }
            }, 
            "EventData": {
                "Data": [
                    {
                        "@Name": "RuleName"
                    }, 
                    {
                        "@Name": "UtcTime", 
                        "#text": "2020-06-16 06:15:01.446"
                    }, 
                    {
                        "@Name": "ProcessGuid", 
                        "#text": "{7EA2F8B5-6365-5EE8-0000-0010FD057201}"
                    }, 
                    {
                        "@Name": "ProcessId", 
                        "#text": "2624"
                    }, 
                    {
                        "@Name": "Image", 
                        "#text": "C:\\Windows\\System32\\mobsync.exe"
                    }, 
                    {
                        "@Name": "FileVersion", 
                        "#text": "6.1.7601.17514 (win7sp1_rtm.101119-1850)"
                    }, 
                    {
                        "@Name": "Description", 
                        "#text": "Microsoft Sync Center"
                    }, 
                    {
                        "@Name": "Product", 
                        "#text": "Microsoft\u00ae Windows\u00ae Operating System"
                    }, 
                    {
                        "@Name": "Company", 
                        "#text": "Microsoft Corporation"
                    }, 
                    {
                        "@Name": "CommandLine", 
                        "#text": "C:\\Windows\\System32\\mobsync.exe -Embedding"
                    }, 
                    {
                        "@Name": "CurrentDirectory", 
                        "#text": "C:\\Windows\\system32\\"
                    }, 
                    {
                        "@Name": "User", 
                        "#text": "NONE\\Administrator"
                    }, 
                    {
                        "@Name": "LogonGuid", 
                        "#text": "{7EA2F8B5-6032-5EE8-0000-0020082C0100}"
                    }, 
                    {
                        "@Name": "LogonId", 
                        "#text": "0x12c08"
                    }, 
                    {
                        "@Name": "TerminalSessionId", 
                        "#text": "1"
                    }, 
                    {
                        "@Name": "IntegrityLevel", 
                        "#text": "High"
                    }, 
                    {
                        "@Name": "Hashes", 
                        "#text": "SHA1=FA3AD1D38856416077D53C0BEBE26E42EEFE7554"
                    }, 
                    {
                        "@Name": "ParentProcessGuid", 
                        "#text": "{7EA2F8B5-6031-5EE8-0000-0010E5740000}"
                    }, 
                    {
                        "@Name": "ParentProcessId", 
                        "#text": "616"
                    }, 
                    {
                        "@Name": "ParentImage", 
                        "#text": "C:\\Windows\\System32\\svchost.exe"
                    }, 
                    {
                        "@Name": "ParentCommandLine", 
                        "#text": "C:\\Windows\\system32\\svchost.exe -k DcomLaunch"
                    }
                ]
            }
        }, 
        {
            "@xmlns": "http://schemas.microsoft.com/win/2004/08/events/event", 
            "System": {
                "Provider": {
                    "@Name": "Microsoft-Windows-Sysmon", 
                    "@Guid": "{5770385F-C22A-43E0-BF4C-06F5698FFBD9}"
                }, 
                "EventID": "3", 
                "Version": "5", 
                "Level": "4", 
                "Task": "3", 
                "Opcode": "0", 
                "Keywords": "0x8000000000000000", 
                "TimeCreated": {
                    "@SystemTime": "2022-02-15T18:42:11.515625000Z"
                }, 
                "EventRecordID": "9506", 
                "Correlation": null, 
                "Execution": {
                    "@ProcessID": "1240", 
                    "@ThreadID": "1848"
                }, 
                "Channel": "Microsoft-Windows-Sysmon/Operational", 
                "Computer": "None", 
                "Security": {
                    "@UserID": "S-1-5-18"
                }
            }, 
            "EventData": {
                "Data": [
                    {
                        "@Name": "RuleName"
                    }, 
                    {
                        "@Name": "UtcTime", 
                        "#text": "2020-06-16 06:15:17.377"
                    }, 
                    {
                        "@Name": "ProcessGuid", 
                        "#text": "{7EA2F8B5-6031-5EE8-0000-001009E40000}"
                    }, 
                    {
                        "@Name": "ProcessId", 
                        "#text": "360"
                    }, 
                    {
                        "@Name": "Image", 
                        "#text": "C:\\Windows\\System32\\svchost.exe"
                    }, 
                    {
                        "@Name": "User", 
                        "#text": "NT AUTHORITY\\NETWORK SERVICE"
                    }, 
                    {
                        "@Name": "Protocol", 
                        "#text": "udp"
                    }, 
                    {
                        "@Name": "Initiated", 
                        "#text": "false"
                    }, 
                    {
                        "@Name": "SourceIsIpv6", 
                        "#text": "true"
                    }, 
                    {
                        "@Name": "SourceIp", 
                        "#text": "ff02:0:0:0:0:0:1:3"
                    }, 
                    {
                        "@Name": "SourceHostname"
                    }, 
                    {
                        "@Name": "SourcePort", 
                        "#text": "5355"
                    }, 
                    {
                        "@Name": "SourcePortName", 
                        "#text": "llmnr"
                    }, 
                    {
                        "@Name": "DestinationIsIpv6", 
                        "#text": "true"
                    }, 
                    {
                        "@Name": "DestinationIp", 
                        "#text": "fe80:0:0:0:5850:469c:680b:4988"
                    }, 
                    {
                        "@Name": "DestinationHostname", 
                        "#text": "None"
                    }, 
                    {
                        "@Name": "DestinationPort", 
                        "#text": "49241"
                    }, 
                    {
                        "@Name": "DestinationPortName"
                    }
                ]
            }
        }, 
        {
            "@xmlns": "http://schemas.microsoft.com/win/2004/08/events/event", 
            "System": {
                "Provider": {
                    "@Name": "Microsoft-Windows-Sysmon", 
                    "@Guid": "{5770385F-C22A-43E0-BF4C-06F5698FFBD9}"
                }, 
                "EventID": "3", 
                "Version": "5", 
                "Level": "4", 
                "Task": "3", 
                "Opcode": "0", 
                "Keywords": "0x8000000000000000", 
                "TimeCreated": {
                    "@SystemTime": "2022-02-15T18:42:11.515625000Z"
                }, 
                "EventRecordID": "9505", 
                "Correlation": null, 
                "Execution": {
                    "@ProcessID": "1240", 
                    "@ThreadID": "1848"
                }, 
                "Channel": "Microsoft-Windows-Sysmon/Operational", 
                "Computer": "None", 
                "Security": {
                    "@UserID": "S-1-5-18"
                }
            }, 
            "EventData": {
                "Data": [
                    {
                        "@Name": "RuleName"
                    }, 
                    {
                        "@Name": "UtcTime", 
                        "#text": "2020-06-16 06:15:16.857"
                    }, 
                    {
                        "@Name": "ProcessGuid", 
                        "#text": "{7EA2F8B5-6034-5EE8-0000-00108E700200}"
                    }, 
                    {
                        "@Name": "ProcessId", 
                        "#text": "340"
                    }, 
                    {
                        "@Name": "Image", 
                        "#text": "C:\\Python27\\pythonw.exe"
                    }, 
                    {
                        "@Name": "User", 
                        "#text": "NONE\\Administrator"
                    }, 
                    {
                        "@Name": "Protocol", 
                        "#text": "tcp"
                    }, 
                    {
                        "@Name": "Initiated", 
                        "#text": "false"
                    }, 
                    {
                        "@Name": "SourceIsIpv6", 
                        "#text": "false"
                    }, 
                    {
                        "@Name": "SourceIp", 
                        "#text": "192.168.168.201"
                    }, 
                    {
                        "@Name": "SourceHostname", 
                        "#text": "None"
                    }, 
                    {
                        "@Name": "SourcePort", 
                        "#text": "8000"
                    }, 
                    {
                        "@Name": "SourcePortName"
                    }, 
                    {
                        "@Name": "DestinationIsIpv6", 
                        "#text": "false"
                    }, 
                    {
                        "@Name": "DestinationIp", 
                        "#text": "192.168.168.1"
                    }, 
                    {
                        "@Name": "DestinationHostname"
                    }, 
                    {
                        "@Name": "DestinationPort", 
                        "#text": "47676"
                    }, 
                    {
                        "@Name": "DestinationPortName"
                    }
                ]
            }
        }, 
        {
            "@xmlns": "http://schemas.microsoft.com/win/2004/08/events/event", 
            "System": {
                "Provider": {
                    "@Name": "Microsoft-Windows-Sysmon", 
                    "@Guid": "{5770385F-C22A-43E0-BF4C-06F5698FFBD9}"
                }, 
                "EventID": "3", 
                "Version": "5", 
                "Level": "4", 
                "Task": "3", 
                "Opcode": "0", 
                "Keywords": "0x8000000000000000", 
                "TimeCreated": {
                    "@SystemTime": "2022-02-15T18:42:11.515625000Z"
                }, 
                "EventRecordID": "9504", 
                "Correlation": null, 
                "Execution": {
                    "@ProcessID": "1240", 
                    "@ThreadID": "1848"
                }, 
                "Channel": "Microsoft-Windows-Sysmon/Operational", 
                "Computer": "None", 
                "Security": {
                    "@UserID": "S-1-5-18"
                }
            }, 
            "EventData": {
                "Data": [
                    {
                        "@Name": "RuleName"
                    }, 
                    {
                        "@Name": "UtcTime", 
                        "#text": "2020-06-16 06:15:15.603"
                    }, 
                    {
                        "@Name": "ProcessGuid", 
                        "#text": "{7EA2F8B5-6032-5EE8-0000-00103B2F0100}"
                    }, 
                    {
                        "@Name": "ProcessId", 
                        "#text": "1240"
                    }, 
                    {
                        "@Name": "Image", 
                        "#text": "C:\\Windows\\sysmon.exe"
                    }, 
                    {
                        "@Name": "User", 
                        "#text": "NT AUTHORITY\\SYSTEM"
                    }, 
                    {
                        "@Name": "Protocol", 
                        "#text": "tcp"
                    }, 
                    {
                        "@Name": "Initiated", 
                        "#text": "true"
                    }, 
                    {
                        "@Name": "SourceIsIpv6", 
                        "#text": "false"
                    }, 
                    {
                        "@Name": "SourceIp", 
                        "#text": "192.168.168.201"
                    }, 
                    {
                        "@Name": "SourceHostname", 
                        "#text": "None"
                    }, 
                    {
                        "@Name": "SourcePort", 
                        "#text": "49234"
                    }, 
                    {
                        "@Name": "SourcePortName"
                    }, 
                    {
                        "@Name": "DestinationIsIpv6", 
                        "#text": "false"
                    }, 
                    {
                        "@Name": "DestinationIp", 
                        "#text": "83.255.218.17"
                    }, 
                    {
                        "@Name": "DestinationHostname", 
                        "#text": "c83-255-218-17.bredband.tele2.se"
                    }, 
                    {
                        "@Name": "DestinationPort", 
                        "#text": "80"
                    }, 
                    {
                        "@Name": "DestinationPortName", 
                        "#text": "http"
                    }
                ]
            }
        }, 
        {
            "@xmlns": "http://schemas.microsoft.com/win/2004/08/events/event", 
            "System": {
                "Provider": {
                    "@Name": "Microsoft-Windows-Sysmon", 
                    "@Guid": "{5770385F-C22A-43E0-BF4C-06F5698FFBD9}"
                }, 
                "EventID": "6", 
                "Version": "3", 
                "Level": "4", 
                "Task": "6", 
                "Opcode": "0", 
                "Keywords": "0x8000000000000000", 
                "TimeCreated": {
                    "@SystemTime": "2022-02-15T18:42:11.078125000Z"
                }, 
                "EventRecordID": "9503", 
                "Correlation": null, 
                "Execution": {
                    "@ProcessID": "1240", 
                    "@ThreadID": "1836"
                }, 
                "Channel": "Microsoft-Windows-Sysmon/Operational", 
                "Computer": "None", 
                "Security": {
                    "@UserID": "S-1-5-18"
                }
            }, 
            "EventData": {
                "Data": [
                    {
                        "@Name": "RuleName"
                    }, 
                    {
                        "@Name": "UtcTime", 
                        "#text": "2020-06-16 06:14:58.321"
                    }, 
                    {
                        "@Name": "ImageLoaded", 
                        "#text": "C:\\Windows\\System32\\drivers\\hidusb.sys"
                    }, 
                    {
                        "@Name": "Hashes", 
                        "#text": "SHA1=450F043C54FEBBBC65D99097CC25194FD2071082"
                    }, 
                    {
                        "@Name": "Signed", 
                        "#text": "true"
                    }, 
                    {
                        "@Name": "Signature", 
                        "#text": "Microsoft Windows"
                    }, 
                    {
                        "@Name": "SignatureStatus", 
                        "#text": "Valid"
                    }
                ]
            }
        }, 
        {
            "@xmlns": "http://schemas.microsoft.com/win/2004/08/events/event", 
            "System": {
                "Provider": {
                    "@Name": "Microsoft-Windows-Sysmon", 
                    "@Guid": "{5770385F-C22A-43E0-BF4C-06F5698FFBD9}"
                }, 
                "EventID": "6", 
                "Version": "3", 
                "Level": "4", 
                "Task": "6", 
                "Opcode": "0", 
                "Keywords": "0x8000000000000000", 
                "TimeCreated": {
                    "@SystemTime": "2022-02-15T18:42:11.062500000Z"
                }, 
                "EventRecordID": "9502", 
                "Correlation": null, 
                "Execution": {
                    "@ProcessID": "1240", 
                    "@ThreadID": "1836"
                }, 
                "Channel": "Microsoft-Windows-Sysmon/Operational", 
                "Computer": "None", 
                "Security": {
                    "@UserID": "S-1-5-18"
                }
            }, 
            "EventData": {
                "Data": [
                    {
                        "@Name": "RuleName"
                    }, 
                    {
                        "@Name": "UtcTime", 
                        "#text": "2020-06-16 06:14:58.305"
                    }, 
                    {
                        "@Name": "ImageLoaded", 
                        "#text": "C:\\Windows\\System32\\drivers\\hidclass.sys"
                    }, 
                    {
                        "@Name": "Hashes", 
                        "#text": "SHA1=4EE84E0D314DC77D22B8E00166B7D6744B98B10A"
                    }, 
                    {
                        "@Name": "Signed", 
                        "#text": "true"
                    }, 
                    {
                        "@Name": "Signature", 
                        "#text": "Microsoft Windows"
                    }, 
                    {
                        "@Name": "SignatureStatus", 
                        "#text": "Valid"
                    }
                ]
            }
        }, 
        {
            "@xmlns": "http://schemas.microsoft.com/win/2004/08/events/event", 
            "System": {
                "Provider": {
                    "@Name": "Microsoft-Windows-Sysmon", 
                    "@Guid": "{5770385F-C22A-43E0-BF4C-06F5698FFBD9}"
                }, 
                "EventID": "3", 
                "Version": "5", 
                "Level": "4", 
                "Task": "3", 
                "Opcode": "0", 
                "Keywords": "0x8000000000000000", 
                "TimeCreated": {
                    "@SystemTime": "2022-02-15T18:42:07.515625000Z"
                }, 
                "EventRecordID": "9501", 
                "Correlation": null, 
                "Execution": {
                    "@ProcessID": "1240", 
                    "@ThreadID": "1848"
                }, 
                "Channel": "Microsoft-Windows-Sysmon/Operational", 
                "Computer": "None", 
                "Security": {
                    "@UserID": "S-1-5-18"
                }
            }, 
            "EventData": {
                "Data": [
                    {
                        "@Name": "RuleName"
                    }, 
                    {
                        "@Name": "UtcTime", 
                        "#text": "2020-06-16 06:15:14.478"
                    }, 
                    {
                        "@Name": "ProcessGuid", 
                        "#text": "{7EA2F8B5-6368-5EE8-0000-0010CA997301}"
                    }, 
                    {
                        "@Name": "ProcessId", 
                        "#text": "1304"
                    }, 
                    {
                        "@Name": "Image", 
                        "#text": "C:\\Python27\\pythonw.exe"
                    }, 
                    {
                        "@Name": "User", 
                        "#text": "NONE\\Administrator"
                    }, 
                    {
                        "@Name": "Protocol", 
                        "#text": "tcp"
                    }, 
                    {
                        "@Name": "Initiated", 
                        "#text": "true"
                    }, 
                    {
                        "@Name": "SourceIsIpv6", 
                        "#text": "false"
                    }, 
                    {
                        "@Name": "SourceIp", 
                        "#text": "192.168.168.201"
                    }, 
                    {
                        "@Name": "SourceHostname", 
                        "#text": "None"
                    }, 
                    {
                        "@Name": "SourcePort", 
                        "#text": "49233"
                    }, 
                    {
                        "@Name": "SourcePortName"
                    }, 
                    {
                        "@Name": "DestinationIsIpv6", 
                        "#text": "false"
                    }, 
                    {
                        "@Name": "DestinationIp", 
                        "#text": "192.168.168.1"
                    }, 
                    {
                        "@Name": "DestinationHostname"
                    }, 
                    {
                        "@Name": "DestinationPort", 
                        "#text": "37707"
                    }, 
                    {
                        "@Name": "DestinationPortName"
                    }
                ]
            }
        }, 
        {
            "@xmlns": "http://schemas.microsoft.com/win/2004/08/events/event", 
            "System": {
                "Provider": {
                    "@Name": "Microsoft-Windows-Sysmon", 
                    "@Guid": "{5770385F-C22A-43E0-BF4C-06F5698FFBD9}"
                }, 
                "EventID": "3", 
                "Version": "5", 
                "Level": "4", 
                "Task": "3", 
                "Opcode": "0", 
                "Keywords": "0x8000000000000000", 
                "TimeCreated": {
                    "@SystemTime": "2022-02-15T18:42:05.765625000Z"
                }, 
                "EventRecordID": "9500", 
                "Correlation": null, 
                "Execution": {
                    "@ProcessID": "1240", 
                    "@ThreadID": "1848"
                }, 
                "Channel": "Microsoft-Windows-Sysmon/Operational", 
                "Computer": "None", 
                "Security": {
                    "@UserID": "S-1-5-18"
                }
            }, 
            "EventData": {
                "Data": [
                    {
                        "@Name": "RuleName"
                    }, 
                    {
                        "@Name": "UtcTime", 
                        "#text": "2020-06-16 06:15:13.842"
                    }, 
                    {
                        "@Name": "ProcessGuid", 
                        "#text": "{7EA2F8B5-6034-5EE8-0000-00108E700200}"
                    }, 
                    {
                        "@Name": "ProcessId", 
                        "#text": "340"
                    }, 
                    {
                        "@Name": "Image", 
                        "#text": "C:\\Python27\\pythonw.exe"
                    }, 
                    {
                        "@Name": "User", 
                        "#text": "NONE\\Administrator"
                    }, 
                    {
                        "@Name": "Protocol", 
                        "#text": "tcp"
                    }, 
                    {
                        "@Name": "Initiated", 
                        "#text": "false"
                    }, 
                    {
                        "@Name": "SourceIsIpv6", 
                        "#text": "false"
                    }, 
                    {
                        "@Name": "SourceIp", 
                        "#text": "192.168.168.201"
                    }, 
                    {
                        "@Name": "SourceHostname", 
                        "#text": "None"
                    }, 
                    {
                        "@Name": "SourcePort", 
                        "#text": "8000"
                    }, 
                    {
                        "@Name": "SourcePortName"
                    }, 
                    {
                        "@Name": "DestinationIsIpv6", 
                        "#text": "false"
                    }, 
                    {
                        "@Name": "DestinationIp", 
                        "#text": "192.168.168.1"
                    }, 
                    {
                        "@Name": "DestinationHostname"
                    }, 
                    {
                        "@Name": "DestinationPort", 
                        "#text": "47674"
                    }, 
                    {
                        "@Name": "DestinationPortName"
                    }
                ]
            }
        }, 
